[0.010s] Invoking command in '/home/ros/ros_learn/ws01_plumbing/build/cpp02_service': CMAKE_PREFIX_PATH=/home/ros/ros_learn/ws01_plumbing/install/base_interfaces_demo:/home/ros/ros_learn/ws01_plumbing/install/cpp01_topic:/home/ros/ros_learn/ws01_plumbing/install/py01_topic:/opt/ros/humble /usr/bin/cmake /home/ros/ros_learn/ws01_plumbing/src/cpp02_service -DCMAKE_INSTALL_PREFIX=/home/ros/ros_learn/ws01_plumbing/install/cpp02_service
[0.065s] -- The C compiler identification is GNU 11.4.0
[0.113s] -- The CXX compiler identification is GNU 11.4.0
[0.120s] -- Detecting C compiler ABI info
[0.178s] -- Detecting C compiler ABI info - done
[0.183s] -- Check for working C compiler: /usr/bin/cc - skipped
[0.184s] -- Detecting C compile features
[0.184s] -- Detecting C compile features - done
[0.186s] -- Detecting CXX compiler ABI info
[0.250s] -- Detecting CXX compiler ABI info - done
[0.256s] -- Check for working CXX compiler: /usr/bin/c++ - skipped
[0.256s] -- Detecting CXX compile features
[0.256s] -- Detecting CXX compile features - done
[0.259s] -- Found ament_cmake: 1.3.11 (/opt/ros/humble/share/ament_cmake/cmake)
[0.374s] -- Found Python3: /usr/bin/python3 (found version "3.10.12") found components: Interpreter 
[0.447s] -- Found rclcpp: 16.0.11 (/opt/ros/humble/share/rclcpp/cmake)
[0.489s] -- Found rosidl_generator_c: 3.1.6 (/opt/ros/humble/share/rosidl_generator_c/cmake)
[0.494s] -- Found rosidl_adapter: 3.1.6 (/opt/ros/humble/share/rosidl_adapter/cmake)
[0.501s] -- Found rosidl_generator_cpp: 3.1.6 (/opt/ros/humble/share/rosidl_generator_cpp/cmake)
[0.510s] -- Using all available rosidl_typesupport_c: rosidl_typesupport_fastrtps_c;rosidl_typesupport_introspection_c
[0.523s] -- Using all available rosidl_typesupport_cpp: rosidl_typesupport_fastrtps_cpp;rosidl_typesupport_introspection_cpp
[0.565s] -- Found rmw_implementation_cmake: 6.1.2 (/opt/ros/humble/share/rmw_implementation_cmake/cmake)
[0.568s] -- Found rmw_fastrtps_cpp: 6.2.7 (/opt/ros/humble/share/rmw_fastrtps_cpp/cmake)
[0.648s] -- Found OpenSSL: /usr/lib/x86_64-linux-gnu/libcrypto.so (found version "3.0.2")  
[0.671s] -- Found FastRTPS: /opt/ros/humble/include  
[0.711s] -- Using RMW implementation 'rmw_fastrtps_cpp' as default
[0.723s] -- Looking for pthread.h
[0.787s] -- Looking for pthread.h - found
[0.787s] -- Performing Test CMAKE_HAVE_LIBC_PTHREAD
[0.849s] -- Performing Test CMAKE_HAVE_LIBC_PTHREAD - Success
[0.850s] -- Found Threads: TRUE  
[0.897s] -- Found base_interfaces_demo: 0.0.0 (/home/ros/ros_learn/ws01_plumbing/install/base_interfaces_demo/share/base_interfaces_demo/cmake)
[0.908s] [31mCMake Error at CMakeLists.txt:30 (install):
[0.908s]   install TARGETS given target "emo02_client" which does not exist.
[0.908s] 
[0.908s] [0m
[0.909s] -- Found ament_lint_auto: 0.12.11 (/opt/ros/humble/share/ament_lint_auto/cmake)
[0.976s] -- Added test 'cppcheck' to perform static code analysis on C / C++ code
[0.976s] -- Configured cppcheck include dirs: $<BUILD_INTERFACE:/home/ros/ros_learn/ws01_plumbing/src/cpp02_service/include>
[0.976s] -- Configured cppcheck exclude dirs and/or files: 
[0.977s] -- Added test 'lint_cmake' to check CMake code style
[0.978s] -- Added test 'uncrustify' to check C / C++ code style
[0.978s] -- Configured uncrustify additional arguments: 
[0.978s] -- Added test 'xmllint' to check XML markup files
[0.979s] -- Configuring incomplete, errors occurred!
[0.979s] See also "/home/ros/ros_learn/ws01_plumbing/build/cpp02_service/CMakeFiles/CMakeOutput.log".
[0.987s] Invoked command in '/home/ros/ros_learn/ws01_plumbing/build/cpp02_service' returned '1': CMAKE_PREFIX_PATH=/home/ros/ros_learn/ws01_plumbing/install/base_interfaces_demo:/home/ros/ros_learn/ws01_plumbing/install/cpp01_topic:/home/ros/ros_learn/ws01_plumbing/install/py01_topic:/opt/ros/humble /usr/bin/cmake /home/ros/ros_learn/ws01_plumbing/src/cpp02_service -DCMAKE_INSTALL_PREFIX=/home/ros/ros_learn/ws01_plumbing/install/cpp02_service
