[0.010s] Invoking command in '/home/ros/ros_learn/ws01_plumbing/build/cpp01_topic': CMAKE_PREFIX_PATH=/home/ros/ros_learn/ws01_plumbing/install/base_interfaces_demo:/home/ros/ros_learn/ws01_plumbing/install/cpp01_topic:/home/ros/ros_learn/ws01_plumbing/install/py01_topic:/opt/ros/humble /usr/bin/cmake --build /home/ros/ros_learn/ws01_plumbing/build/cpp01_topic -- -j16 -l16
[0.042s] [35m[1mConsolidate compiler generated dependencies of target demo01_talker_str[0m
[0.058s] [100%] Built target demo01_talker_str
[0.068s] Invoked command in '/home/ros/ros_learn/ws01_plumbing/build/cpp01_topic' returned '0': CMAKE_PREFIX_PATH=/home/ros/ros_learn/ws01_plumbing/install/base_interfaces_demo:/home/ros/ros_learn/ws01_plumbing/install/cpp01_topic:/home/ros/ros_learn/ws01_plumbing/install/py01_topic:/opt/ros/humble /usr/bin/cmake --build /home/ros/ros_learn/ws01_plumbing/build/cpp01_topic -- -j16 -l16
[0.077s] Invoking command in '/home/ros/ros_learn/ws01_plumbing/build/cpp01_topic': CMAKE_PREFIX_PATH=/home/ros/ros_learn/ws01_plumbing/install/base_interfaces_demo:/home/ros/ros_learn/ws01_plumbing/install/cpp01_topic:/home/ros/ros_learn/ws01_plumbing/install/py01_topic:/opt/ros/humble /usr/bin/cmake --install /home/ros/ros_learn/ws01_plumbing/build/cpp01_topic
[0.084s] -- Install configuration: ""
[0.084s] -- Up-to-date: /home/ros/ros_learn/ws01_plumbing/install/cpp01_topic/lib/cpp01_topic/demo01_talker_str
[0.084s] -- Up-to-date: /home/ros/ros_learn/ws01_plumbing/install/cpp01_topic/share/ament_index/resource_index/package_run_dependencies/cpp01_topic
[0.084s] -- Up-to-date: /home/ros/ros_learn/ws01_plumbing/install/cpp01_topic/share/ament_index/resource_index/parent_prefix_path/cpp01_topic
[0.084s] -- Up-to-date: /home/ros/ros_learn/ws01_plumbing/install/cpp01_topic/share/cpp01_topic/environment/ament_prefix_path.sh
[0.084s] -- Up-to-date: /home/ros/ros_learn/ws01_plumbing/install/cpp01_topic/share/cpp01_topic/environment/ament_prefix_path.dsv
[0.084s] -- Up-to-date: /home/ros/ros_learn/ws01_plumbing/install/cpp01_topic/share/cpp01_topic/environment/path.sh
[0.084s] -- Up-to-date: /home/ros/ros_learn/ws01_plumbing/install/cpp01_topic/share/cpp01_topic/environment/path.dsv
[0.084s] -- Up-to-date: /home/ros/ros_learn/ws01_plumbing/install/cpp01_topic/share/cpp01_topic/local_setup.bash
[0.084s] -- Up-to-date: /home/ros/ros_learn/ws01_plumbing/install/cpp01_topic/share/cpp01_topic/local_setup.sh
[0.085s] -- Up-to-date: /home/ros/ros_learn/ws01_plumbing/install/cpp01_topic/share/cpp01_topic/local_setup.zsh
[0.085s] -- Up-to-date: /home/ros/ros_learn/ws01_plumbing/install/cpp01_topic/share/cpp01_topic/local_setup.dsv
[0.085s] -- Installing: /home/ros/ros_learn/ws01_plumbing/install/cpp01_topic/share/cpp01_topic/package.dsv
[0.085s] -- Up-to-date: /home/ros/ros_learn/ws01_plumbing/install/cpp01_topic/share/ament_index/resource_index/packages/cpp01_topic
[0.085s] -- Up-to-date: /home/ros/ros_learn/ws01_plumbing/install/cpp01_topic/share/cpp01_topic/cmake/cpp01_topicConfig.cmake
[0.085s] -- Up-to-date: /home/ros/ros_learn/ws01_plumbing/install/cpp01_topic/share/cpp01_topic/cmake/cpp01_topicConfig-version.cmake
[0.085s] -- Up-to-date: /home/ros/ros_learn/ws01_plumbing/install/cpp01_topic/share/cpp01_topic/package.xml
[0.086s] Invoked command in '/home/ros/ros_learn/ws01_plumbing/build/cpp01_topic' returned '0': CMAKE_PREFIX_PATH=/home/ros/ros_learn/ws01_plumbing/install/base_interfaces_demo:/home/ros/ros_learn/ws01_plumbing/install/cpp01_topic:/home/ros/ros_learn/ws01_plumbing/install/py01_topic:/opt/ros/humble /usr/bin/cmake --install /home/ros/ros_learn/ws01_plumbing/build/cpp01_topic
