[0.010s] Invoking command in '/home/ros/ros_learn/ws01_plumbing/build/cpp02_service': CMAKE_PREFIX_PATH=/home/ros/ros_learn/ws01_plumbing/install/base_interfaces_demo:/home/ros/ros_learn/ws01_plumbing/install/cpp01_topic:/home/ros/ros_learn/ws01_plumbing/install/py01_topic:/opt/ros/humble /usr/bin/cmake /home/ros/ros_learn/ws01_plumbing/src/cpp02_service -DCMAKE_INSTALL_PREFIX=/home/ros/ros_learn/ws01_plumbing/install/cpp02_service
[0.022s] -- Found ament_cmake: 1.3.11 (/opt/ros/humble/share/ament_cmake/cmake)
[0.115s] -- Found rclcpp: 16.0.11 (/opt/ros/humble/share/rclcpp/cmake)
[0.136s] -- Found rosidl_generator_c: 3.1.6 (/opt/ros/humble/share/rosidl_generator_c/cmake)
[0.138s] -- Found rosidl_adapter: 3.1.6 (/opt/ros/humble/share/rosidl_adapter/cmake)
[0.142s] -- Found rosidl_generator_cpp: 3.1.6 (/opt/ros/humble/share/rosidl_generator_cpp/cmake)
[0.149s] -- Using all available rosidl_typesupport_c: rosidl_typesupport_fastrtps_c;rosidl_typesupport_introspection_c
[0.158s] -- Using all available rosidl_typesupport_cpp: rosidl_typesupport_fastrtps_cpp;rosidl_typesupport_introspection_cpp
[0.182s] -- Found rmw_implementation_cmake: 6.1.2 (/opt/ros/humble/share/rmw_implementation_cmake/cmake)
[0.183s] -- Found rmw_fastrtps_cpp: 6.2.7 (/opt/ros/humble/share/rmw_fastrtps_cpp/cmake)
[0.265s] -- Using RMW implementation 'rmw_fastrtps_cpp' as default
[0.300s] -- Found base_interfaces_demo: 0.0.0 (/home/ros/ros_learn/ws01_plumbing/install/base_interfaces_demo/share/base_interfaces_demo/cmake)
[0.307s] -- Found ament_lint_auto: 0.12.11 (/opt/ros/humble/share/ament_lint_auto/cmake)
[0.358s] -- Added test 'cppcheck' to perform static code analysis on C / C++ code
[0.358s] -- Configured cppcheck include dirs: $<BUILD_INTERFACE:/home/ros/ros_learn/ws01_plumbing/src/cpp02_service/include>
[0.358s] -- Configured cppcheck exclude dirs and/or files: 
[0.358s] -- Added test 'lint_cmake' to check CMake code style
[0.359s] -- Added test 'uncrustify' to check C / C++ code style
[0.359s] -- Configured uncrustify additional arguments: 
[0.359s] -- Added test 'xmllint' to check XML markup files
[0.360s] -- Configuring done
[0.363s] [31mCMake Error at CMakeLists.txt:14 (add_executable):
[0.363s]   Cannot find source file:
[0.363s] 
[0.363s]     src/demo02_client.cpp
[0.363s] 
[0.363s]   Tried extensions .c .C .c++ .cc .cpp .cxx .cu .mpp .m .M .mm .ixx .cppm .h
[0.363s]   .hh .h++ .hm .hpp .hxx .in .txx .f .F .for .f77 .f90 .f95 .f03 .hip .ispc
[0.363s] 
[0.363s] [0m
[0.363s] [31mCMake Error at CMakeLists.txt:14 (add_executable):
[0.363s]   No SOURCES given to target: demo02_client
[0.363s] 
[0.364s] [0m
[0.364s] [0mCMake Generate step failed.  Build files cannot be regenerated correctly.[0m
[0.369s] Invoked command in '/home/ros/ros_learn/ws01_plumbing/build/cpp02_service' returned '1': CMAKE_PREFIX_PATH=/home/ros/ros_learn/ws01_plumbing/install/base_interfaces_demo:/home/ros/ros_learn/ws01_plumbing/install/cpp01_topic:/home/ros/ros_learn/ws01_plumbing/install/py01_topic:/opt/ros/humble /usr/bin/cmake /home/ros/ros_learn/ws01_plumbing/src/cpp02_service -DCMAKE_INSTALL_PREFIX=/home/ros/ros_learn/ws01_plumbing/install/cpp02_service
