[0.086s] DEBUG:colcon:Command line arguments: ['/usr/bin/colcon', 'build', '--packages-select', 'cpp03_action']
[0.086s] DEBUG:colcon:Parsed command line arguments: Namespace(log_base=None, log_level=None, verb_name='build', build_base='build', install_base='install', merge_install=False, symlink_install=False, test_result_base=None, continue_on_error=False, executor='parallel', parallel_workers=16, event_handlers=None, ignore_user_meta=False, metas=['./colcon.meta'], base_paths=['.'], packages_ignore=None, packages_ignore_regex=None, paths=None, packages_up_to=None, packages_up_to_regex=None, packages_above=None, packages_above_and_dependencies=None, packages_above_depth=None, packages_select_by_dep=None, packages_skip_by_dep=None, packages_skip_up_to=None, packages_select_build_failed=False, packages_skip_build_finished=False, packages_select_test_failures=False, packages_skip_test_passed=False, packages_select=['cpp03_action'], packages_skip=None, packages_select_regex=None, packages_skip_regex=None, packages_start=None, packages_end=None, allow_overriding=[], cmake_args=None, cmake_target=None, cmake_target_skip_unavailable=False, cmake_clean_cache=False, cmake_clean_first=False, cmake_force_configure=False, ament_cmake_args=None, catkin_cmake_args=None, catkin_skip_building_tests=False, verb_parser=<colcon_defaults.argument_parser.defaults.DefaultArgumentsDecorator object at 0x777b91d0b940>, verb_extension=<colcon_core.verb.build.BuildVerb object at 0x777b91ec4ee0>, main=<bound method BuildVerb.main of <colcon_core.verb.build.BuildVerb object at 0x777b91ec4ee0>>)
[0.213s] Level 1:colcon.colcon_core.package_discovery:discover_packages(colcon_meta) check parameters
[0.213s] Level 1:colcon.colcon_core.package_discovery:discover_packages(recursive) check parameters
[0.213s] Level 1:colcon.colcon_core.package_discovery:discover_packages(ignore) check parameters
[0.213s] Level 1:colcon.colcon_core.package_discovery:discover_packages(path) check parameters
[0.213s] Level 1:colcon.colcon_core.package_discovery:discover_packages(colcon_meta) discover
[0.213s] Level 1:colcon.colcon_core.package_discovery:discover_packages(recursive) discover
[0.213s] INFO:colcon.colcon_core.package_discovery:Crawling recursively for packages in '/home/ros/ros_learn/ws01_plumbing'
[0.213s] Level 1:colcon.colcon_core.package_identification:_identify(.) by extensions ['ignore', 'ignore_ament_install']
[0.213s] Level 1:colcon.colcon_core.package_identification:_identify(.) by extension 'ignore'
[0.213s] Level 1:colcon.colcon_core.package_identification:_identify(.) by extension 'ignore_ament_install'
[0.213s] Level 1:colcon.colcon_core.package_identification:_identify(.) by extensions ['colcon_pkg']
[0.213s] Level 1:colcon.colcon_core.package_identification:_identify(.) by extension 'colcon_pkg'
[0.213s] Level 1:colcon.colcon_core.package_identification:_identify(.) by extensions ['colcon_meta']
[0.213s] Level 1:colcon.colcon_core.package_identification:_identify(.) by extension 'colcon_meta'
[0.213s] Level 1:colcon.colcon_core.package_identification:_identify(.) by extensions ['ros']
[0.213s] Level 1:colcon.colcon_core.package_identification:_identify(.) by extension 'ros'
[0.223s] Level 1:colcon.colcon_core.package_identification:_identify(.) by extensions ['cmake', 'python']
[0.223s] Level 1:colcon.colcon_core.package_identification:_identify(.) by extension 'cmake'
[0.223s] Level 1:colcon.colcon_core.package_identification:_identify(.) by extension 'python'
[0.223s] Level 1:colcon.colcon_core.package_identification:_identify(.) by extensions ['python_setup_py']
[0.223s] Level 1:colcon.colcon_core.package_identification:_identify(.) by extension 'python_setup_py'
[0.224s] Level 1:colcon.colcon_core.package_identification:_identify(build) by extensions ['ignore', 'ignore_ament_install']
[0.224s] Level 1:colcon.colcon_core.package_identification:_identify(build) by extension 'ignore'
[0.224s] Level 1:colcon.colcon_core.package_identification:_identify(build) ignored
[0.224s] Level 1:colcon.colcon_core.package_identification:_identify(install) by extensions ['ignore', 'ignore_ament_install']
[0.224s] Level 1:colcon.colcon_core.package_identification:_identify(install) by extension 'ignore'
[0.224s] Level 1:colcon.colcon_core.package_identification:_identify(install) ignored
[0.224s] Level 1:colcon.colcon_core.package_identification:_identify(log) by extensions ['ignore', 'ignore_ament_install']
[0.224s] Level 1:colcon.colcon_core.package_identification:_identify(log) by extension 'ignore'
[0.224s] Level 1:colcon.colcon_core.package_identification:_identify(log) ignored
[0.224s] Level 1:colcon.colcon_core.package_identification:_identify(src) by extensions ['ignore', 'ignore_ament_install']
[0.224s] Level 1:colcon.colcon_core.package_identification:_identify(src) by extension 'ignore'
[0.224s] Level 1:colcon.colcon_core.package_identification:_identify(src) by extension 'ignore_ament_install'
[0.224s] Level 1:colcon.colcon_core.package_identification:_identify(src) by extensions ['colcon_pkg']
[0.224s] Level 1:colcon.colcon_core.package_identification:_identify(src) by extension 'colcon_pkg'
[0.224s] Level 1:colcon.colcon_core.package_identification:_identify(src) by extensions ['colcon_meta']
[0.224s] Level 1:colcon.colcon_core.package_identification:_identify(src) by extension 'colcon_meta'
[0.225s] Level 1:colcon.colcon_core.package_identification:_identify(src) by extensions ['ros']
[0.225s] Level 1:colcon.colcon_core.package_identification:_identify(src) by extension 'ros'
[0.225s] Level 1:colcon.colcon_core.package_identification:_identify(src) by extensions ['cmake', 'python']
[0.225s] Level 1:colcon.colcon_core.package_identification:_identify(src) by extension 'cmake'
[0.225s] Level 1:colcon.colcon_core.package_identification:_identify(src) by extension 'python'
[0.225s] Level 1:colcon.colcon_core.package_identification:_identify(src) by extensions ['python_setup_py']
[0.225s] Level 1:colcon.colcon_core.package_identification:_identify(src) by extension 'python_setup_py'
[0.225s] Level 1:colcon.colcon_core.package_identification:_identify(src/base_interfaces_demo) by extensions ['ignore', 'ignore_ament_install']
[0.225s] Level 1:colcon.colcon_core.package_identification:_identify(src/base_interfaces_demo) by extension 'ignore'
[0.225s] Level 1:colcon.colcon_core.package_identification:_identify(src/base_interfaces_demo) by extension 'ignore_ament_install'
[0.225s] Level 1:colcon.colcon_core.package_identification:_identify(src/base_interfaces_demo) by extensions ['colcon_pkg']
[0.225s] Level 1:colcon.colcon_core.package_identification:_identify(src/base_interfaces_demo) by extension 'colcon_pkg'
[0.225s] Level 1:colcon.colcon_core.package_identification:_identify(src/base_interfaces_demo) by extensions ['colcon_meta']
[0.225s] Level 1:colcon.colcon_core.package_identification:_identify(src/base_interfaces_demo) by extension 'colcon_meta'
[0.225s] Level 1:colcon.colcon_core.package_identification:_identify(src/base_interfaces_demo) by extensions ['ros']
[0.225s] Level 1:colcon.colcon_core.package_identification:_identify(src/base_interfaces_demo) by extension 'ros'
[0.227s] DEBUG:colcon.colcon_core.package_identification:Package 'src/base_interfaces_demo' with type 'ros.ament_cmake' and name 'base_interfaces_demo'
[0.227s] Level 1:colcon.colcon_core.package_identification:_identify(src/cpp01_topic) by extensions ['ignore', 'ignore_ament_install']
[0.227s] Level 1:colcon.colcon_core.package_identification:_identify(src/cpp01_topic) by extension 'ignore'
[0.227s] Level 1:colcon.colcon_core.package_identification:_identify(src/cpp01_topic) by extension 'ignore_ament_install'
[0.227s] Level 1:colcon.colcon_core.package_identification:_identify(src/cpp01_topic) by extensions ['colcon_pkg']
[0.227s] Level 1:colcon.colcon_core.package_identification:_identify(src/cpp01_topic) by extension 'colcon_pkg'
[0.227s] Level 1:colcon.colcon_core.package_identification:_identify(src/cpp01_topic) by extensions ['colcon_meta']
[0.228s] Level 1:colcon.colcon_core.package_identification:_identify(src/cpp01_topic) by extension 'colcon_meta'
[0.228s] Level 1:colcon.colcon_core.package_identification:_identify(src/cpp01_topic) by extensions ['ros']
[0.228s] Level 1:colcon.colcon_core.package_identification:_identify(src/cpp01_topic) by extension 'ros'
[0.228s] DEBUG:colcon.colcon_core.package_identification:Package 'src/cpp01_topic' with type 'ros.ament_cmake' and name 'cpp01_topic'
[0.228s] Level 1:colcon.colcon_core.package_identification:_identify(src/cpp02_service) by extensions ['ignore', 'ignore_ament_install']
[0.228s] Level 1:colcon.colcon_core.package_identification:_identify(src/cpp02_service) by extension 'ignore'
[0.228s] Level 1:colcon.colcon_core.package_identification:_identify(src/cpp02_service) by extension 'ignore_ament_install'
[0.228s] Level 1:colcon.colcon_core.package_identification:_identify(src/cpp02_service) by extensions ['colcon_pkg']
[0.228s] Level 1:colcon.colcon_core.package_identification:_identify(src/cpp02_service) by extension 'colcon_pkg'
[0.228s] Level 1:colcon.colcon_core.package_identification:_identify(src/cpp02_service) by extensions ['colcon_meta']
[0.228s] Level 1:colcon.colcon_core.package_identification:_identify(src/cpp02_service) by extension 'colcon_meta'
[0.228s] Level 1:colcon.colcon_core.package_identification:_identify(src/cpp02_service) by extensions ['ros']
[0.229s] Level 1:colcon.colcon_core.package_identification:_identify(src/cpp02_service) by extension 'ros'
[0.229s] DEBUG:colcon.colcon_core.package_identification:Package 'src/cpp02_service' with type 'ros.ament_cmake' and name 'cpp02_service'
[0.229s] Level 1:colcon.colcon_core.package_identification:_identify(src/cpp03_action) by extensions ['ignore', 'ignore_ament_install']
[0.229s] Level 1:colcon.colcon_core.package_identification:_identify(src/cpp03_action) by extension 'ignore'
[0.229s] Level 1:colcon.colcon_core.package_identification:_identify(src/cpp03_action) by extension 'ignore_ament_install'
[0.229s] Level 1:colcon.colcon_core.package_identification:_identify(src/cpp03_action) by extensions ['colcon_pkg']
[0.229s] Level 1:colcon.colcon_core.package_identification:_identify(src/cpp03_action) by extension 'colcon_pkg'
[0.229s] Level 1:colcon.colcon_core.package_identification:_identify(src/cpp03_action) by extensions ['colcon_meta']
[0.229s] Level 1:colcon.colcon_core.package_identification:_identify(src/cpp03_action) by extension 'colcon_meta'
[0.229s] Level 1:colcon.colcon_core.package_identification:_identify(src/cpp03_action) by extensions ['ros']
[0.229s] Level 1:colcon.colcon_core.package_identification:_identify(src/cpp03_action) by extension 'ros'
[0.230s] DEBUG:colcon.colcon_core.package_identification:Package 'src/cpp03_action' with type 'ros.ament_cmake' and name 'cpp03_action'
[0.230s] Level 1:colcon.colcon_core.package_identification:_identify(src/py01_topic) by extensions ['ignore', 'ignore_ament_install']
[0.230s] Level 1:colcon.colcon_core.package_identification:_identify(src/py01_topic) by extension 'ignore'
[0.230s] Level 1:colcon.colcon_core.package_identification:_identify(src/py01_topic) by extension 'ignore_ament_install'
[0.230s] Level 1:colcon.colcon_core.package_identification:_identify(src/py01_topic) by extensions ['colcon_pkg']
[0.230s] Level 1:colcon.colcon_core.package_identification:_identify(src/py01_topic) by extension 'colcon_pkg'
[0.230s] Level 1:colcon.colcon_core.package_identification:_identify(src/py01_topic) by extensions ['colcon_meta']
[0.230s] Level 1:colcon.colcon_core.package_identification:_identify(src/py01_topic) by extension 'colcon_meta'
[0.230s] Level 1:colcon.colcon_core.package_identification:_identify(src/py01_topic) by extensions ['ros']
[0.230s] Level 1:colcon.colcon_core.package_identification:_identify(src/py01_topic) by extension 'ros'
[0.231s] DEBUG:colcon.colcon_core.package_identification:Package 'src/py01_topic' with type 'ros.ament_python' and name 'py01_topic'
[0.231s] Level 1:colcon.colcon_core.package_identification:_identify(src/py02_service) by extensions ['ignore', 'ignore_ament_install']
[0.231s] Level 1:colcon.colcon_core.package_identification:_identify(src/py02_service) by extension 'ignore'
[0.231s] Level 1:colcon.colcon_core.package_identification:_identify(src/py02_service) by extension 'ignore_ament_install'
[0.231s] Level 1:colcon.colcon_core.package_identification:_identify(src/py02_service) by extensions ['colcon_pkg']
[0.231s] Level 1:colcon.colcon_core.package_identification:_identify(src/py02_service) by extension 'colcon_pkg'
[0.231s] Level 1:colcon.colcon_core.package_identification:_identify(src/py02_service) by extensions ['colcon_meta']
[0.231s] Level 1:colcon.colcon_core.package_identification:_identify(src/py02_service) by extension 'colcon_meta'
[0.231s] Level 1:colcon.colcon_core.package_identification:_identify(src/py02_service) by extensions ['ros']
[0.231s] Level 1:colcon.colcon_core.package_identification:_identify(src/py02_service) by extension 'ros'
[0.232s] DEBUG:colcon.colcon_core.package_identification:Package 'src/py02_service' with type 'ros.ament_python' and name 'py02_service'
[0.232s] Level 1:colcon.colcon_core.package_identification:_identify(src/py03_action) by extensions ['ignore', 'ignore_ament_install']
[0.232s] Level 1:colcon.colcon_core.package_identification:_identify(src/py03_action) by extension 'ignore'
[0.232s] Level 1:colcon.colcon_core.package_identification:_identify(src/py03_action) by extension 'ignore_ament_install'
[0.232s] Level 1:colcon.colcon_core.package_identification:_identify(src/py03_action) by extensions ['colcon_pkg']
[0.232s] Level 1:colcon.colcon_core.package_identification:_identify(src/py03_action) by extension 'colcon_pkg'
[0.232s] Level 1:colcon.colcon_core.package_identification:_identify(src/py03_action) by extensions ['colcon_meta']
[0.232s] Level 1:colcon.colcon_core.package_identification:_identify(src/py03_action) by extension 'colcon_meta'
[0.232s] Level 1:colcon.colcon_core.package_identification:_identify(src/py03_action) by extensions ['ros']
[0.232s] Level 1:colcon.colcon_core.package_identification:_identify(src/py03_action) by extension 'ros'
[0.233s] DEBUG:colcon.colcon_core.package_identification:Package 'src/py03_action' with type 'ros.ament_python' and name 'py03_action'
[0.233s] Level 1:colcon.colcon_core.package_discovery:discover_packages(recursive) using defaults
[0.233s] Level 1:colcon.colcon_core.package_discovery:discover_packages(ignore) discover
[0.233s] Level 1:colcon.colcon_core.package_discovery:discover_packages(ignore) using defaults
[0.233s] Level 1:colcon.colcon_core.package_discovery:discover_packages(path) discover
[0.233s] Level 1:colcon.colcon_core.package_discovery:discover_packages(path) using defaults
[0.250s] INFO:colcon.colcon_core.package_selection:Skipping not selected package 'base_interfaces_demo' in 'src/base_interfaces_demo'
[0.250s] INFO:colcon.colcon_core.package_selection:Skipping not selected package 'cpp01_topic' in 'src/cpp01_topic'
[0.250s] INFO:colcon.colcon_core.package_selection:Skipping not selected package 'cpp02_service' in 'src/cpp02_service'
[0.250s] INFO:colcon.colcon_core.package_selection:Skipping not selected package 'py01_topic' in 'src/py01_topic'
[0.250s] INFO:colcon.colcon_core.package_selection:Skipping not selected package 'py02_service' in 'src/py02_service'
[0.250s] INFO:colcon.colcon_core.package_selection:Skipping not selected package 'py03_action' in 'src/py03_action'
[0.250s] Level 1:colcon.colcon_core.package_discovery:discover_packages(prefix_path) check parameters
[0.250s] Level 1:colcon.colcon_core.package_discovery:discover_packages(prefix_path) discover
[0.252s] DEBUG:colcon.colcon_installed_package_information.package_discovery:Found 6 installed packages in /home/ros/ros_learn/ws01_plumbing/install
[0.253s] DEBUG:colcon.colcon_installed_package_information.package_discovery:Found 270 installed packages in /opt/ros/humble
[0.255s] Level 1:colcon.colcon_core.package_discovery:discover_packages(prefix_path) using defaults
[0.299s] Level 5:colcon.colcon_core.verb:set package 'cpp03_action' build argument 'cmake_args' from command line to 'None'
[0.299s] Level 5:colcon.colcon_core.verb:set package 'cpp03_action' build argument 'cmake_target' from command line to 'None'
[0.299s] Level 5:colcon.colcon_core.verb:set package 'cpp03_action' build argument 'cmake_target_skip_unavailable' from command line to 'False'
[0.299s] Level 5:colcon.colcon_core.verb:set package 'cpp03_action' build argument 'cmake_clean_cache' from command line to 'False'
[0.299s] Level 5:colcon.colcon_core.verb:set package 'cpp03_action' build argument 'cmake_clean_first' from command line to 'False'
[0.299s] Level 5:colcon.colcon_core.verb:set package 'cpp03_action' build argument 'cmake_force_configure' from command line to 'False'
[0.299s] Level 5:colcon.colcon_core.verb:set package 'cpp03_action' build argument 'ament_cmake_args' from command line to 'None'
[0.299s] Level 5:colcon.colcon_core.verb:set package 'cpp03_action' build argument 'catkin_cmake_args' from command line to 'None'
[0.299s] Level 5:colcon.colcon_core.verb:set package 'cpp03_action' build argument 'catkin_skip_building_tests' from command line to 'False'
[0.299s] DEBUG:colcon.colcon_core.verb:Building package 'cpp03_action' with the following arguments: {'ament_cmake_args': None, 'build_base': '/home/ros/ros_learn/ws01_plumbing/build/cpp03_action', 'catkin_cmake_args': None, 'catkin_skip_building_tests': False, 'cmake_args': None, 'cmake_clean_cache': False, 'cmake_clean_first': False, 'cmake_force_configure': False, 'cmake_target': None, 'cmake_target_skip_unavailable': False, 'install_base': '/home/ros/ros_learn/ws01_plumbing/install/cpp03_action', 'merge_install': False, 'path': '/home/ros/ros_learn/ws01_plumbing/src/cpp03_action', 'symlink_install': False, 'test_result_base': None}
[0.300s] INFO:colcon.colcon_core.executor:Executing jobs using 'parallel' executor
[0.301s] DEBUG:colcon.colcon_parallel_executor.executor.parallel:run_until_complete
[0.301s] INFO:colcon.colcon_ros.task.ament_cmake.build:Building ROS package in '/home/ros/ros_learn/ws01_plumbing/src/cpp03_action' with build type 'ament_cmake'
[0.301s] INFO:colcon.colcon_cmake.task.cmake.build:Building CMake package in '/home/ros/ros_learn/ws01_plumbing/src/cpp03_action'
[0.303s] INFO:colcon.colcon_core.plugin_system:Skipping extension 'colcon_core.shell.bat': Not used on non-Windows systems
[0.303s] INFO:colcon.colcon_core.shell:Skip shell extension 'powershell' for command environment: Not usable outside of PowerShell
[0.303s] DEBUG:colcon.colcon_core.shell:Skip shell extension 'dsv' for command environment
[0.314s] DEBUG:colcon.colcon_core.event_handler.log_command:Invoking command in '/home/ros/ros_learn/ws01_plumbing/build/cpp03_action': CMAKE_PREFIX_PATH=/home/ros/ros_learn/ws01_plumbing/install/base_interfaces_demo:/home/ros/ros_learn/ws01_plumbing/install/cpp03_action:/home/ros/ros_learn/ws01_plumbing/install/cpp02_service:/home/ros/ros_learn/ws01_plumbing/install/cpp01_topic:/home/ros/ros_learn/ws01_plumbing/install/py02_service:/home/ros/ros_learn/ws01_plumbing/install/py01_topic:/opt/ros/humble /usr/bin/cmake --build /home/ros/ros_learn/ws01_plumbing/build/cpp03_action -- -j16 -l16
[3.844s] DEBUG:colcon.colcon_core.event_handler.log_command:Invoked command in '/home/ros/ros_learn/ws01_plumbing/build/cpp03_action' returned '0': CMAKE_PREFIX_PATH=/home/ros/ros_learn/ws01_plumbing/install/base_interfaces_demo:/home/ros/ros_learn/ws01_plumbing/install/cpp03_action:/home/ros/ros_learn/ws01_plumbing/install/cpp02_service:/home/ros/ros_learn/ws01_plumbing/install/cpp01_topic:/home/ros/ros_learn/ws01_plumbing/install/py02_service:/home/ros/ros_learn/ws01_plumbing/install/py01_topic:/opt/ros/humble /usr/bin/cmake --build /home/ros/ros_learn/ws01_plumbing/build/cpp03_action -- -j16 -l16
[3.854s] DEBUG:colcon.colcon_core.event_handler.log_command:Invoking command in '/home/ros/ros_learn/ws01_plumbing/build/cpp03_action': CMAKE_PREFIX_PATH=/home/ros/ros_learn/ws01_plumbing/install/base_interfaces_demo:/home/ros/ros_learn/ws01_plumbing/install/cpp03_action:/home/ros/ros_learn/ws01_plumbing/install/cpp02_service:/home/ros/ros_learn/ws01_plumbing/install/cpp01_topic:/home/ros/ros_learn/ws01_plumbing/install/py02_service:/home/ros/ros_learn/ws01_plumbing/install/py01_topic:/opt/ros/humble /usr/bin/cmake --install /home/ros/ros_learn/ws01_plumbing/build/cpp03_action
[3.864s] Level 1:colcon.colcon_core.environment:create_environment_scripts_only(cpp03_action)
[3.864s] DEBUG:colcon.colcon_core.event_handler.log_command:Invoked command in '/home/ros/ros_learn/ws01_plumbing/build/cpp03_action' returned '0': CMAKE_PREFIX_PATH=/home/ros/ros_learn/ws01_plumbing/install/base_interfaces_demo:/home/ros/ros_learn/ws01_plumbing/install/cpp03_action:/home/ros/ros_learn/ws01_plumbing/install/cpp02_service:/home/ros/ros_learn/ws01_plumbing/install/cpp01_topic:/home/ros/ros_learn/ws01_plumbing/install/py02_service:/home/ros/ros_learn/ws01_plumbing/install/py01_topic:/opt/ros/humble /usr/bin/cmake --install /home/ros/ros_learn/ws01_plumbing/build/cpp03_action
[3.866s] Level 1:colcon.colcon_core.environment:checking '/home/ros/ros_learn/ws01_plumbing/install/cpp03_action' for CMake module files
[3.866s] Level 1:colcon.colcon_core.environment:checking '/home/ros/ros_learn/ws01_plumbing/install/cpp03_action' for CMake config files
[3.866s] Level 1:colcon.colcon_core.shell:create_environment_hook('cpp03_action', 'cmake_prefix_path')
[3.867s] INFO:colcon.colcon_core.shell:Creating environment hook '/home/ros/ros_learn/ws01_plumbing/install/cpp03_action/share/cpp03_action/hook/cmake_prefix_path.ps1'
[3.867s] INFO:colcon.colcon_core.shell:Creating environment descriptor '/home/ros/ros_learn/ws01_plumbing/install/cpp03_action/share/cpp03_action/hook/cmake_prefix_path.dsv'
[3.867s] INFO:colcon.colcon_core.shell:Creating environment hook '/home/ros/ros_learn/ws01_plumbing/install/cpp03_action/share/cpp03_action/hook/cmake_prefix_path.sh'
[3.868s] Level 1:colcon.colcon_core.environment:checking '/home/ros/ros_learn/ws01_plumbing/install/cpp03_action/lib'
[3.868s] Level 1:colcon.colcon_core.environment:checking '/home/ros/ros_learn/ws01_plumbing/install/cpp03_action/bin'
[3.868s] Level 1:colcon.colcon_core.environment:checking '/home/ros/ros_learn/ws01_plumbing/install/cpp03_action/lib/pkgconfig/cpp03_action.pc'
[3.869s] Level 1:colcon.colcon_core.environment:checking '/home/ros/ros_learn/ws01_plumbing/install/cpp03_action/lib/python3.10/site-packages'
[3.869s] Level 1:colcon.colcon_core.environment:checking '/home/ros/ros_learn/ws01_plumbing/install/cpp03_action/bin'
[3.869s] INFO:colcon.colcon_core.shell:Creating package script '/home/ros/ros_learn/ws01_plumbing/install/cpp03_action/share/cpp03_action/package.ps1'
[3.869s] INFO:colcon.colcon_core.shell:Creating package descriptor '/home/ros/ros_learn/ws01_plumbing/install/cpp03_action/share/cpp03_action/package.dsv'
[3.870s] INFO:colcon.colcon_core.shell:Creating package script '/home/ros/ros_learn/ws01_plumbing/install/cpp03_action/share/cpp03_action/package.sh'
[3.870s] INFO:colcon.colcon_core.shell:Creating package script '/home/ros/ros_learn/ws01_plumbing/install/cpp03_action/share/cpp03_action/package.bash'
[3.871s] INFO:colcon.colcon_core.shell:Creating package script '/home/ros/ros_learn/ws01_plumbing/install/cpp03_action/share/cpp03_action/package.zsh'
[3.872s] Level 1:colcon.colcon_core.environment:create_file_with_runtime_dependencies(/home/ros/ros_learn/ws01_plumbing/install/cpp03_action/share/colcon-core/packages/cpp03_action)
[3.872s] Level 1:colcon.colcon_core.environment:create_environment_scripts_only(cpp03_action)
[3.872s] Level 1:colcon.colcon_core.environment:checking '/home/ros/ros_learn/ws01_plumbing/install/cpp03_action' for CMake module files
[3.873s] Level 1:colcon.colcon_core.environment:checking '/home/ros/ros_learn/ws01_plumbing/install/cpp03_action' for CMake config files
[3.873s] Level 1:colcon.colcon_core.shell:create_environment_hook('cpp03_action', 'cmake_prefix_path')
[3.873s] INFO:colcon.colcon_core.shell:Creating environment hook '/home/ros/ros_learn/ws01_plumbing/install/cpp03_action/share/cpp03_action/hook/cmake_prefix_path.ps1'
[3.873s] INFO:colcon.colcon_core.shell:Creating environment descriptor '/home/ros/ros_learn/ws01_plumbing/install/cpp03_action/share/cpp03_action/hook/cmake_prefix_path.dsv'
[3.873s] INFO:colcon.colcon_core.shell:Creating environment hook '/home/ros/ros_learn/ws01_plumbing/install/cpp03_action/share/cpp03_action/hook/cmake_prefix_path.sh'
[3.874s] Level 1:colcon.colcon_core.environment:checking '/home/ros/ros_learn/ws01_plumbing/install/cpp03_action/lib'
[3.874s] Level 1:colcon.colcon_core.environment:checking '/home/ros/ros_learn/ws01_plumbing/install/cpp03_action/bin'
[3.874s] Level 1:colcon.colcon_core.environment:checking '/home/ros/ros_learn/ws01_plumbing/install/cpp03_action/lib/pkgconfig/cpp03_action.pc'
[3.874s] Level 1:colcon.colcon_core.environment:checking '/home/ros/ros_learn/ws01_plumbing/install/cpp03_action/lib/python3.10/site-packages'
[3.874s] Level 1:colcon.colcon_core.environment:checking '/home/ros/ros_learn/ws01_plumbing/install/cpp03_action/bin'
[3.875s] INFO:colcon.colcon_core.shell:Creating package script '/home/ros/ros_learn/ws01_plumbing/install/cpp03_action/share/cpp03_action/package.ps1'
[3.875s] INFO:colcon.colcon_core.shell:Creating package descriptor '/home/ros/ros_learn/ws01_plumbing/install/cpp03_action/share/cpp03_action/package.dsv'
[3.875s] INFO:colcon.colcon_core.shell:Creating package script '/home/ros/ros_learn/ws01_plumbing/install/cpp03_action/share/cpp03_action/package.sh'
[3.876s] INFO:colcon.colcon_core.shell:Creating package script '/home/ros/ros_learn/ws01_plumbing/install/cpp03_action/share/cpp03_action/package.bash'
[3.876s] INFO:colcon.colcon_core.shell:Creating package script '/home/ros/ros_learn/ws01_plumbing/install/cpp03_action/share/cpp03_action/package.zsh'
[3.876s] Level 1:colcon.colcon_core.environment:create_file_with_runtime_dependencies(/home/ros/ros_learn/ws01_plumbing/install/cpp03_action/share/colcon-core/packages/cpp03_action)
[3.876s] DEBUG:colcon.colcon_parallel_executor.executor.parallel:closing loop
[3.877s] DEBUG:colcon.colcon_parallel_executor.executor.parallel:loop closed
[3.877s] DEBUG:colcon.colcon_parallel_executor.executor.parallel:run_until_complete finished with '0'
[3.877s] DEBUG:colcon.colcon_core.event_reactor:joining thread
[3.881s] INFO:colcon.colcon_core.plugin_system:Skipping extension 'colcon_notification.desktop_notification.terminal_notifier': Not used on non-Darwin systems
[3.881s] INFO:colcon.colcon_core.plugin_system:Skipping extension 'colcon_notification.desktop_notification.win32': Not used on non-Windows systems
[3.881s] INFO:colcon.colcon_notification.desktop_notification:Sending desktop notification using 'notify2'
[3.891s] DEBUG:colcon.colcon_core.event_reactor:joined thread
[3.892s] INFO:colcon.colcon_core.shell:Creating prefix script '/home/ros/ros_learn/ws01_plumbing/install/local_setup.ps1'
[3.893s] INFO:colcon.colcon_core.shell:Creating prefix util module '/home/ros/ros_learn/ws01_plumbing/install/_local_setup_util_ps1.py'
[3.895s] INFO:colcon.colcon_core.shell:Creating prefix chain script '/home/ros/ros_learn/ws01_plumbing/install/setup.ps1'
[3.896s] INFO:colcon.colcon_core.shell:Creating prefix script '/home/ros/ros_learn/ws01_plumbing/install/local_setup.sh'
[3.897s] INFO:colcon.colcon_core.shell:Creating prefix util module '/home/ros/ros_learn/ws01_plumbing/install/_local_setup_util_sh.py'
[3.898s] INFO:colcon.colcon_core.shell:Creating prefix chain script '/home/ros/ros_learn/ws01_plumbing/install/setup.sh'
[3.899s] INFO:colcon.colcon_core.shell:Creating prefix script '/home/ros/ros_learn/ws01_plumbing/install/local_setup.bash'
[3.899s] INFO:colcon.colcon_core.shell:Creating prefix chain script '/home/ros/ros_learn/ws01_plumbing/install/setup.bash'
[3.900s] INFO:colcon.colcon_core.shell:Creating prefix script '/home/ros/ros_learn/ws01_plumbing/install/local_setup.zsh'
[3.900s] INFO:colcon.colcon_core.shell:Creating prefix chain script '/home/ros/ros_learn/ws01_plumbing/install/setup.zsh'
