[0.013s] Invoking command in '/home/ros/ros_learn/ws01_plumbing/build/cpp01_topic': CMAKE_PREFIX_PATH=/home/ros/ros_learn/ws01_plumbing/install/base_interfaces_demo:/home/ros/ros_learn/ws01_plumbing/install/tutorails_plumbing:/home/ros/ros_learn/ws01_plumbing/install/cpp04_param:/home/ros/ros_learn/ws01_plumbing/install/cpp03_action:/home/ros/ros_learn/ws01_plumbing/install/cpp02_service:/home/ros/ros_learn/ws01_plumbing/install/cpp01_topic:/home/ros/ros_learn/ws01_plumbing/install/py04_param:/home/ros/ros_learn/ws01_plumbing/install/py03_action:/home/ros/ros_learn/ws01_plumbing/install/py02_service:/home/ros/ros_learn/ws01_plumbing/install/py01_topic:/opt/ros/humble /usr/bin/cmake --build /home/ros/ros_learn/ws01_plumbing/build/cpp01_topic -- -j16 -l16
[0.056s] [35m[1mConsolidate compiler generated dependencies of target demo04_listener_stu[0m
[0.056s] [35m[1mConsolidate compiler generated dependencies of target demo02_listener_str[0m
[0.056s] [35m[1mConsolidate compiler generated dependencies of target demo03_talker_stu[0m
[0.056s] [35m[1mConsolidate compiler generated dependencies of target demo01_talker_str[0m
[0.072s] [100%] Built target demo01_talker_str
[0.072s] [100%] Built target demo04_listener_stu
[0.072s] [100%] Built target demo02_listener_str
[0.073s] [100%] Built target demo03_talker_stu
[0.082s] Invoked command in '/home/ros/ros_learn/ws01_plumbing/build/cpp01_topic' returned '0': CMAKE_PREFIX_PATH=/home/ros/ros_learn/ws01_plumbing/install/base_interfaces_demo:/home/ros/ros_learn/ws01_plumbing/install/tutorails_plumbing:/home/ros/ros_learn/ws01_plumbing/install/cpp04_param:/home/ros/ros_learn/ws01_plumbing/install/cpp03_action:/home/ros/ros_learn/ws01_plumbing/install/cpp02_service:/home/ros/ros_learn/ws01_plumbing/install/cpp01_topic:/home/ros/ros_learn/ws01_plumbing/install/py04_param:/home/ros/ros_learn/ws01_plumbing/install/py03_action:/home/ros/ros_learn/ws01_plumbing/install/py02_service:/home/ros/ros_learn/ws01_plumbing/install/py01_topic:/opt/ros/humble /usr/bin/cmake --build /home/ros/ros_learn/ws01_plumbing/build/cpp01_topic -- -j16 -l16
[0.091s] Invoking command in '/home/ros/ros_learn/ws01_plumbing/build/cpp01_topic': CMAKE_PREFIX_PATH=/home/ros/ros_learn/ws01_plumbing/install/base_interfaces_demo:/home/ros/ros_learn/ws01_plumbing/install/tutorails_plumbing:/home/ros/ros_learn/ws01_plumbing/install/cpp04_param:/home/ros/ros_learn/ws01_plumbing/install/cpp03_action:/home/ros/ros_learn/ws01_plumbing/install/cpp02_service:/home/ros/ros_learn/ws01_plumbing/install/cpp01_topic:/home/ros/ros_learn/ws01_plumbing/install/py04_param:/home/ros/ros_learn/ws01_plumbing/install/py03_action:/home/ros/ros_learn/ws01_plumbing/install/py02_service:/home/ros/ros_learn/ws01_plumbing/install/py01_topic:/opt/ros/humble /usr/bin/cmake --install /home/ros/ros_learn/ws01_plumbing/build/cpp01_topic
[0.097s] -- Install configuration: ""
[0.098s] -- Installing: /home/ros/ros_learn/ws01_plumbing/install/cpp01_topic/lib/cpp01_topic/demo01_talker_str
[0.100s] -- Set runtime path of "/home/ros/ros_learn/ws01_plumbing/install/cpp01_topic/lib/cpp01_topic/demo01_talker_str" to ""
[0.101s] -- Installing: /home/ros/ros_learn/ws01_plumbing/install/cpp01_topic/lib/cpp01_topic/demo02_listener_str
[0.106s] -- Set runtime path of "/home/ros/ros_learn/ws01_plumbing/install/cpp01_topic/lib/cpp01_topic/demo02_listener_str" to ""
[0.107s] -- Installing: /home/ros/ros_learn/ws01_plumbing/install/cpp01_topic/lib/cpp01_topic/demo03_talker_stu
[0.108s] -- Set runtime path of "/home/ros/ros_learn/ws01_plumbing/install/cpp01_topic/lib/cpp01_topic/demo03_talker_stu" to ""
[0.109s] -- Installing: /home/ros/ros_learn/ws01_plumbing/install/cpp01_topic/lib/cpp01_topic/demo04_listener_stu
[0.115s] -- Set runtime path of "/home/ros/ros_learn/ws01_plumbing/install/cpp01_topic/lib/cpp01_topic/demo04_listener_stu" to ""
[0.115s] -- Up-to-date: /home/ros/ros_learn/ws01_plumbing/install/cpp01_topic/share/ament_index/resource_index/package_run_dependencies/cpp01_topic
[0.115s] -- Installing: /home/ros/ros_learn/ws01_plumbing/install/cpp01_topic/share/ament_index/resource_index/parent_prefix_path/cpp01_topic
[0.115s] -- Up-to-date: /home/ros/ros_learn/ws01_plumbing/install/cpp01_topic/share/cpp01_topic/environment/ament_prefix_path.sh
[0.115s] -- Installing: /home/ros/ros_learn/ws01_plumbing/install/cpp01_topic/share/cpp01_topic/environment/ament_prefix_path.dsv
[0.115s] -- Up-to-date: /home/ros/ros_learn/ws01_plumbing/install/cpp01_topic/share/cpp01_topic/environment/path.sh
[0.115s] -- Installing: /home/ros/ros_learn/ws01_plumbing/install/cpp01_topic/share/cpp01_topic/environment/path.dsv
[0.115s] -- Up-to-date: /home/ros/ros_learn/ws01_plumbing/install/cpp01_topic/share/cpp01_topic/local_setup.bash
[0.116s] -- Up-to-date: /home/ros/ros_learn/ws01_plumbing/install/cpp01_topic/share/cpp01_topic/local_setup.sh
[0.116s] -- Up-to-date: /home/ros/ros_learn/ws01_plumbing/install/cpp01_topic/share/cpp01_topic/local_setup.zsh
[0.116s] -- Installing: /home/ros/ros_learn/ws01_plumbing/install/cpp01_topic/share/cpp01_topic/local_setup.dsv
[0.116s] -- Installing: /home/ros/ros_learn/ws01_plumbing/install/cpp01_topic/share/cpp01_topic/package.dsv
[0.116s] -- Up-to-date: /home/ros/ros_learn/ws01_plumbing/install/cpp01_topic/share/ament_index/resource_index/packages/cpp01_topic
[0.116s] -- Up-to-date: /home/ros/ros_learn/ws01_plumbing/install/cpp01_topic/share/cpp01_topic/cmake/cpp01_topicConfig.cmake
[0.116s] -- Up-to-date: /home/ros/ros_learn/ws01_plumbing/install/cpp01_topic/share/cpp01_topic/cmake/cpp01_topicConfig-version.cmake
[0.116s] -- Up-to-date: /home/ros/ros_learn/ws01_plumbing/install/cpp01_topic/share/cpp01_topic/package.xml
[0.118s] Invoked command in '/home/ros/ros_learn/ws01_plumbing/build/cpp01_topic' returned '0': CMAKE_PREFIX_PATH=/home/ros/ros_learn/ws01_plumbing/install/base_interfaces_demo:/home/ros/ros_learn/ws01_plumbing/install/tutorails_plumbing:/home/ros/ros_learn/ws01_plumbing/install/cpp04_param:/home/ros/ros_learn/ws01_plumbing/install/cpp03_action:/home/ros/ros_learn/ws01_plumbing/install/cpp02_service:/home/ros/ros_learn/ws01_plumbing/install/cpp01_topic:/home/ros/ros_learn/ws01_plumbing/install/py04_param:/home/ros/ros_learn/ws01_plumbing/install/py03_action:/home/ros/ros_learn/ws01_plumbing/install/py02_service:/home/ros/ros_learn/ws01_plumbing/install/py01_topic:/opt/ros/humble /usr/bin/cmake --install /home/ros/ros_learn/ws01_plumbing/build/cpp01_topic
