In file included from [01m[K/opt/ros/humble/include/rclcpp/rclcpp/logging.hpp:24[m[K,
                 from [01m[K/opt/ros/humble/include/rclcpp/rclcpp/client.hpp:40[m[K,
                 from [01m[K/opt/ros/humble/include/rclcpp/rclcpp/callback_group.hpp:24[m[K,
                 from [01m[K/opt/ros/humble/include/rclcpp/rclcpp/any_executable.hpp:20[m[K,
                 from [01m[K/opt/ros/humble/include/rclcpp/rclcpp/memory_strategy.hpp:25[m[K,
                 from [01m[K/opt/ros/humble/include/rclcpp/rclcpp/memory_strategies.hpp:18[m[K,
                 from [01m[K/opt/ros/humble/include/rclcpp/rclcpp/executor_options.hpp:20[m[K,
                 from [01m[K/opt/ros/humble/include/rclcpp/rclcpp/executor.hpp:37[m[K,
                 from [01m[K/opt/ros/humble/include/rclcpp/rclcpp/executors/multi_threaded_executor.hpp:25[m[K,
                 from [01m[K/opt/ros/humble/include/rclcpp/rclcpp/executors.hpp:21[m[K,
                 from [01m[K/opt/ros/humble/include/rclcpp/rclcpp/rclcpp.hpp:155[m[K,
                 from [01m[K/home/ros/ros_learn/ws01_plumbing/src/cpp03_action/src/demo01_server.cpp:1[m[K:
[01m[K/home/ros/ros_learn/ws01_plumbing/src/cpp03_action/src/demo01_server.cpp:[m[K In member function ‘[01m[Kvoid ProgressActionServer::execute(std::shared_ptr<rclcpp_action::ServerGoalHandle<base_interfaces_demo::action::Progress> >)[m[K’:
[01m[K/home/ros/ros_learn/ws01_plumbing/src/cpp03_action/src/demo01_server.cpp:61:45:[m[K [01;35m[Kwarning: [m[Kspurious trailing ‘[01m[K%[m[K’ in format [[01;35m[K]8;;https://gcc.gnu.org/onlinedocs/gcc/Warning-Options.html#index-Wformat=-Wformat=]8;;[m[K]
   61 |       RCLCPP_INFO(this->get_logger(), [01;35m[K"已完成 %f%"[m[K, feedback->progress);
      |                                       [01;35m[K^~~~~~~~~~~~[m[K

[01m[K/home/ros/ros_learn/ws01_plumbing/src/cpp03_action/src/demo01_server.cpp:61:55:[m[K [01;36m[Knote: [m[Kformat string is defined here
   61 | PP_INFO(this->get_logger(), "已完成 %f[01;36m[K%[m[K", feedback->progress);
      |                                       [01;36m[K^[m[K

In file included from [01m[K/opt/ros/humble/include/rclcpp/rclcpp/logging.hpp:24[m[K,
                 from [01m[K/opt/ros/humble/include/rclcpp/rclcpp/client.hpp:40[m[K,
                 from [01m[K/opt/ros/humble/include/rclcpp/rclcpp/callback_group.hpp:24[m[K,
                 from [01m[K/opt/ros/humble/include/rclcpp/rclcpp/any_executable.hpp:20[m[K,
                 from [01m[K/opt/ros/humble/include/rclcpp/rclcpp/memory_strategy.hpp:25[m[K,
                 from [01m[K/opt/ros/humble/include/rclcpp/rclcpp/memory_strategies.hpp:18[m[K,
                 from [01m[K/opt/ros/humble/include/rclcpp/rclcpp/executor_options.hpp:20[m[K,
                 from [01m[K/opt/ros/humble/include/rclcpp/rclcpp/executor.hpp:37[m[K,
                 from [01m[K/opt/ros/humble/include/rclcpp/rclcpp/executors/multi_threaded_executor.hpp:25[m[K,
                 from [01m[K/opt/ros/humble/include/rclcpp/rclcpp/executors.hpp:21[m[K,
                 from [01m[K/opt/ros/humble/include/rclcpp/rclcpp/rclcpp.hpp:155[m[K,
                 from [01m[K/home/ros/ros_learn/ws01_plumbing/src/cpp03_action/src/demo01_server.cpp:1[m[K:
[01m[K/home/ros/ros_learn/ws01_plumbing/src/cpp03_action/src/demo01_server.cpp:70:45:[m[K [01;35m[Kwarning: [m[Kspurious trailing ‘[01m[K%[m[K’ in format [[01;35m[K]8;;https://gcc.gnu.org/onlinedocs/gcc/Warning-Options.html#index-Wformat=-Wformat=]8;;[m[K]
   70 |       RCLCPP_INFO(this->get_logger(), [01;35m[K"已完成 100%"[m[K);
      |                                       [01;35m[K^~~~~~~~~~~~~[m[K

[01m[K/home/ros/ros_learn/ws01_plumbing/src/cpp03_action/src/demo01_server.cpp:70:56:[m[K [01;36m[Knote: [m[Kformat string is defined here
   70 |   RCLCPP_INFO(this->get_logger(), "已完成 100[01;36m[K%[m[K");
      |                                              [01;36m[K^[m[K

