[0.014s] Invoking command in '/home/ros/ros_learn/ws01_plumbing/build/cpp03_action': CMAKE_PREFIX_PATH=/home/ros/ros_learn/ws01_plumbing/install/base_interfaces_demo:/home/ros/ros_learn/ws01_plumbing/install/cpp03_action:/home/ros/ros_learn/ws01_plumbing/install/cpp02_service:/home/ros/ros_learn/ws01_plumbing/install/cpp01_topic:/home/ros/ros_learn/ws01_plumbing/install/py02_service:/home/ros/ros_learn/ws01_plumbing/install/py01_topic:/opt/ros/humble /usr/bin/cmake --build /home/ros/ros_learn/ws01_plumbing/build/cpp03_action -- -j16 -l16
[0.060s] [35m[1mConsolidate compiler generated dependencies of target demo01_server[0m
[0.074s] [ 50%] Built target demo02_client
[0.079s] [ 75%] [32mBuilding CXX object CMakeFiles/demo01_server.dir/src/demo01_server.cpp.o[0m
[2.281s] In file included from [01m[K/opt/ros/humble/include/rclcpp/rclcpp/logging.hpp:24[m[K,
[2.281s]                  from [01m[K/opt/ros/humble/include/rclcpp/rclcpp/client.hpp:40[m[K,
[2.281s]                  from [01m[K/opt/ros/humble/include/rclcpp/rclcpp/callback_group.hpp:24[m[K,
[2.281s]                  from [01m[K/opt/ros/humble/include/rclcpp/rclcpp/any_executable.hpp:20[m[K,
[2.281s]                  from [01m[K/opt/ros/humble/include/rclcpp/rclcpp/memory_strategy.hpp:25[m[K,
[2.281s]                  from [01m[K/opt/ros/humble/include/rclcpp/rclcpp/memory_strategies.hpp:18[m[K,
[2.281s]                  from [01m[K/opt/ros/humble/include/rclcpp/rclcpp/executor_options.hpp:20[m[K,
[2.281s]                  from [01m[K/opt/ros/humble/include/rclcpp/rclcpp/executor.hpp:37[m[K,
[2.281s]                  from [01m[K/opt/ros/humble/include/rclcpp/rclcpp/executors/multi_threaded_executor.hpp:25[m[K,
[2.281s]                  from [01m[K/opt/ros/humble/include/rclcpp/rclcpp/executors.hpp:21[m[K,
[2.282s]                  from [01m[K/opt/ros/humble/include/rclcpp/rclcpp/rclcpp.hpp:155[m[K,
[2.282s]                  from [01m[K/home/ros/ros_learn/ws01_plumbing/src/cpp03_action/src/demo01_server.cpp:1[m[K:
[2.282s] [01m[K/home/ros/ros_learn/ws01_plumbing/src/cpp03_action/src/demo01_server.cpp:[m[K In member function ‘[01m[Kvoid ProgressActionServer::execute(std::shared_ptr<rclcpp_action::ServerGoalHandle<base_interfaces_demo::action::Progress> >)[m[K’:
[2.282s] [01m[K/home/ros/ros_learn/ws01_plumbing/src/cpp03_action/src/demo01_server.cpp:61:45:[m[K [01;35m[Kwarning: [m[Kspurious trailing ‘[01m[K%[m[K’ in format [[01;35m[K]8;;https://gcc.gnu.org/onlinedocs/gcc/Warning-Options.html#index-Wformat=-Wformat=]8;;[m[K]
[2.282s]    61 |       RCLCPP_INFO(this->get_logger(), [01;35m[K"已完成 %f%"[m[K, feedback->progress);
[2.282s]       |                                       [01;35m[K^~~~~~~~~~~~[m[K
[2.282s] 
[2.282s] [01m[K/home/ros/ros_learn/ws01_plumbing/src/cpp03_action/src/demo01_server.cpp:61:55:[m[K [01;36m[Knote: [m[Kformat string is defined here
[2.282s]    61 | PP_INFO(this->get_logger(), "已完成 %f[01;36m[K%[m[K", feedback->progress);
[2.282s]       |                                       [01;36m[K^[m[K
[2.282s] 
[2.283s] In file included from [01m[K/opt/ros/humble/include/rclcpp/rclcpp/logging.hpp:24[m[K,
[2.283s]                  from [01m[K/opt/ros/humble/include/rclcpp/rclcpp/client.hpp:40[m[K,
[2.283s]                  from [01m[K/opt/ros/humble/include/rclcpp/rclcpp/callback_group.hpp:24[m[K,
[2.283s]                  from [01m[K/opt/ros/humble/include/rclcpp/rclcpp/any_executable.hpp:20[m[K,
[2.283s]                  from [01m[K/opt/ros/humble/include/rclcpp/rclcpp/memory_strategy.hpp:25[m[K,
[2.283s]                  from [01m[K/opt/ros/humble/include/rclcpp/rclcpp/memory_strategies.hpp:18[m[K,
[2.283s]                  from [01m[K/opt/ros/humble/include/rclcpp/rclcpp/executor_options.hpp:20[m[K,
[2.284s]                  from [01m[K/opt/ros/humble/include/rclcpp/rclcpp/executor.hpp:37[m[K,
[2.284s]                  from [01m[K/opt/ros/humble/include/rclcpp/rclcpp/executors/multi_threaded_executor.hpp:25[m[K,
[2.284s]                  from [01m[K/opt/ros/humble/include/rclcpp/rclcpp/executors.hpp:21[m[K,
[2.284s]                  from [01m[K/opt/ros/humble/include/rclcpp/rclcpp/rclcpp.hpp:155[m[K,
[2.284s]                  from [01m[K/home/ros/ros_learn/ws01_plumbing/src/cpp03_action/src/demo01_server.cpp:1[m[K:
[2.284s] [01m[K/home/ros/ros_learn/ws01_plumbing/src/cpp03_action/src/demo01_server.cpp:70:45:[m[K [01;35m[Kwarning: [m[Kspurious trailing ‘[01m[K%[m[K’ in format [[01;35m[K]8;;https://gcc.gnu.org/onlinedocs/gcc/Warning-Options.html#index-Wformat=-Wformat=]8;;[m[K]
[2.284s]    70 |       RCLCPP_INFO(this->get_logger(), [01;35m[K"已完成 100%"[m[K);
[2.284s]       |                                       [01;35m[K^~~~~~~~~~~~~[m[K
[2.284s] 
[2.284s] [01m[K/home/ros/ros_learn/ws01_plumbing/src/cpp03_action/src/demo01_server.cpp:70:56:[m[K [01;36m[Knote: [m[Kformat string is defined here
[2.284s]    70 |   RCLCPP_INFO(this->get_logger(), "已完成 100[01;36m[K%[m[K");
[2.284s]       |                                              [01;36m[K^[m[K
[2.284s] 
[3.309s] [100%] [32m[1mLinking CXX executable demo01_server[0m
[3.430s] [100%] Built target demo01_server
[3.441s] Invoked command in '/home/ros/ros_learn/ws01_plumbing/build/cpp03_action' returned '0': CMAKE_PREFIX_PATH=/home/ros/ros_learn/ws01_plumbing/install/base_interfaces_demo:/home/ros/ros_learn/ws01_plumbing/install/cpp03_action:/home/ros/ros_learn/ws01_plumbing/install/cpp02_service:/home/ros/ros_learn/ws01_plumbing/install/cpp01_topic:/home/ros/ros_learn/ws01_plumbing/install/py02_service:/home/ros/ros_learn/ws01_plumbing/install/py01_topic:/opt/ros/humble /usr/bin/cmake --build /home/ros/ros_learn/ws01_plumbing/build/cpp03_action -- -j16 -l16
[3.450s] Invoking command in '/home/ros/ros_learn/ws01_plumbing/build/cpp03_action': CMAKE_PREFIX_PATH=/home/ros/ros_learn/ws01_plumbing/install/base_interfaces_demo:/home/ros/ros_learn/ws01_plumbing/install/cpp03_action:/home/ros/ros_learn/ws01_plumbing/install/cpp02_service:/home/ros/ros_learn/ws01_plumbing/install/cpp01_topic:/home/ros/ros_learn/ws01_plumbing/install/py02_service:/home/ros/ros_learn/ws01_plumbing/install/py01_topic:/opt/ros/humble /usr/bin/cmake --install /home/ros/ros_learn/ws01_plumbing/build/cpp03_action
[3.456s] -- Install configuration: ""
[3.457s] -- Installing: /home/ros/ros_learn/ws01_plumbing/install/cpp03_action/lib/cpp03_action/demo01_server
[3.458s] -- Set runtime path of "/home/ros/ros_learn/ws01_plumbing/install/cpp03_action/lib/cpp03_action/demo01_server" to ""
[3.458s] -- Up-to-date: /home/ros/ros_learn/ws01_plumbing/install/cpp03_action/lib/cpp03_action/demo02_client
[3.458s] -- Up-to-date: /home/ros/ros_learn/ws01_plumbing/install/cpp03_action/share/ament_index/resource_index/package_run_dependencies/cpp03_action
[3.458s] -- Up-to-date: /home/ros/ros_learn/ws01_plumbing/install/cpp03_action/share/ament_index/resource_index/parent_prefix_path/cpp03_action
[3.458s] -- Up-to-date: /home/ros/ros_learn/ws01_plumbing/install/cpp03_action/share/cpp03_action/environment/ament_prefix_path.sh
[3.458s] -- Up-to-date: /home/ros/ros_learn/ws01_plumbing/install/cpp03_action/share/cpp03_action/environment/ament_prefix_path.dsv
[3.458s] -- Up-to-date: /home/ros/ros_learn/ws01_plumbing/install/cpp03_action/share/cpp03_action/environment/path.sh
[3.459s] -- Up-to-date: /home/ros/ros_learn/ws01_plumbing/install/cpp03_action/share/cpp03_action/environment/path.dsv
[3.459s] -- Up-to-date: /home/ros/ros_learn/ws01_plumbing/install/cpp03_action/share/cpp03_action/local_setup.bash
[3.459s] -- Up-to-date: /home/ros/ros_learn/ws01_plumbing/install/cpp03_action/share/cpp03_action/local_setup.sh
[3.459s] -- Up-to-date: /home/ros/ros_learn/ws01_plumbing/install/cpp03_action/share/cpp03_action/local_setup.zsh
[3.459s] -- Up-to-date: /home/ros/ros_learn/ws01_plumbing/install/cpp03_action/share/cpp03_action/local_setup.dsv
[3.459s] -- Installing: /home/ros/ros_learn/ws01_plumbing/install/cpp03_action/share/cpp03_action/package.dsv
[3.459s] -- Up-to-date: /home/ros/ros_learn/ws01_plumbing/install/cpp03_action/share/ament_index/resource_index/packages/cpp03_action
[3.459s] -- Up-to-date: /home/ros/ros_learn/ws01_plumbing/install/cpp03_action/share/cpp03_action/cmake/cpp03_actionConfig.cmake
[3.459s] -- Up-to-date: /home/ros/ros_learn/ws01_plumbing/install/cpp03_action/share/cpp03_action/cmake/cpp03_actionConfig-version.cmake
[3.459s] -- Up-to-date: /home/ros/ros_learn/ws01_plumbing/install/cpp03_action/share/cpp03_action/package.xml
[3.460s] Invoked command in '/home/ros/ros_learn/ws01_plumbing/build/cpp03_action' returned '0': CMAKE_PREFIX_PATH=/home/ros/ros_learn/ws01_plumbing/install/base_interfaces_demo:/home/ros/ros_learn/ws01_plumbing/install/cpp03_action:/home/ros/ros_learn/ws01_plumbing/install/cpp02_service:/home/ros/ros_learn/ws01_plumbing/install/cpp01_topic:/home/ros/ros_learn/ws01_plumbing/install/py02_service:/home/ros/ros_learn/ws01_plumbing/install/py01_topic:/opt/ros/humble /usr/bin/cmake --install /home/ros/ros_learn/ws01_plumbing/build/cpp03_action
