[0.011s] Invoking command in '/home/ros/ros_learn/ws01_plumbing/build/cpp03_action': AMENT_PREFIX_PATH=/home/ros/ros_learn/ws01_plumbing/install/base_interfaces_demo:${AMENT_PREFIX_PATH} CMAKE_PREFIX_PATH=/home/ros/ros_learn/ws01_plumbing/install/base_interfaces_demo:/opt/ros/humble LD_LIBRARY_PATH=/home/ros/ros_learn/ws01_plumbing/install/base_interfaces_demo/lib:${LD_LIBRARY_PATH} PYTHONPATH=/home/ros/ros_learn/ws01_plumbing/install/base_interfaces_demo/local/lib/python3.10/dist-packages:${PYTHONPATH} /usr/bin/cmake --build /home/ros/ros_learn/ws01_plumbing/build/cpp03_action -- -j16 -l16
[0.065s] [35m[1mConsolidate compiler generated dependencies of target demo01_server[0m
[0.076s] [ 25%] [32mBuilding CXX object CMakeFiles/demo02_client.dir/src/demo02_client.cpp.o[0m
[0.082s] [ 50%] [32mBuilding CXX object CMakeFiles/demo01_server.dir/src/demo01_server.cpp.o[0m
[3.114s] [ 75%] [32m[1mLinking CXX executable demo01_server[0m
[3.177s] [100%] [32m[1mLinking CXX executable demo02_client[0m
[3.285s] [100%] Built target demo01_server
[3.311s] [100%] Built target demo02_client
[3.321s] Invoked command in '/home/ros/ros_learn/ws01_plumbing/build/cpp03_action' returned '0': AMENT_PREFIX_PATH=/home/ros/ros_learn/ws01_plumbing/install/base_interfaces_demo:${AMENT_PREFIX_PATH} CMAKE_PREFIX_PATH=/home/ros/ros_learn/ws01_plumbing/install/base_interfaces_demo:/opt/ros/humble LD_LIBRARY_PATH=/home/ros/ros_learn/ws01_plumbing/install/base_interfaces_demo/lib:${LD_LIBRARY_PATH} PYTHONPATH=/home/ros/ros_learn/ws01_plumbing/install/base_interfaces_demo/local/lib/python3.10/dist-packages:${PYTHONPATH} /usr/bin/cmake --build /home/ros/ros_learn/ws01_plumbing/build/cpp03_action -- -j16 -l16
[3.330s] Invoking command in '/home/ros/ros_learn/ws01_plumbing/build/cpp03_action': AMENT_PREFIX_PATH=/home/ros/ros_learn/ws01_plumbing/install/base_interfaces_demo:${AMENT_PREFIX_PATH} CMAKE_PREFIX_PATH=/home/ros/ros_learn/ws01_plumbing/install/base_interfaces_demo:/opt/ros/humble LD_LIBRARY_PATH=/home/ros/ros_learn/ws01_plumbing/install/base_interfaces_demo/lib:${LD_LIBRARY_PATH} PYTHONPATH=/home/ros/ros_learn/ws01_plumbing/install/base_interfaces_demo/local/lib/python3.10/dist-packages:${PYTHONPATH} /usr/bin/cmake --install /home/ros/ros_learn/ws01_plumbing/build/cpp03_action
[3.336s] -- Install configuration: ""
[3.337s] -- Installing: /home/ros/ros_learn/ws01_plumbing/install/cpp03_action/lib/cpp03_action/demo01_server
[3.338s] -- Set runtime path of "/home/ros/ros_learn/ws01_plumbing/install/cpp03_action/lib/cpp03_action/demo01_server" to ""
[3.339s] -- Installing: /home/ros/ros_learn/ws01_plumbing/install/cpp03_action/lib/cpp03_action/demo02_client
[3.340s] -- Set runtime path of "/home/ros/ros_learn/ws01_plumbing/install/cpp03_action/lib/cpp03_action/demo02_client" to ""
[3.340s] -- Up-to-date: /home/ros/ros_learn/ws01_plumbing/install/cpp03_action/share/ament_index/resource_index/package_run_dependencies/cpp03_action
[3.340s] -- Up-to-date: /home/ros/ros_learn/ws01_plumbing/install/cpp03_action/share/ament_index/resource_index/parent_prefix_path/cpp03_action
[3.340s] -- Up-to-date: /home/ros/ros_learn/ws01_plumbing/install/cpp03_action/share/cpp03_action/environment/ament_prefix_path.sh
[3.341s] -- Up-to-date: /home/ros/ros_learn/ws01_plumbing/install/cpp03_action/share/cpp03_action/environment/ament_prefix_path.dsv
[3.341s] -- Up-to-date: /home/ros/ros_learn/ws01_plumbing/install/cpp03_action/share/cpp03_action/environment/path.sh
[3.341s] -- Up-to-date: /home/ros/ros_learn/ws01_plumbing/install/cpp03_action/share/cpp03_action/environment/path.dsv
[3.341s] -- Up-to-date: /home/ros/ros_learn/ws01_plumbing/install/cpp03_action/share/cpp03_action/local_setup.bash
[3.341s] -- Up-to-date: /home/ros/ros_learn/ws01_plumbing/install/cpp03_action/share/cpp03_action/local_setup.sh
[3.341s] -- Up-to-date: /home/ros/ros_learn/ws01_plumbing/install/cpp03_action/share/cpp03_action/local_setup.zsh
[3.341s] -- Up-to-date: /home/ros/ros_learn/ws01_plumbing/install/cpp03_action/share/cpp03_action/local_setup.dsv
[3.341s] -- Installing: /home/ros/ros_learn/ws01_plumbing/install/cpp03_action/share/cpp03_action/package.dsv
[3.341s] -- Up-to-date: /home/ros/ros_learn/ws01_plumbing/install/cpp03_action/share/ament_index/resource_index/packages/cpp03_action
[3.341s] -- Up-to-date: /home/ros/ros_learn/ws01_plumbing/install/cpp03_action/share/cpp03_action/cmake/cpp03_actionConfig.cmake
[3.341s] -- Up-to-date: /home/ros/ros_learn/ws01_plumbing/install/cpp03_action/share/cpp03_action/cmake/cpp03_actionConfig-version.cmake
[3.341s] -- Up-to-date: /home/ros/ros_learn/ws01_plumbing/install/cpp03_action/share/cpp03_action/package.xml
[3.343s] Invoked command in '/home/ros/ros_learn/ws01_plumbing/build/cpp03_action' returned '0': AMENT_PREFIX_PATH=/home/ros/ros_learn/ws01_plumbing/install/base_interfaces_demo:${AMENT_PREFIX_PATH} CMAKE_PREFIX_PATH=/home/ros/ros_learn/ws01_plumbing/install/base_interfaces_demo:/opt/ros/humble LD_LIBRARY_PATH=/home/ros/ros_learn/ws01_plumbing/install/base_interfaces_demo/lib:${LD_LIBRARY_PATH} PYTHONPATH=/home/ros/ros_learn/ws01_plumbing/install/base_interfaces_demo/local/lib/python3.10/dist-packages:${PYTHONPATH} /usr/bin/cmake --install /home/ros/ros_learn/ws01_plumbing/build/cpp03_action
