[0.012s] Invoking command in '/home/ros/ros_learn/ws01_plumbing/build/cpp01_topic': CMAKE_PREFIX_PATH=/home/ros/ros_learn/ws01_plumbing/install/base_interfaces_demo:/home/ros/ros_learn/ws01_plumbing/install/cpp01_topic:/home/ros/ros_learn/ws01_plumbing/install/py01_topic:/opt/ros/humble /usr/bin/cmake --build /home/ros/ros_learn/ws01_plumbing/build/cpp01_topic -- -j16 -l16
[0.046s] [35m[1mConsolidate compiler generated dependencies of target demo03_talker_stu[0m
[0.046s] [35m[1mConsolidate compiler generated dependencies of target demo04_listener_stu[0m
[0.046s] [35m[1mConsolidate compiler generated dependencies of target demo01_talker_str[0m
[0.046s] [35m[1mConsolidate compiler generated dependencies of target demo02_listener_str[0m
[0.062s] [ 87%] Built target demo03_talker_stu
[0.062s] [ 87%] Built target demo02_listener_str
[0.062s] [ 87%] [32mBuilding CXX object CMakeFiles/demo04_listener_stu.dir/src/demo04_listener_stu.cpp.o[0m
[0.062s] [ 87%] Built target demo01_talker_str
[1.886s] [01m[K/home/ros/ros_learn/ws01_plumbing/src/cpp01_topic/src/demo04_listener_stu.cpp:[m[K In member function ‘[01m[Kvoid ListenerStu::topic_callback(const Student&)[m[K’:
[1.886s] [01m[K/home/ros/ros_learn/ws01_plumbing/src/cpp01_topic/src/demo04_listener_stu.cpp:14:40:[m[K [01;35m[Kwarning: [m[Kunused parameter ‘[01m[Kstu[m[K’ [[01;35m[K]8;;https://gcc.gnu.org/onlinedocs/gcc/Warning-Options.html#index-Wunused-parameter-Wunused-parameter]8;;[m[K]
[1.886s]    14 |     void topic_callback([01;35m[Kconst Student &stu[m[K)
[1.886s]       |                         [01;35m[K~~~~~~~~~~~~~~~^~~[m[K
[6.062s] [100%] [32m[1mLinking CXX executable demo04_listener_stu[0m
[6.329s] [100%] Built target demo04_listener_stu
[6.339s] Invoked command in '/home/ros/ros_learn/ws01_plumbing/build/cpp01_topic' returned '0': CMAKE_PREFIX_PATH=/home/ros/ros_learn/ws01_plumbing/install/base_interfaces_demo:/home/ros/ros_learn/ws01_plumbing/install/cpp01_topic:/home/ros/ros_learn/ws01_plumbing/install/py01_topic:/opt/ros/humble /usr/bin/cmake --build /home/ros/ros_learn/ws01_plumbing/build/cpp01_topic -- -j16 -l16
[6.348s] Invoking command in '/home/ros/ros_learn/ws01_plumbing/build/cpp01_topic': CMAKE_PREFIX_PATH=/home/ros/ros_learn/ws01_plumbing/install/base_interfaces_demo:/home/ros/ros_learn/ws01_plumbing/install/cpp01_topic:/home/ros/ros_learn/ws01_plumbing/install/py01_topic:/opt/ros/humble /usr/bin/cmake --install /home/ros/ros_learn/ws01_plumbing/build/cpp01_topic
[6.354s] -- Install configuration: ""
[6.354s] -- Installing: /home/ros/ros_learn/ws01_plumbing/install/cpp01_topic/lib/cpp01_topic/demo01_talker_str
[6.356s] -- Set runtime path of "/home/ros/ros_learn/ws01_plumbing/install/cpp01_topic/lib/cpp01_topic/demo01_talker_str" to ""
[6.356s] -- Installing: /home/ros/ros_learn/ws01_plumbing/install/cpp01_topic/lib/cpp01_topic/demo02_listener_str
[6.360s] -- Set runtime path of "/home/ros/ros_learn/ws01_plumbing/install/cpp01_topic/lib/cpp01_topic/demo02_listener_str" to ""
[6.360s] -- Installing: /home/ros/ros_learn/ws01_plumbing/install/cpp01_topic/lib/cpp01_topic/demo03_talker_stu
[6.362s] -- Set runtime path of "/home/ros/ros_learn/ws01_plumbing/install/cpp01_topic/lib/cpp01_topic/demo03_talker_stu" to ""
[6.362s] -- Installing: /home/ros/ros_learn/ws01_plumbing/install/cpp01_topic/lib/cpp01_topic/demo04_listener_stu
[6.365s] -- Set runtime path of "/home/ros/ros_learn/ws01_plumbing/install/cpp01_topic/lib/cpp01_topic/demo04_listener_stu" to ""
[6.365s] -- Up-to-date: /home/ros/ros_learn/ws01_plumbing/install/cpp01_topic/share/ament_index/resource_index/package_run_dependencies/cpp01_topic
[6.365s] -- Up-to-date: /home/ros/ros_learn/ws01_plumbing/install/cpp01_topic/share/ament_index/resource_index/parent_prefix_path/cpp01_topic
[6.366s] -- Up-to-date: /home/ros/ros_learn/ws01_plumbing/install/cpp01_topic/share/cpp01_topic/environment/ament_prefix_path.sh
[6.366s] -- Installing: /home/ros/ros_learn/ws01_plumbing/install/cpp01_topic/share/cpp01_topic/environment/ament_prefix_path.dsv
[6.366s] -- Up-to-date: /home/ros/ros_learn/ws01_plumbing/install/cpp01_topic/share/cpp01_topic/environment/path.sh
[6.366s] -- Installing: /home/ros/ros_learn/ws01_plumbing/install/cpp01_topic/share/cpp01_topic/environment/path.dsv
[6.366s] -- Up-to-date: /home/ros/ros_learn/ws01_plumbing/install/cpp01_topic/share/cpp01_topic/local_setup.bash
[6.366s] -- Up-to-date: /home/ros/ros_learn/ws01_plumbing/install/cpp01_topic/share/cpp01_topic/local_setup.sh
[6.366s] -- Up-to-date: /home/ros/ros_learn/ws01_plumbing/install/cpp01_topic/share/cpp01_topic/local_setup.zsh
[6.366s] -- Installing: /home/ros/ros_learn/ws01_plumbing/install/cpp01_topic/share/cpp01_topic/local_setup.dsv
[6.366s] -- Installing: /home/ros/ros_learn/ws01_plumbing/install/cpp01_topic/share/cpp01_topic/package.dsv
[6.366s] -- Up-to-date: /home/ros/ros_learn/ws01_plumbing/install/cpp01_topic/share/ament_index/resource_index/packages/cpp01_topic
[6.366s] -- Up-to-date: /home/ros/ros_learn/ws01_plumbing/install/cpp01_topic/share/cpp01_topic/cmake/cpp01_topicConfig.cmake
[6.366s] -- Up-to-date: /home/ros/ros_learn/ws01_plumbing/install/cpp01_topic/share/cpp01_topic/cmake/cpp01_topicConfig-version.cmake
[6.366s] -- Up-to-date: /home/ros/ros_learn/ws01_plumbing/install/cpp01_topic/share/cpp01_topic/package.xml
[6.368s] Invoked command in '/home/ros/ros_learn/ws01_plumbing/build/cpp01_topic' returned '0': CMAKE_PREFIX_PATH=/home/ros/ros_learn/ws01_plumbing/install/base_interfaces_demo:/home/ros/ros_learn/ws01_plumbing/install/cpp01_topic:/home/ros/ros_learn/ws01_plumbing/install/py01_topic:/opt/ros/humble /usr/bin/cmake --install /home/ros/ros_learn/ws01_plumbing/build/cpp01_topic
