[0.425s] Invoking command in '/home/ros/ros_learn/ws01_plumbing/src/py02_service': CMAKE_PREFIX_PATH=/home/ros/ros_learn/ws01_plumbing/install/base_interfaces_demo:/home/ros/ros_learn/ws01_plumbing/install/cpp02_service:/home/ros/ros_learn/ws01_plumbing/install/cpp01_topic PYTHONPATH=/home/ros/ros_learn/ws01_plumbing/build/py02_service/prefix_override:/usr/lib/python3/dist-packages/colcon_core/task/python/colcon_distutils_commands:/home/ros/ros_learn/ws01_plumbing/install/py02_service/lib/python3.10/site-packages:${PYTHONPATH} /usr/bin/python3 -W ignore:setup.py install is deprecated -W ignore:easy_install command is deprecated setup.py egg_info --egg-base ../../build/py02_service build --build-base /home/ros/ros_learn/ws01_plumbing/build/py02_service/build install --record /home/ros/ros_learn/ws01_plumbing/build/py02_service/install.log --single-version-externally-managed install_data
[0.595s] running egg_info
[0.596s] writing ../../build/py02_service/py02_service.egg-info/PKG-INFO
[0.596s] writing dependency_links to ../../build/py02_service/py02_service.egg-info/dependency_links.txt
[0.596s] writing entry points to ../../build/py02_service/py02_service.egg-info/entry_points.txt
[0.596s] writing requirements to ../../build/py02_service/py02_service.egg-info/requires.txt
[0.596s] writing top-level names to ../../build/py02_service/py02_service.egg-info/top_level.txt
[0.597s] reading manifest file '../../build/py02_service/py02_service.egg-info/SOURCES.txt'
[0.598s] writing manifest file '../../build/py02_service/py02_service.egg-info/SOURCES.txt'
[0.598s] running build
[0.598s] running build_py
[0.598s] copying py02_service/demo02_client_py.py -> /home/ros/ros_learn/ws01_plumbing/build/py02_service/build/lib/py02_service
[0.598s] running install
[0.599s] running install_lib
[0.599s] copying /home/ros/ros_learn/ws01_plumbing/build/py02_service/build/lib/py02_service/demo02_client_py.py -> /home/ros/ros_learn/ws01_plumbing/install/py02_service/lib/python3.10/site-packages/py02_service
[0.599s] byte-compiling /home/ros/ros_learn/ws01_plumbing/install/py02_service/lib/python3.10/site-packages/py02_service/demo02_client_py.py to demo02_client_py.cpython-310.pyc
[0.600s] running install_data
[0.600s] running install_egg_info
[0.601s] removing '/home/ros/ros_learn/ws01_plumbing/install/py02_service/lib/python3.10/site-packages/py02_service-0.0.0-py3.10.egg-info' (and everything under it)
[0.601s] Copying ../../build/py02_service/py02_service.egg-info to /home/ros/ros_learn/ws01_plumbing/install/py02_service/lib/python3.10/site-packages/py02_service-0.0.0-py3.10.egg-info
[0.602s] running install_scripts
[0.618s] Installing demo01_server_py script to /home/ros/ros_learn/ws01_plumbing/install/py02_service/lib/py02_service
[0.618s] Installing demo02_client_py script to /home/ros/ros_learn/ws01_plumbing/install/py02_service/lib/py02_service
[0.618s] writing list of installed files to '/home/ros/ros_learn/ws01_plumbing/build/py02_service/install.log'
[0.635s] Invoked command in '/home/ros/ros_learn/ws01_plumbing/src/py02_service' returned '0': CMAKE_PREFIX_PATH=/home/ros/ros_learn/ws01_plumbing/install/base_interfaces_demo:/home/ros/ros_learn/ws01_plumbing/install/cpp02_service:/home/ros/ros_learn/ws01_plumbing/install/cpp01_topic PYTHONPATH=/home/ros/ros_learn/ws01_plumbing/build/py02_service/prefix_override:/usr/lib/python3/dist-packages/colcon_core/task/python/colcon_distutils_commands:/home/ros/ros_learn/ws01_plumbing/install/py02_service/lib/python3.10/site-packages:${PYTHONPATH} /usr/bin/python3 -W ignore:setup.py install is deprecated -W ignore:easy_install command is deprecated setup.py egg_info --egg-base ../../build/py02_service build --build-base /home/ros/ros_learn/ws01_plumbing/build/py02_service/build install --record /home/ros/ros_learn/ws01_plumbing/build/py02_service/install.log --single-version-externally-managed install_data
