[0.467s] Invoking command in '/home/ros/ros_learn/ws01_plumbing/src/py03_action': CMAKE_PREFIX_PATH=/home/ros/ros_learn/ws01_plumbing/install/base_interfaces_demo:/home/ros/ros_learn/ws01_plumbing/install/cpp03_action:/home/ros/ros_learn/ws01_plumbing/install/cpp02_service:/home/ros/ros_learn/ws01_plumbing/install/cpp01_topic PYTHONPATH=/home/ros/ros_learn/ws01_plumbing/build/py03_action/prefix_override:/usr/lib/python3/dist-packages/colcon_core/task/python/colcon_distutils_commands:/home/ros/ros_learn/ws01_plumbing/install/py03_action/lib/python3.10/site-packages:${PYTHONPATH} /usr/bin/python3 -W ignore:setup.py install is deprecated -W ignore:easy_install command is deprecated setup.py egg_info --egg-base ../../build/py03_action build --build-base /home/ros/ros_learn/ws01_plumbing/build/py03_action/build install --record /home/ros/ros_learn/ws01_plumbing/build/py03_action/install.log --single-version-externally-managed install_data
[0.635s] running egg_info
[0.635s] creating ../../build/py03_action/py03_action.egg-info
[0.635s] writing ../../build/py03_action/py03_action.egg-info/PKG-INFO
[0.635s] writing dependency_links to ../../build/py03_action/py03_action.egg-info/dependency_links.txt
[0.636s] writing entry points to ../../build/py03_action/py03_action.egg-info/entry_points.txt
[0.636s] writing requirements to ../../build/py03_action/py03_action.egg-info/requires.txt
[0.636s] writing top-level names to ../../build/py03_action/py03_action.egg-info/top_level.txt
[0.636s] writing manifest file '../../build/py03_action/py03_action.egg-info/SOURCES.txt'
[0.637s] reading manifest file '../../build/py03_action/py03_action.egg-info/SOURCES.txt'
[0.637s] writing manifest file '../../build/py03_action/py03_action.egg-info/SOURCES.txt'
[0.638s] running build
[0.638s] running build_py
[0.638s] creating /home/ros/ros_learn/ws01_plumbing/build/py03_action/build
[0.638s] creating /home/ros/ros_learn/ws01_plumbing/build/py03_action/build/lib
[0.638s] creating /home/ros/ros_learn/ws01_plumbing/build/py03_action/build/lib/py03_action
[0.638s] copying py03_action/demo01_action_server_py.py -> /home/ros/ros_learn/ws01_plumbing/build/py03_action/build/lib/py03_action
[0.638s] copying py03_action/demo02_action_client_py.py -> /home/ros/ros_learn/ws01_plumbing/build/py03_action/build/lib/py03_action
[0.638s] copying py03_action/__init__.py -> /home/ros/ros_learn/ws01_plumbing/build/py03_action/build/lib/py03_action
[0.638s] running install
[0.638s] running install_lib
[0.639s] creating /home/ros/ros_learn/ws01_plumbing/install/py03_action/lib/python3.10/site-packages/py03_action
[0.639s] copying /home/ros/ros_learn/ws01_plumbing/build/py03_action/build/lib/py03_action/demo01_action_server_py.py -> /home/ros/ros_learn/ws01_plumbing/install/py03_action/lib/python3.10/site-packages/py03_action
[0.639s] copying /home/ros/ros_learn/ws01_plumbing/build/py03_action/build/lib/py03_action/demo02_action_client_py.py -> /home/ros/ros_learn/ws01_plumbing/install/py03_action/lib/python3.10/site-packages/py03_action
[0.639s] copying /home/ros/ros_learn/ws01_plumbing/build/py03_action/build/lib/py03_action/__init__.py -> /home/ros/ros_learn/ws01_plumbing/install/py03_action/lib/python3.10/site-packages/py03_action
[0.639s] byte-compiling /home/ros/ros_learn/ws01_plumbing/install/py03_action/lib/python3.10/site-packages/py03_action/demo01_action_server_py.py to demo01_action_server_py.cpython-310.pyc
[0.640s] byte-compiling /home/ros/ros_learn/ws01_plumbing/install/py03_action/lib/python3.10/site-packages/py03_action/demo02_action_client_py.py to demo02_action_client_py.cpython-310.pyc
[0.640s] byte-compiling /home/ros/ros_learn/ws01_plumbing/install/py03_action/lib/python3.10/site-packages/py03_action/__init__.py to __init__.cpython-310.pyc
[0.640s] running install_data
[0.640s] creating /home/ros/ros_learn/ws01_plumbing/install/py03_action/share/ament_index
[0.640s] creating /home/ros/ros_learn/ws01_plumbing/install/py03_action/share/ament_index/resource_index
[0.640s] creating /home/ros/ros_learn/ws01_plumbing/install/py03_action/share/ament_index/resource_index/packages
[0.640s] copying resource/py03_action -> /home/ros/ros_learn/ws01_plumbing/install/py03_action/share/ament_index/resource_index/packages
[0.641s] copying package.xml -> /home/ros/ros_learn/ws01_plumbing/install/py03_action/share/py03_action
[0.641s] running install_egg_info
[0.642s] Copying ../../build/py03_action/py03_action.egg-info to /home/ros/ros_learn/ws01_plumbing/install/py03_action/lib/python3.10/site-packages/py03_action-0.0.0-py3.10.egg-info
[0.642s] running install_scripts
[0.658s] Installing demo01_action_server_py script to /home/ros/ros_learn/ws01_plumbing/install/py03_action/lib/py03_action
[0.658s] Installing demo02_action_client_py script to /home/ros/ros_learn/ws01_plumbing/install/py03_action/lib/py03_action
[0.658s] writing list of installed files to '/home/ros/ros_learn/ws01_plumbing/build/py03_action/install.log'
[0.675s] Invoked command in '/home/ros/ros_learn/ws01_plumbing/src/py03_action' returned '0': CMAKE_PREFIX_PATH=/home/ros/ros_learn/ws01_plumbing/install/base_interfaces_demo:/home/ros/ros_learn/ws01_plumbing/install/cpp03_action:/home/ros/ros_learn/ws01_plumbing/install/cpp02_service:/home/ros/ros_learn/ws01_plumbing/install/cpp01_topic PYTHONPATH=/home/ros/ros_learn/ws01_plumbing/build/py03_action/prefix_override:/usr/lib/python3/dist-packages/colcon_core/task/python/colcon_distutils_commands:/home/ros/ros_learn/ws01_plumbing/install/py03_action/lib/python3.10/site-packages:${PYTHONPATH} /usr/bin/python3 -W ignore:setup.py install is deprecated -W ignore:easy_install command is deprecated setup.py egg_info --egg-base ../../build/py03_action build --build-base /home/ros/ros_learn/ws01_plumbing/build/py03_action/build install --record /home/ros/ros_learn/ws01_plumbing/build/py03_action/install.log --single-version-externally-managed install_data
