[0.012s] Invoking command in '/home/ros/ros_learn/ws01_plumbing/build/cpp03_action': CMAKE_PREFIX_PATH=/home/ros/ros_learn/ws01_plumbing/install/base_interfaces_demo:/home/ros/ros_learn/ws01_plumbing/install/cpp03_action:/home/ros/ros_learn/ws01_plumbing/install/cpp02_service:/home/ros/ros_learn/ws01_plumbing/install/cpp01_topic:/home/ros/ros_learn/ws01_plumbing/install/py03_action:/home/ros/ros_learn/ws01_plumbing/install/py02_service:/home/ros/ros_learn/ws01_plumbing/install/py01_topic:/opt/ros/humble /usr/bin/cmake --build /home/ros/ros_learn/ws01_plumbing/build/cpp03_action -- -j16 -l16
[0.048s] [35m[1mConsolidate compiler generated dependencies of target demo02_client[0m
[0.048s] [35m[1mConsolidate compiler generated dependencies of target demo01_server[0m
[0.065s] [ 75%] Built target demo02_client
[0.065s] [ 75%] [32mBuilding CXX object CMakeFiles/demo01_server.dir/src/demo01_server.cpp.o[0m
[2.985s] [100%] [32m[1mLinking CXX executable demo01_server[0m
[3.103s] [100%] Built target demo01_server
[3.112s] Invoked command in '/home/ros/ros_learn/ws01_plumbing/build/cpp03_action' returned '0': CMAKE_PREFIX_PATH=/home/ros/ros_learn/ws01_plumbing/install/base_interfaces_demo:/home/ros/ros_learn/ws01_plumbing/install/cpp03_action:/home/ros/ros_learn/ws01_plumbing/install/cpp02_service:/home/ros/ros_learn/ws01_plumbing/install/cpp01_topic:/home/ros/ros_learn/ws01_plumbing/install/py03_action:/home/ros/ros_learn/ws01_plumbing/install/py02_service:/home/ros/ros_learn/ws01_plumbing/install/py01_topic:/opt/ros/humble /usr/bin/cmake --build /home/ros/ros_learn/ws01_plumbing/build/cpp03_action -- -j16 -l16
[3.121s] Invoking command in '/home/ros/ros_learn/ws01_plumbing/build/cpp03_action': CMAKE_PREFIX_PATH=/home/ros/ros_learn/ws01_plumbing/install/base_interfaces_demo:/home/ros/ros_learn/ws01_plumbing/install/cpp03_action:/home/ros/ros_learn/ws01_plumbing/install/cpp02_service:/home/ros/ros_learn/ws01_plumbing/install/cpp01_topic:/home/ros/ros_learn/ws01_plumbing/install/py03_action:/home/ros/ros_learn/ws01_plumbing/install/py02_service:/home/ros/ros_learn/ws01_plumbing/install/py01_topic:/opt/ros/humble /usr/bin/cmake --install /home/ros/ros_learn/ws01_plumbing/build/cpp03_action
[3.126s] -- Install configuration: ""
[3.126s] -- Installing: /home/ros/ros_learn/ws01_plumbing/install/cpp03_action/lib/cpp03_action/demo01_server
[3.127s] -- Set runtime path of "/home/ros/ros_learn/ws01_plumbing/install/cpp03_action/lib/cpp03_action/demo01_server" to ""
[3.128s] -- Up-to-date: /home/ros/ros_learn/ws01_plumbing/install/cpp03_action/lib/cpp03_action/demo02_client
[3.128s] -- Up-to-date: /home/ros/ros_learn/ws01_plumbing/install/cpp03_action/share/ament_index/resource_index/package_run_dependencies/cpp03_action
[3.128s] -- Up-to-date: /home/ros/ros_learn/ws01_plumbing/install/cpp03_action/share/ament_index/resource_index/parent_prefix_path/cpp03_action
[3.128s] -- Up-to-date: /home/ros/ros_learn/ws01_plumbing/install/cpp03_action/share/cpp03_action/environment/ament_prefix_path.sh
[3.128s] -- Up-to-date: /home/ros/ros_learn/ws01_plumbing/install/cpp03_action/share/cpp03_action/environment/ament_prefix_path.dsv
[3.128s] -- Up-to-date: /home/ros/ros_learn/ws01_plumbing/install/cpp03_action/share/cpp03_action/environment/path.sh
[3.128s] -- Up-to-date: /home/ros/ros_learn/ws01_plumbing/install/cpp03_action/share/cpp03_action/environment/path.dsv
[3.128s] -- Up-to-date: /home/ros/ros_learn/ws01_plumbing/install/cpp03_action/share/cpp03_action/local_setup.bash
[3.128s] -- Up-to-date: /home/ros/ros_learn/ws01_plumbing/install/cpp03_action/share/cpp03_action/local_setup.sh
[3.129s] -- Up-to-date: /home/ros/ros_learn/ws01_plumbing/install/cpp03_action/share/cpp03_action/local_setup.zsh
[3.129s] -- Up-to-date: /home/ros/ros_learn/ws01_plumbing/install/cpp03_action/share/cpp03_action/local_setup.dsv
[3.129s] -- Installing: /home/ros/ros_learn/ws01_plumbing/install/cpp03_action/share/cpp03_action/package.dsv
[3.129s] -- Up-to-date: /home/ros/ros_learn/ws01_plumbing/install/cpp03_action/share/ament_index/resource_index/packages/cpp03_action
[3.129s] -- Up-to-date: /home/ros/ros_learn/ws01_plumbing/install/cpp03_action/share/cpp03_action/cmake/cpp03_actionConfig.cmake
[3.129s] -- Up-to-date: /home/ros/ros_learn/ws01_plumbing/install/cpp03_action/share/cpp03_action/cmake/cpp03_actionConfig-version.cmake
[3.129s] -- Up-to-date: /home/ros/ros_learn/ws01_plumbing/install/cpp03_action/share/cpp03_action/package.xml
[3.130s] Invoked command in '/home/ros/ros_learn/ws01_plumbing/build/cpp03_action' returned '0': CMAKE_PREFIX_PATH=/home/ros/ros_learn/ws01_plumbing/install/base_interfaces_demo:/home/ros/ros_learn/ws01_plumbing/install/cpp03_action:/home/ros/ros_learn/ws01_plumbing/install/cpp02_service:/home/ros/ros_learn/ws01_plumbing/install/cpp01_topic:/home/ros/ros_learn/ws01_plumbing/install/py03_action:/home/ros/ros_learn/ws01_plumbing/install/py02_service:/home/ros/ros_learn/ws01_plumbing/install/py01_topic:/opt/ros/humble /usr/bin/cmake --install /home/ros/ros_learn/ws01_plumbing/build/cpp03_action
