[0.103s] DEBUG:colcon:Command line arguments: ['/usr/bin/colcon', 'build', '--packages-select', 'tutorails_plumbing']
[0.103s] DEBUG:colcon:Parsed command line arguments: Namespace(log_base=None, log_level=None, verb_name='build', build_base='build', install_base='install', merge_install=False, symlink_install=False, test_result_base=None, continue_on_error=False, executor='parallel', parallel_workers=16, event_handlers=None, ignore_user_meta=False, metas=['./colcon.meta'], base_paths=['.'], packages_ignore=None, packages_ignore_regex=None, paths=None, packages_up_to=None, packages_up_to_regex=None, packages_above=None, packages_above_and_dependencies=None, packages_above_depth=None, packages_select_by_dep=None, packages_skip_by_dep=None, packages_skip_up_to=None, packages_select_build_failed=False, packages_skip_build_finished=False, packages_select_test_failures=False, packages_skip_test_passed=False, packages_select=['tutorails_plumbing'], packages_skip=None, packages_select_regex=None, packages_skip_regex=None, packages_start=None, packages_end=None, allow_overriding=[], cmake_args=None, cmake_target=None, cmake_target_skip_unavailable=False, cmake_clean_cache=False, cmake_clean_first=False, cmake_force_configure=False, ament_cmake_args=None, catkin_cmake_args=None, catkin_skip_building_tests=False, verb_parser=<colcon_defaults.argument_parser.defaults.DefaultArgumentsDecorator object at 0x79350600faf0>, verb_extension=<colcon_core.verb.build.BuildVerb object at 0x7935061b9090>, main=<bound method BuildVerb.main of <colcon_core.verb.build.BuildVerb object at 0x7935061b9090>>)
[0.263s] Level 1:colcon.colcon_core.package_discovery:discover_packages(colcon_meta) check parameters
[0.263s] Level 1:colcon.colcon_core.package_discovery:discover_packages(recursive) check parameters
[0.263s] Level 1:colcon.colcon_core.package_discovery:discover_packages(ignore) check parameters
[0.263s] Level 1:colcon.colcon_core.package_discovery:discover_packages(path) check parameters
[0.263s] Level 1:colcon.colcon_core.package_discovery:discover_packages(colcon_meta) discover
[0.263s] Level 1:colcon.colcon_core.package_discovery:discover_packages(recursive) discover
[0.263s] INFO:colcon.colcon_core.package_discovery:Crawling recursively for packages in '/home/ros/ros_learn/ws01_plumbing'
[0.263s] Level 1:colcon.colcon_core.package_identification:_identify(.) by extensions ['ignore', 'ignore_ament_install']
[0.263s] Level 1:colcon.colcon_core.package_identification:_identify(.) by extension 'ignore'
[0.263s] Level 1:colcon.colcon_core.package_identification:_identify(.) by extension 'ignore_ament_install'
[0.263s] Level 1:colcon.colcon_core.package_identification:_identify(.) by extensions ['colcon_pkg']
[0.263s] Level 1:colcon.colcon_core.package_identification:_identify(.) by extension 'colcon_pkg'
[0.263s] Level 1:colcon.colcon_core.package_identification:_identify(.) by extensions ['colcon_meta']
[0.263s] Level 1:colcon.colcon_core.package_identification:_identify(.) by extension 'colcon_meta'
[0.263s] Level 1:colcon.colcon_core.package_identification:_identify(.) by extensions ['ros']
[0.263s] Level 1:colcon.colcon_core.package_identification:_identify(.) by extension 'ros'
[0.271s] Level 1:colcon.colcon_core.package_identification:_identify(.) by extensions ['cmake', 'python']
[0.271s] Level 1:colcon.colcon_core.package_identification:_identify(.) by extension 'cmake'
[0.271s] Level 1:colcon.colcon_core.package_identification:_identify(.) by extension 'python'
[0.271s] Level 1:colcon.colcon_core.package_identification:_identify(.) by extensions ['python_setup_py']
[0.271s] Level 1:colcon.colcon_core.package_identification:_identify(.) by extension 'python_setup_py'
[0.271s] Level 1:colcon.colcon_core.package_identification:_identify(build) by extensions ['ignore', 'ignore_ament_install']
[0.271s] Level 1:colcon.colcon_core.package_identification:_identify(build) by extension 'ignore'
[0.271s] Level 1:colcon.colcon_core.package_identification:_identify(build) ignored
[0.271s] Level 1:colcon.colcon_core.package_identification:_identify(install) by extensions ['ignore', 'ignore_ament_install']
[0.272s] Level 1:colcon.colcon_core.package_identification:_identify(install) by extension 'ignore'
[0.272s] Level 1:colcon.colcon_core.package_identification:_identify(install) ignored
[0.272s] Level 1:colcon.colcon_core.package_identification:_identify(log) by extensions ['ignore', 'ignore_ament_install']
[0.272s] Level 1:colcon.colcon_core.package_identification:_identify(log) by extension 'ignore'
[0.272s] Level 1:colcon.colcon_core.package_identification:_identify(log) ignored
[0.272s] Level 1:colcon.colcon_core.package_identification:_identify(src) by extensions ['ignore', 'ignore_ament_install']
[0.272s] Level 1:colcon.colcon_core.package_identification:_identify(src) by extension 'ignore'
[0.272s] Level 1:colcon.colcon_core.package_identification:_identify(src) by extension 'ignore_ament_install'
[0.272s] Level 1:colcon.colcon_core.package_identification:_identify(src) by extensions ['colcon_pkg']
[0.272s] Level 1:colcon.colcon_core.package_identification:_identify(src) by extension 'colcon_pkg'
[0.272s] Level 1:colcon.colcon_core.package_identification:_identify(src) by extensions ['colcon_meta']
[0.272s] Level 1:colcon.colcon_core.package_identification:_identify(src) by extension 'colcon_meta'
[0.272s] Level 1:colcon.colcon_core.package_identification:_identify(src) by extensions ['ros']
[0.272s] Level 1:colcon.colcon_core.package_identification:_identify(src) by extension 'ros'
[0.272s] Level 1:colcon.colcon_core.package_identification:_identify(src) by extensions ['cmake', 'python']
[0.272s] Level 1:colcon.colcon_core.package_identification:_identify(src) by extension 'cmake'
[0.272s] Level 1:colcon.colcon_core.package_identification:_identify(src) by extension 'python'
[0.272s] Level 1:colcon.colcon_core.package_identification:_identify(src) by extensions ['python_setup_py']
[0.272s] Level 1:colcon.colcon_core.package_identification:_identify(src) by extension 'python_setup_py'
[0.273s] Level 1:colcon.colcon_core.package_identification:_identify(src/base_interfaces_demo) by extensions ['ignore', 'ignore_ament_install']
[0.273s] Level 1:colcon.colcon_core.package_identification:_identify(src/base_interfaces_demo) by extension 'ignore'
[0.273s] Level 1:colcon.colcon_core.package_identification:_identify(src/base_interfaces_demo) by extension 'ignore_ament_install'
[0.273s] Level 1:colcon.colcon_core.package_identification:_identify(src/base_interfaces_demo) by extensions ['colcon_pkg']
[0.273s] Level 1:colcon.colcon_core.package_identification:_identify(src/base_interfaces_demo) by extension 'colcon_pkg'
[0.273s] Level 1:colcon.colcon_core.package_identification:_identify(src/base_interfaces_demo) by extensions ['colcon_meta']
[0.273s] Level 1:colcon.colcon_core.package_identification:_identify(src/base_interfaces_demo) by extension 'colcon_meta'
[0.273s] Level 1:colcon.colcon_core.package_identification:_identify(src/base_interfaces_demo) by extensions ['ros']
[0.273s] Level 1:colcon.colcon_core.package_identification:_identify(src/base_interfaces_demo) by extension 'ros'
[0.275s] DEBUG:colcon.colcon_core.package_identification:Package 'src/base_interfaces_demo' with type 'ros.ament_cmake' and name 'base_interfaces_demo'
[0.275s] Level 1:colcon.colcon_core.package_identification:_identify(src/build) by extensions ['ignore', 'ignore_ament_install']
[0.275s] Level 1:colcon.colcon_core.package_identification:_identify(src/build) by extension 'ignore'
[0.275s] Level 1:colcon.colcon_core.package_identification:_identify(src/build) ignored
[0.276s] Level 1:colcon.colcon_core.package_identification:_identify(src/cpp01_topic) by extensions ['ignore', 'ignore_ament_install']
[0.276s] Level 1:colcon.colcon_core.package_identification:_identify(src/cpp01_topic) by extension 'ignore'
[0.276s] Level 1:colcon.colcon_core.package_identification:_identify(src/cpp01_topic) by extension 'ignore_ament_install'
[0.276s] Level 1:colcon.colcon_core.package_identification:_identify(src/cpp01_topic) by extensions ['colcon_pkg']
[0.276s] Level 1:colcon.colcon_core.package_identification:_identify(src/cpp01_topic) by extension 'colcon_pkg'
[0.276s] Level 1:colcon.colcon_core.package_identification:_identify(src/cpp01_topic) by extensions ['colcon_meta']
[0.276s] Level 1:colcon.colcon_core.package_identification:_identify(src/cpp01_topic) by extension 'colcon_meta'
[0.276s] Level 1:colcon.colcon_core.package_identification:_identify(src/cpp01_topic) by extensions ['ros']
[0.276s] Level 1:colcon.colcon_core.package_identification:_identify(src/cpp01_topic) by extension 'ros'
[0.276s] DEBUG:colcon.colcon_core.package_identification:Package 'src/cpp01_topic' with type 'ros.ament_cmake' and name 'cpp01_topic'
[0.277s] Level 1:colcon.colcon_core.package_identification:_identify(src/cpp02_service) by extensions ['ignore', 'ignore_ament_install']
[0.277s] Level 1:colcon.colcon_core.package_identification:_identify(src/cpp02_service) by extension 'ignore'
[0.277s] Level 1:colcon.colcon_core.package_identification:_identify(src/cpp02_service) by extension 'ignore_ament_install'
[0.277s] Level 1:colcon.colcon_core.package_identification:_identify(src/cpp02_service) by extensions ['colcon_pkg']
[0.277s] Level 1:colcon.colcon_core.package_identification:_identify(src/cpp02_service) by extension 'colcon_pkg'
[0.277s] Level 1:colcon.colcon_core.package_identification:_identify(src/cpp02_service) by extensions ['colcon_meta']
[0.277s] Level 1:colcon.colcon_core.package_identification:_identify(src/cpp02_service) by extension 'colcon_meta'
[0.277s] Level 1:colcon.colcon_core.package_identification:_identify(src/cpp02_service) by extensions ['ros']
[0.277s] Level 1:colcon.colcon_core.package_identification:_identify(src/cpp02_service) by extension 'ros'
[0.277s] DEBUG:colcon.colcon_core.package_identification:Package 'src/cpp02_service' with type 'ros.ament_cmake' and name 'cpp02_service'
[0.278s] Level 1:colcon.colcon_core.package_identification:_identify(src/cpp03_action) by extensions ['ignore', 'ignore_ament_install']
[0.278s] Level 1:colcon.colcon_core.package_identification:_identify(src/cpp03_action) by extension 'ignore'
[0.278s] Level 1:colcon.colcon_core.package_identification:_identify(src/cpp03_action) by extension 'ignore_ament_install'
[0.278s] Level 1:colcon.colcon_core.package_identification:_identify(src/cpp03_action) by extensions ['colcon_pkg']
[0.278s] Level 1:colcon.colcon_core.package_identification:_identify(src/cpp03_action) by extension 'colcon_pkg'
[0.278s] Level 1:colcon.colcon_core.package_identification:_identify(src/cpp03_action) by extensions ['colcon_meta']
[0.278s] Level 1:colcon.colcon_core.package_identification:_identify(src/cpp03_action) by extension 'colcon_meta'
[0.278s] Level 1:colcon.colcon_core.package_identification:_identify(src/cpp03_action) by extensions ['ros']
[0.278s] Level 1:colcon.colcon_core.package_identification:_identify(src/cpp03_action) by extension 'ros'
[0.279s] DEBUG:colcon.colcon_core.package_identification:Package 'src/cpp03_action' with type 'ros.ament_cmake' and name 'cpp03_action'
[0.279s] Level 1:colcon.colcon_core.package_identification:_identify(src/cpp04_param) by extensions ['ignore', 'ignore_ament_install']
[0.279s] Level 1:colcon.colcon_core.package_identification:_identify(src/cpp04_param) by extension 'ignore'
[0.279s] Level 1:colcon.colcon_core.package_identification:_identify(src/cpp04_param) by extension 'ignore_ament_install'
[0.279s] Level 1:colcon.colcon_core.package_identification:_identify(src/cpp04_param) by extensions ['colcon_pkg']
[0.279s] Level 1:colcon.colcon_core.package_identification:_identify(src/cpp04_param) by extension 'colcon_pkg'
[0.279s] Level 1:colcon.colcon_core.package_identification:_identify(src/cpp04_param) by extensions ['colcon_meta']
[0.279s] Level 1:colcon.colcon_core.package_identification:_identify(src/cpp04_param) by extension 'colcon_meta'
[0.279s] Level 1:colcon.colcon_core.package_identification:_identify(src/cpp04_param) by extensions ['ros']
[0.279s] Level 1:colcon.colcon_core.package_identification:_identify(src/cpp04_param) by extension 'ros'
[0.279s] DEBUG:colcon.colcon_core.package_identification:Package 'src/cpp04_param' with type 'ros.ament_cmake' and name 'cpp04_param'
[0.280s] Level 1:colcon.colcon_core.package_identification:_identify(src/py01_topic) by extensions ['ignore', 'ignore_ament_install']
[0.280s] Level 1:colcon.colcon_core.package_identification:_identify(src/py01_topic) by extension 'ignore'
[0.280s] Level 1:colcon.colcon_core.package_identification:_identify(src/py01_topic) by extension 'ignore_ament_install'
[0.280s] Level 1:colcon.colcon_core.package_identification:_identify(src/py01_topic) by extensions ['colcon_pkg']
[0.280s] Level 1:colcon.colcon_core.package_identification:_identify(src/py01_topic) by extension 'colcon_pkg'
[0.280s] Level 1:colcon.colcon_core.package_identification:_identify(src/py01_topic) by extensions ['colcon_meta']
[0.280s] Level 1:colcon.colcon_core.package_identification:_identify(src/py01_topic) by extension 'colcon_meta'
[0.280s] Level 1:colcon.colcon_core.package_identification:_identify(src/py01_topic) by extensions ['ros']
[0.280s] Level 1:colcon.colcon_core.package_identification:_identify(src/py01_topic) by extension 'ros'
[0.281s] DEBUG:colcon.colcon_core.package_identification:Package 'src/py01_topic' with type 'ros.ament_python' and name 'py01_topic'
[0.281s] Level 1:colcon.colcon_core.package_identification:_identify(src/py02_service) by extensions ['ignore', 'ignore_ament_install']
[0.281s] Level 1:colcon.colcon_core.package_identification:_identify(src/py02_service) by extension 'ignore'
[0.281s] Level 1:colcon.colcon_core.package_identification:_identify(src/py02_service) by extension 'ignore_ament_install'
[0.281s] Level 1:colcon.colcon_core.package_identification:_identify(src/py02_service) by extensions ['colcon_pkg']
[0.281s] Level 1:colcon.colcon_core.package_identification:_identify(src/py02_service) by extension 'colcon_pkg'
[0.281s] Level 1:colcon.colcon_core.package_identification:_identify(src/py02_service) by extensions ['colcon_meta']
[0.281s] Level 1:colcon.colcon_core.package_identification:_identify(src/py02_service) by extension 'colcon_meta'
[0.281s] Level 1:colcon.colcon_core.package_identification:_identify(src/py02_service) by extensions ['ros']
[0.281s] Level 1:colcon.colcon_core.package_identification:_identify(src/py02_service) by extension 'ros'
[0.281s] DEBUG:colcon.colcon_core.package_identification:Package 'src/py02_service' with type 'ros.ament_python' and name 'py02_service'
[0.282s] Level 1:colcon.colcon_core.package_identification:_identify(src/py03_action) by extensions ['ignore', 'ignore_ament_install']
[0.282s] Level 1:colcon.colcon_core.package_identification:_identify(src/py03_action) by extension 'ignore'
[0.282s] Level 1:colcon.colcon_core.package_identification:_identify(src/py03_action) by extension 'ignore_ament_install'
[0.282s] Level 1:colcon.colcon_core.package_identification:_identify(src/py03_action) by extensions ['colcon_pkg']
[0.282s] Level 1:colcon.colcon_core.package_identification:_identify(src/py03_action) by extension 'colcon_pkg'
[0.282s] Level 1:colcon.colcon_core.package_identification:_identify(src/py03_action) by extensions ['colcon_meta']
[0.282s] Level 1:colcon.colcon_core.package_identification:_identify(src/py03_action) by extension 'colcon_meta'
[0.282s] Level 1:colcon.colcon_core.package_identification:_identify(src/py03_action) by extensions ['ros']
[0.282s] Level 1:colcon.colcon_core.package_identification:_identify(src/py03_action) by extension 'ros'
[0.282s] DEBUG:colcon.colcon_core.package_identification:Package 'src/py03_action' with type 'ros.ament_python' and name 'py03_action'
[0.283s] Level 1:colcon.colcon_core.package_identification:_identify(src/py04_param) by extensions ['ignore', 'ignore_ament_install']
[0.283s] Level 1:colcon.colcon_core.package_identification:_identify(src/py04_param) by extension 'ignore'
[0.283s] Level 1:colcon.colcon_core.package_identification:_identify(src/py04_param) by extension 'ignore_ament_install'
[0.283s] Level 1:colcon.colcon_core.package_identification:_identify(src/py04_param) by extensions ['colcon_pkg']
[0.283s] Level 1:colcon.colcon_core.package_identification:_identify(src/py04_param) by extension 'colcon_pkg'
[0.283s] Level 1:colcon.colcon_core.package_identification:_identify(src/py04_param) by extensions ['colcon_meta']
[0.283s] Level 1:colcon.colcon_core.package_identification:_identify(src/py04_param) by extension 'colcon_meta'
[0.283s] Level 1:colcon.colcon_core.package_identification:_identify(src/py04_param) by extensions ['ros']
[0.283s] Level 1:colcon.colcon_core.package_identification:_identify(src/py04_param) by extension 'ros'
[0.283s] DEBUG:colcon.colcon_core.package_identification:Package 'src/py04_param' with type 'ros.ament_python' and name 'py04_param'
[0.283s] Level 1:colcon.colcon_core.package_identification:_identify(src/tutorails_plumbing) by extensions ['ignore', 'ignore_ament_install']
[0.284s] Level 1:colcon.colcon_core.package_identification:_identify(src/tutorails_plumbing) by extension 'ignore'
[0.284s] Level 1:colcon.colcon_core.package_identification:_identify(src/tutorails_plumbing) by extension 'ignore_ament_install'
[0.284s] Level 1:colcon.colcon_core.package_identification:_identify(src/tutorails_plumbing) by extensions ['colcon_pkg']
[0.284s] Level 1:colcon.colcon_core.package_identification:_identify(src/tutorails_plumbing) by extension 'colcon_pkg'
[0.284s] Level 1:colcon.colcon_core.package_identification:_identify(src/tutorails_plumbing) by extensions ['colcon_meta']
[0.284s] Level 1:colcon.colcon_core.package_identification:_identify(src/tutorails_plumbing) by extension 'colcon_meta'
[0.284s] Level 1:colcon.colcon_core.package_identification:_identify(src/tutorails_plumbing) by extensions ['ros']
[0.284s] Level 1:colcon.colcon_core.package_identification:_identify(src/tutorails_plumbing) by extension 'ros'
[0.284s] DEBUG:colcon.colcon_core.package_identification:Package 'src/tutorails_plumbing' with type 'ros.ament_cmake' and name 'tutorails_plumbing'
[0.284s] Level 1:colcon.colcon_core.package_discovery:discover_packages(recursive) using defaults
[0.284s] Level 1:colcon.colcon_core.package_discovery:discover_packages(ignore) discover
[0.284s] Level 1:colcon.colcon_core.package_discovery:discover_packages(ignore) using defaults
[0.284s] Level 1:colcon.colcon_core.package_discovery:discover_packages(path) discover
[0.284s] Level 1:colcon.colcon_core.package_discovery:discover_packages(path) using defaults
[0.302s] INFO:colcon.colcon_core.package_selection:Skipping not selected package 'base_interfaces_demo' in 'src/base_interfaces_demo'
[0.302s] INFO:colcon.colcon_core.package_selection:Skipping not selected package 'cpp04_param' in 'src/cpp04_param'
[0.302s] INFO:colcon.colcon_core.package_selection:Skipping not selected package 'py04_param' in 'src/py04_param'
[0.302s] INFO:colcon.colcon_core.package_selection:Skipping not selected package 'cpp01_topic' in 'src/cpp01_topic'
[0.302s] INFO:colcon.colcon_core.package_selection:Skipping not selected package 'cpp02_service' in 'src/cpp02_service'
[0.302s] INFO:colcon.colcon_core.package_selection:Skipping not selected package 'cpp03_action' in 'src/cpp03_action'
[0.302s] INFO:colcon.colcon_core.package_selection:Skipping not selected package 'py01_topic' in 'src/py01_topic'
[0.302s] INFO:colcon.colcon_core.package_selection:Skipping not selected package 'py02_service' in 'src/py02_service'
[0.302s] INFO:colcon.colcon_core.package_selection:Skipping not selected package 'py03_action' in 'src/py03_action'
[0.302s] Level 1:colcon.colcon_core.package_discovery:discover_packages(prefix_path) check parameters
[0.302s] Level 1:colcon.colcon_core.package_discovery:discover_packages(prefix_path) discover
[0.305s] DEBUG:colcon.colcon_installed_package_information.package_discovery:Found 270 installed packages in /opt/ros/humble
[0.306s] Level 1:colcon.colcon_core.package_discovery:discover_packages(prefix_path) using defaults
[0.338s] Level 5:colcon.colcon_core.verb:set package 'tutorails_plumbing' build argument 'cmake_args' from command line to 'None'
[0.338s] Level 5:colcon.colcon_core.verb:set package 'tutorails_plumbing' build argument 'cmake_target' from command line to 'None'
[0.338s] Level 5:colcon.colcon_core.verb:set package 'tutorails_plumbing' build argument 'cmake_target_skip_unavailable' from command line to 'False'
[0.338s] Level 5:colcon.colcon_core.verb:set package 'tutorails_plumbing' build argument 'cmake_clean_cache' from command line to 'False'
[0.338s] Level 5:colcon.colcon_core.verb:set package 'tutorails_plumbing' build argument 'cmake_clean_first' from command line to 'False'
[0.338s] Level 5:colcon.colcon_core.verb:set package 'tutorails_plumbing' build argument 'cmake_force_configure' from command line to 'False'
[0.338s] Level 5:colcon.colcon_core.verb:set package 'tutorails_plumbing' build argument 'ament_cmake_args' from command line to 'None'
[0.338s] Level 5:colcon.colcon_core.verb:set package 'tutorails_plumbing' build argument 'catkin_cmake_args' from command line to 'None'
[0.338s] Level 5:colcon.colcon_core.verb:set package 'tutorails_plumbing' build argument 'catkin_skip_building_tests' from command line to 'False'
[0.338s] DEBUG:colcon.colcon_core.verb:Building package 'tutorails_plumbing' with the following arguments: {'ament_cmake_args': None, 'build_base': '/home/ros/ros_learn/ws01_plumbing/build/tutorails_plumbing', 'catkin_cmake_args': None, 'catkin_skip_building_tests': False, 'cmake_args': None, 'cmake_clean_cache': False, 'cmake_clean_first': False, 'cmake_force_configure': False, 'cmake_target': None, 'cmake_target_skip_unavailable': False, 'install_base': '/home/ros/ros_learn/ws01_plumbing/install/tutorails_plumbing', 'merge_install': False, 'path': '/home/ros/ros_learn/ws01_plumbing/src/tutorails_plumbing', 'symlink_install': False, 'test_result_base': None}
[0.338s] INFO:colcon.colcon_core.executor:Executing jobs using 'parallel' executor
[0.339s] DEBUG:colcon.colcon_parallel_executor.executor.parallel:run_until_complete
[0.339s] INFO:colcon.colcon_ros.task.ament_cmake.build:Building ROS package in '/home/ros/ros_learn/ws01_plumbing/src/tutorails_plumbing' with build type 'ament_cmake'
[0.339s] INFO:colcon.colcon_cmake.task.cmake.build:Building CMake package in '/home/ros/ros_learn/ws01_plumbing/src/tutorails_plumbing'
[0.342s] INFO:colcon.colcon_core.plugin_system:Skipping extension 'colcon_core.shell.bat': Not used on non-Windows systems
[0.342s] INFO:colcon.colcon_core.shell:Skip shell extension 'powershell' for command environment: Not usable outside of PowerShell
[0.342s] DEBUG:colcon.colcon_core.shell:Skip shell extension 'dsv' for command environment
[0.361s] DEBUG:colcon.colcon_core.event_handler.log_command:Invoking command in '/home/ros/ros_learn/ws01_plumbing/build/tutorails_plumbing': AMENT_PREFIX_PATH=/home/ros/ros_learn/ws01_plumbing/install/py03_action:/home/ros/ros_learn/ws01_plumbing/install/py02_service:/home/ros/ros_learn/ws01_plumbing/install/py01_topic:/home/ros/ros_learn/ws01_plumbing/install/cpp03_action:/home/ros/ros_learn/ws01_plumbing/install/cpp02_service:/home/ros/ros_learn/ws01_plumbing/install/cpp01_topic:/home/ros/ros_learn/ws01_plumbing/install/py04_param:/home/ros/ros_learn/ws01_plumbing/install/cpp04_param:/home/ros/ros_learn/ws01_plumbing/install/base_interfaces_demo:${AMENT_PREFIX_PATH} CMAKE_PREFIX_PATH=/home/ros/ros_learn/ws01_plumbing/install/cpp03_action:/home/ros/ros_learn/ws01_plumbing/install/cpp02_service:/home/ros/ros_learn/ws01_plumbing/install/cpp01_topic:/home/ros/ros_learn/ws01_plumbing/install/cpp04_param:/home/ros/ros_learn/ws01_plumbing/install/base_interfaces_demo:/opt/ros/humble LD_LIBRARY_PATH=/home/ros/ros_learn/ws01_plumbing/install/base_interfaces_demo/lib:${LD_LIBRARY_PATH} PYTHONPATH=/home/ros/ros_learn/ws01_plumbing/install/py03_action/lib/python3.10/site-packages:/home/ros/ros_learn/ws01_plumbing/install/py02_service/lib/python3.10/site-packages:/home/ros/ros_learn/ws01_plumbing/install/py01_topic/lib/python3.10/site-packages:/home/ros/ros_learn/ws01_plumbing/install/py04_param/lib/python3.10/site-packages:/home/ros/ros_learn/ws01_plumbing/install/base_interfaces_demo/local/lib/python3.10/dist-packages:${PYTHONPATH} /usr/bin/cmake /home/ros/ros_learn/ws01_plumbing/src/tutorails_plumbing -DCMAKE_INSTALL_PREFIX=/home/ros/ros_learn/ws01_plumbing/install/tutorails_plumbing
[0.910s] DEBUG:colcon.colcon_core.event_handler.log_command:Invoked command in '/home/ros/ros_learn/ws01_plumbing/build/tutorails_plumbing' returned '0': AMENT_PREFIX_PATH=/home/ros/ros_learn/ws01_plumbing/install/py03_action:/home/ros/ros_learn/ws01_plumbing/install/py02_service:/home/ros/ros_learn/ws01_plumbing/install/py01_topic:/home/ros/ros_learn/ws01_plumbing/install/cpp03_action:/home/ros/ros_learn/ws01_plumbing/install/cpp02_service:/home/ros/ros_learn/ws01_plumbing/install/cpp01_topic:/home/ros/ros_learn/ws01_plumbing/install/py04_param:/home/ros/ros_learn/ws01_plumbing/install/cpp04_param:/home/ros/ros_learn/ws01_plumbing/install/base_interfaces_demo:${AMENT_PREFIX_PATH} CMAKE_PREFIX_PATH=/home/ros/ros_learn/ws01_plumbing/install/cpp03_action:/home/ros/ros_learn/ws01_plumbing/install/cpp02_service:/home/ros/ros_learn/ws01_plumbing/install/cpp01_topic:/home/ros/ros_learn/ws01_plumbing/install/cpp04_param:/home/ros/ros_learn/ws01_plumbing/install/base_interfaces_demo:/opt/ros/humble LD_LIBRARY_PATH=/home/ros/ros_learn/ws01_plumbing/install/base_interfaces_demo/lib:${LD_LIBRARY_PATH} PYTHONPATH=/home/ros/ros_learn/ws01_plumbing/install/py03_action/lib/python3.10/site-packages:/home/ros/ros_learn/ws01_plumbing/install/py02_service/lib/python3.10/site-packages:/home/ros/ros_learn/ws01_plumbing/install/py01_topic/lib/python3.10/site-packages:/home/ros/ros_learn/ws01_plumbing/install/py04_param/lib/python3.10/site-packages:/home/ros/ros_learn/ws01_plumbing/install/base_interfaces_demo/local/lib/python3.10/dist-packages:${PYTHONPATH} /usr/bin/cmake /home/ros/ros_learn/ws01_plumbing/src/tutorails_plumbing -DCMAKE_INSTALL_PREFIX=/home/ros/ros_learn/ws01_plumbing/install/tutorails_plumbing
[0.912s] DEBUG:colcon.colcon_core.event_handler.log_command:Invoking command in '/home/ros/ros_learn/ws01_plumbing/build/tutorails_plumbing': AMENT_PREFIX_PATH=/home/ros/ros_learn/ws01_plumbing/install/py03_action:/home/ros/ros_learn/ws01_plumbing/install/py02_service:/home/ros/ros_learn/ws01_plumbing/install/py01_topic:/home/ros/ros_learn/ws01_plumbing/install/cpp03_action:/home/ros/ros_learn/ws01_plumbing/install/cpp02_service:/home/ros/ros_learn/ws01_plumbing/install/cpp01_topic:/home/ros/ros_learn/ws01_plumbing/install/py04_param:/home/ros/ros_learn/ws01_plumbing/install/cpp04_param:/home/ros/ros_learn/ws01_plumbing/install/base_interfaces_demo:${AMENT_PREFIX_PATH} CMAKE_PREFIX_PATH=/home/ros/ros_learn/ws01_plumbing/install/cpp03_action:/home/ros/ros_learn/ws01_plumbing/install/cpp02_service:/home/ros/ros_learn/ws01_plumbing/install/cpp01_topic:/home/ros/ros_learn/ws01_plumbing/install/cpp04_param:/home/ros/ros_learn/ws01_plumbing/install/base_interfaces_demo:/opt/ros/humble LD_LIBRARY_PATH=/home/ros/ros_learn/ws01_plumbing/install/base_interfaces_demo/lib:${LD_LIBRARY_PATH} PYTHONPATH=/home/ros/ros_learn/ws01_plumbing/install/py03_action/lib/python3.10/site-packages:/home/ros/ros_learn/ws01_plumbing/install/py02_service/lib/python3.10/site-packages:/home/ros/ros_learn/ws01_plumbing/install/py01_topic/lib/python3.10/site-packages:/home/ros/ros_learn/ws01_plumbing/install/py04_param/lib/python3.10/site-packages:/home/ros/ros_learn/ws01_plumbing/install/base_interfaces_demo/local/lib/python3.10/dist-packages:${PYTHONPATH} /usr/bin/cmake --build /home/ros/ros_learn/ws01_plumbing/build/tutorails_plumbing -- -j16 -l16
[0.942s] DEBUG:colcon.colcon_core.event_handler.log_command:Invoked command in '/home/ros/ros_learn/ws01_plumbing/build/tutorails_plumbing' returned '0': AMENT_PREFIX_PATH=/home/ros/ros_learn/ws01_plumbing/install/py03_action:/home/ros/ros_learn/ws01_plumbing/install/py02_service:/home/ros/ros_learn/ws01_plumbing/install/py01_topic:/home/ros/ros_learn/ws01_plumbing/install/cpp03_action:/home/ros/ros_learn/ws01_plumbing/install/cpp02_service:/home/ros/ros_learn/ws01_plumbing/install/cpp01_topic:/home/ros/ros_learn/ws01_plumbing/install/py04_param:/home/ros/ros_learn/ws01_plumbing/install/cpp04_param:/home/ros/ros_learn/ws01_plumbing/install/base_interfaces_demo:${AMENT_PREFIX_PATH} CMAKE_PREFIX_PATH=/home/ros/ros_learn/ws01_plumbing/install/cpp03_action:/home/ros/ros_learn/ws01_plumbing/install/cpp02_service:/home/ros/ros_learn/ws01_plumbing/install/cpp01_topic:/home/ros/ros_learn/ws01_plumbing/install/cpp04_param:/home/ros/ros_learn/ws01_plumbing/install/base_interfaces_demo:/opt/ros/humble LD_LIBRARY_PATH=/home/ros/ros_learn/ws01_plumbing/install/base_interfaces_demo/lib:${LD_LIBRARY_PATH} PYTHONPATH=/home/ros/ros_learn/ws01_plumbing/install/py03_action/lib/python3.10/site-packages:/home/ros/ros_learn/ws01_plumbing/install/py02_service/lib/python3.10/site-packages:/home/ros/ros_learn/ws01_plumbing/install/py01_topic/lib/python3.10/site-packages:/home/ros/ros_learn/ws01_plumbing/install/py04_param/lib/python3.10/site-packages:/home/ros/ros_learn/ws01_plumbing/install/base_interfaces_demo/local/lib/python3.10/dist-packages:${PYTHONPATH} /usr/bin/cmake --build /home/ros/ros_learn/ws01_plumbing/build/tutorails_plumbing -- -j16 -l16
[0.951s] DEBUG:colcon.colcon_core.event_handler.log_command:Invoking command in '/home/ros/ros_learn/ws01_plumbing/build/tutorails_plumbing': AMENT_PREFIX_PATH=/home/ros/ros_learn/ws01_plumbing/install/py03_action:/home/ros/ros_learn/ws01_plumbing/install/py02_service:/home/ros/ros_learn/ws01_plumbing/install/py01_topic:/home/ros/ros_learn/ws01_plumbing/install/cpp03_action:/home/ros/ros_learn/ws01_plumbing/install/cpp02_service:/home/ros/ros_learn/ws01_plumbing/install/cpp01_topic:/home/ros/ros_learn/ws01_plumbing/install/py04_param:/home/ros/ros_learn/ws01_plumbing/install/cpp04_param:/home/ros/ros_learn/ws01_plumbing/install/base_interfaces_demo:${AMENT_PREFIX_PATH} CMAKE_PREFIX_PATH=/home/ros/ros_learn/ws01_plumbing/install/cpp03_action:/home/ros/ros_learn/ws01_plumbing/install/cpp02_service:/home/ros/ros_learn/ws01_plumbing/install/cpp01_topic:/home/ros/ros_learn/ws01_plumbing/install/cpp04_param:/home/ros/ros_learn/ws01_plumbing/install/base_interfaces_demo:/opt/ros/humble LD_LIBRARY_PATH=/home/ros/ros_learn/ws01_plumbing/install/base_interfaces_demo/lib:${LD_LIBRARY_PATH} PYTHONPATH=/home/ros/ros_learn/ws01_plumbing/install/py03_action/lib/python3.10/site-packages:/home/ros/ros_learn/ws01_plumbing/install/py02_service/lib/python3.10/site-packages:/home/ros/ros_learn/ws01_plumbing/install/py01_topic/lib/python3.10/site-packages:/home/ros/ros_learn/ws01_plumbing/install/py04_param/lib/python3.10/site-packages:/home/ros/ros_learn/ws01_plumbing/install/base_interfaces_demo/local/lib/python3.10/dist-packages:${PYTHONPATH} /usr/bin/cmake --install /home/ros/ros_learn/ws01_plumbing/build/tutorails_plumbing
[0.960s] Level 1:colcon.colcon_core.environment:create_environment_scripts_only(tutorails_plumbing)
[0.961s] DEBUG:colcon.colcon_core.event_handler.log_command:Invoked command in '/home/ros/ros_learn/ws01_plumbing/build/tutorails_plumbing' returned '0': AMENT_PREFIX_PATH=/home/ros/ros_learn/ws01_plumbing/install/py03_action:/home/ros/ros_learn/ws01_plumbing/install/py02_service:/home/ros/ros_learn/ws01_plumbing/install/py01_topic:/home/ros/ros_learn/ws01_plumbing/install/cpp03_action:/home/ros/ros_learn/ws01_plumbing/install/cpp02_service:/home/ros/ros_learn/ws01_plumbing/install/cpp01_topic:/home/ros/ros_learn/ws01_plumbing/install/py04_param:/home/ros/ros_learn/ws01_plumbing/install/cpp04_param:/home/ros/ros_learn/ws01_plumbing/install/base_interfaces_demo:${AMENT_PREFIX_PATH} CMAKE_PREFIX_PATH=/home/ros/ros_learn/ws01_plumbing/install/cpp03_action:/home/ros/ros_learn/ws01_plumbing/install/cpp02_service:/home/ros/ros_learn/ws01_plumbing/install/cpp01_topic:/home/ros/ros_learn/ws01_plumbing/install/cpp04_param:/home/ros/ros_learn/ws01_plumbing/install/base_interfaces_demo:/opt/ros/humble LD_LIBRARY_PATH=/home/ros/ros_learn/ws01_plumbing/install/base_interfaces_demo/lib:${LD_LIBRARY_PATH} PYTHONPATH=/home/ros/ros_learn/ws01_plumbing/install/py03_action/lib/python3.10/site-packages:/home/ros/ros_learn/ws01_plumbing/install/py02_service/lib/python3.10/site-packages:/home/ros/ros_learn/ws01_plumbing/install/py01_topic/lib/python3.10/site-packages:/home/ros/ros_learn/ws01_plumbing/install/py04_param/lib/python3.10/site-packages:/home/ros/ros_learn/ws01_plumbing/install/base_interfaces_demo/local/lib/python3.10/dist-packages:${PYTHONPATH} /usr/bin/cmake --install /home/ros/ros_learn/ws01_plumbing/build/tutorails_plumbing
[0.964s] Level 1:colcon.colcon_core.environment:checking '/home/ros/ros_learn/ws01_plumbing/install/tutorails_plumbing' for CMake module files
[0.964s] Level 1:colcon.colcon_core.environment:checking '/home/ros/ros_learn/ws01_plumbing/install/tutorails_plumbing' for CMake config files
[0.964s] Level 1:colcon.colcon_core.shell:create_environment_hook('tutorails_plumbing', 'cmake_prefix_path')
[0.964s] INFO:colcon.colcon_core.shell:Creating environment hook '/home/ros/ros_learn/ws01_plumbing/install/tutorails_plumbing/share/tutorails_plumbing/hook/cmake_prefix_path.ps1'
[0.965s] INFO:colcon.colcon_core.shell:Creating environment descriptor '/home/ros/ros_learn/ws01_plumbing/install/tutorails_plumbing/share/tutorails_plumbing/hook/cmake_prefix_path.dsv'
[0.965s] INFO:colcon.colcon_core.shell:Creating environment hook '/home/ros/ros_learn/ws01_plumbing/install/tutorails_plumbing/share/tutorails_plumbing/hook/cmake_prefix_path.sh'
[0.966s] Level 1:colcon.colcon_core.environment:checking '/home/ros/ros_learn/ws01_plumbing/install/tutorails_plumbing/bin'
[0.966s] Level 1:colcon.colcon_core.environment:checking '/home/ros/ros_learn/ws01_plumbing/install/tutorails_plumbing/lib/pkgconfig/tutorails_plumbing.pc'
[0.966s] Level 1:colcon.colcon_core.environment:checking '/home/ros/ros_learn/ws01_plumbing/install/tutorails_plumbing/lib/python3.10/site-packages'
[0.966s] Level 1:colcon.colcon_core.environment:checking '/home/ros/ros_learn/ws01_plumbing/install/tutorails_plumbing/bin'
[0.967s] INFO:colcon.colcon_core.shell:Creating package script '/home/ros/ros_learn/ws01_plumbing/install/tutorails_plumbing/share/tutorails_plumbing/package.ps1'
[0.967s] INFO:colcon.colcon_core.shell:Creating package descriptor '/home/ros/ros_learn/ws01_plumbing/install/tutorails_plumbing/share/tutorails_plumbing/package.dsv'
[0.968s] INFO:colcon.colcon_core.shell:Creating package script '/home/ros/ros_learn/ws01_plumbing/install/tutorails_plumbing/share/tutorails_plumbing/package.sh'
[0.968s] INFO:colcon.colcon_core.shell:Creating package script '/home/ros/ros_learn/ws01_plumbing/install/tutorails_plumbing/share/tutorails_plumbing/package.bash'
[0.969s] INFO:colcon.colcon_core.shell:Creating package script '/home/ros/ros_learn/ws01_plumbing/install/tutorails_plumbing/share/tutorails_plumbing/package.zsh'
[0.969s] Level 1:colcon.colcon_core.environment:create_file_with_runtime_dependencies(/home/ros/ros_learn/ws01_plumbing/install/tutorails_plumbing/share/colcon-core/packages/tutorails_plumbing)
[0.970s] Level 1:colcon.colcon_core.environment:create_environment_scripts_only(tutorails_plumbing)
[0.970s] Level 1:colcon.colcon_core.environment:checking '/home/ros/ros_learn/ws01_plumbing/install/tutorails_plumbing' for CMake module files
[0.970s] Level 1:colcon.colcon_core.environment:checking '/home/ros/ros_learn/ws01_plumbing/install/tutorails_plumbing' for CMake config files
[0.970s] Level 1:colcon.colcon_core.shell:create_environment_hook('tutorails_plumbing', 'cmake_prefix_path')
[0.970s] INFO:colcon.colcon_core.shell:Creating environment hook '/home/ros/ros_learn/ws01_plumbing/install/tutorails_plumbing/share/tutorails_plumbing/hook/cmake_prefix_path.ps1'
[0.971s] INFO:colcon.colcon_core.shell:Creating environment descriptor '/home/ros/ros_learn/ws01_plumbing/install/tutorails_plumbing/share/tutorails_plumbing/hook/cmake_prefix_path.dsv'
[0.971s] INFO:colcon.colcon_core.shell:Creating environment hook '/home/ros/ros_learn/ws01_plumbing/install/tutorails_plumbing/share/tutorails_plumbing/hook/cmake_prefix_path.sh'
[0.971s] Level 1:colcon.colcon_core.environment:checking '/home/ros/ros_learn/ws01_plumbing/install/tutorails_plumbing/bin'
[0.971s] Level 1:colcon.colcon_core.environment:checking '/home/ros/ros_learn/ws01_plumbing/install/tutorails_plumbing/lib/pkgconfig/tutorails_plumbing.pc'
[0.971s] Level 1:colcon.colcon_core.environment:checking '/home/ros/ros_learn/ws01_plumbing/install/tutorails_plumbing/lib/python3.10/site-packages'
[0.972s] Level 1:colcon.colcon_core.environment:checking '/home/ros/ros_learn/ws01_plumbing/install/tutorails_plumbing/bin'
[0.972s] INFO:colcon.colcon_core.shell:Creating package script '/home/ros/ros_learn/ws01_plumbing/install/tutorails_plumbing/share/tutorails_plumbing/package.ps1'
[0.972s] INFO:colcon.colcon_core.shell:Creating package descriptor '/home/ros/ros_learn/ws01_plumbing/install/tutorails_plumbing/share/tutorails_plumbing/package.dsv'
[0.972s] INFO:colcon.colcon_core.shell:Creating package script '/home/ros/ros_learn/ws01_plumbing/install/tutorails_plumbing/share/tutorails_plumbing/package.sh'
[0.973s] INFO:colcon.colcon_core.shell:Creating package script '/home/ros/ros_learn/ws01_plumbing/install/tutorails_plumbing/share/tutorails_plumbing/package.bash'
[0.973s] INFO:colcon.colcon_core.shell:Creating package script '/home/ros/ros_learn/ws01_plumbing/install/tutorails_plumbing/share/tutorails_plumbing/package.zsh'
[0.973s] Level 1:colcon.colcon_core.environment:create_file_with_runtime_dependencies(/home/ros/ros_learn/ws01_plumbing/install/tutorails_plumbing/share/colcon-core/packages/tutorails_plumbing)
[0.974s] DEBUG:colcon.colcon_parallel_executor.executor.parallel:closing loop
[0.974s] DEBUG:colcon.colcon_parallel_executor.executor.parallel:loop closed
[0.974s] DEBUG:colcon.colcon_parallel_executor.executor.parallel:run_until_complete finished with '0'
[0.974s] DEBUG:colcon.colcon_core.event_reactor:joining thread
[0.978s] INFO:colcon.colcon_core.plugin_system:Skipping extension 'colcon_notification.desktop_notification.terminal_notifier': Not used on non-Darwin systems
[0.978s] INFO:colcon.colcon_core.plugin_system:Skipping extension 'colcon_notification.desktop_notification.win32': Not used on non-Windows systems
[0.978s] INFO:colcon.colcon_notification.desktop_notification:Sending desktop notification using 'notify2'
[0.998s] DEBUG:colcon.colcon_core.event_reactor:joined thread
[0.998s] INFO:colcon.colcon_core.shell:Creating prefix script '/home/ros/ros_learn/ws01_plumbing/install/local_setup.ps1'
[0.999s] INFO:colcon.colcon_core.shell:Creating prefix util module '/home/ros/ros_learn/ws01_plumbing/install/_local_setup_util_ps1.py'
[1.000s] INFO:colcon.colcon_core.shell:Creating prefix chain script '/home/ros/ros_learn/ws01_plumbing/install/setup.ps1'
[1.001s] INFO:colcon.colcon_core.shell:Creating prefix script '/home/ros/ros_learn/ws01_plumbing/install/local_setup.sh'
[1.002s] INFO:colcon.colcon_core.shell:Creating prefix util module '/home/ros/ros_learn/ws01_plumbing/install/_local_setup_util_sh.py'
[1.002s] INFO:colcon.colcon_core.shell:Creating prefix chain script '/home/ros/ros_learn/ws01_plumbing/install/setup.sh'
[1.003s] INFO:colcon.colcon_core.shell:Creating prefix script '/home/ros/ros_learn/ws01_plumbing/install/local_setup.bash'
[1.003s] INFO:colcon.colcon_core.shell:Creating prefix chain script '/home/ros/ros_learn/ws01_plumbing/install/setup.bash'
[1.004s] INFO:colcon.colcon_core.shell:Creating prefix script '/home/ros/ros_learn/ws01_plumbing/install/local_setup.zsh'
[1.005s] INFO:colcon.colcon_core.shell:Creating prefix chain script '/home/ros/ros_learn/ws01_plumbing/install/setup.zsh'
