[0.011s] Invoking command in '/home/ros/ros_learn/ws01_plumbing/build/cpp03_action': CMAKE_PREFIX_PATH=/home/ros/ros_learn/ws01_plumbing/install/base_interfaces_demo:/home/ros/ros_learn/ws01_plumbing/install/cpp02_service:/home/ros/ros_learn/ws01_plumbing/install/cpp01_topic:/home/ros/ros_learn/ws01_plumbing/install/py02_service:/home/ros/ros_learn/ws01_plumbing/install/py01_topic:/opt/ros/humble /usr/bin/cmake /home/ros/ros_learn/ws01_plumbing/src/cpp03_action -DCMAKE_INSTALL_PREFIX=/home/ros/ros_learn/ws01_plumbing/install/cpp03_action
[0.064s] -- The C compiler identification is GNU 11.4.0
[0.109s] -- The CXX compiler identification is GNU 11.4.0
[0.115s] -- Detecting C compiler ABI info
[0.172s] -- Detecting C compiler ABI info - done
[0.177s] -- Check for working C compiler: /usr/bin/cc - skipped
[0.178s] -- Detecting C compile features
[0.178s] -- Detecting C compile features - done
[0.180s] -- Detecting CXX compiler ABI info
[0.245s] -- Detecting CXX compiler ABI info - done
[0.253s] -- Check for working CXX compiler: /usr/bin/c++ - skipped
[0.253s] -- Detecting CXX compile features
[0.254s] -- Detecting CXX compile features - done
[0.257s] -- Found ament_cmake: 1.3.11 (/opt/ros/humble/share/ament_cmake/cmake)
[0.380s] -- Found Python3: /usr/bin/python3 (found version "3.10.12") found components: Interpreter 
[0.460s] -- Found rclcpp: 16.0.11 (/opt/ros/humble/share/rclcpp/cmake)
[0.499s] -- Found rosidl_generator_c: 3.1.6 (/opt/ros/humble/share/rosidl_generator_c/cmake)
[0.504s] -- Found rosidl_adapter: 3.1.6 (/opt/ros/humble/share/rosidl_adapter/cmake)
[0.512s] -- Found rosidl_generator_cpp: 3.1.6 (/opt/ros/humble/share/rosidl_generator_cpp/cmake)
[0.523s] -- Using all available rosidl_typesupport_c: rosidl_typesupport_fastrtps_c;rosidl_typesupport_introspection_c
[0.536s] -- Using all available rosidl_typesupport_cpp: rosidl_typesupport_fastrtps_cpp;rosidl_typesupport_introspection_cpp
[0.579s] -- Found rmw_implementation_cmake: 6.1.2 (/opt/ros/humble/share/rmw_implementation_cmake/cmake)
[0.582s] -- Found rmw_fastrtps_cpp: 6.2.7 (/opt/ros/humble/share/rmw_fastrtps_cpp/cmake)
[0.663s] -- Found OpenSSL: /usr/lib/x86_64-linux-gnu/libcrypto.so (found version "3.0.2")  
[0.686s] -- Found FastRTPS: /opt/ros/humble/include  
[0.721s] -- Using RMW implementation 'rmw_fastrtps_cpp' as default
[0.731s] -- Looking for pthread.h
[0.790s] -- Looking for pthread.h - found
[0.791s] -- Performing Test CMAKE_HAVE_LIBC_PTHREAD
[0.850s] -- Performing Test CMAKE_HAVE_LIBC_PTHREAD - Success
[0.851s] -- Found Threads: TRUE  
[0.913s] -- Found rclcpp_action: 16.0.11 (/opt/ros/humble/share/rclcpp_action/cmake)
[0.950s] -- Found base_interfaces_demo: 0.0.0 (/home/ros/ros_learn/ws01_plumbing/install/base_interfaces_demo/share/base_interfaces_demo/cmake)
[0.966s] -- Found ament_lint_auto: 0.12.11 (/opt/ros/humble/share/ament_lint_auto/cmake)
[1.031s] -- Added test 'cppcheck' to perform static code analysis on C / C++ code
[1.032s] -- Configured cppcheck include dirs: $<BUILD_INTERFACE:/home/ros/ros_learn/ws01_plumbing/src/cpp03_action/include>
[1.032s] -- Configured cppcheck exclude dirs and/or files: 
[1.032s] -- Added test 'lint_cmake' to check CMake code style
[1.033s] -- Added test 'uncrustify' to check C / C++ code style
[1.033s] -- Configured uncrustify additional arguments: 
[1.034s] -- Added test 'xmllint' to check XML markup files
[1.035s] -- Configuring done
[1.046s] -- Generating done
[1.050s] -- Build files have been written to: /home/ros/ros_learn/ws01_plumbing/build/cpp03_action
[1.057s] Invoked command in '/home/ros/ros_learn/ws01_plumbing/build/cpp03_action' returned '0': CMAKE_PREFIX_PATH=/home/ros/ros_learn/ws01_plumbing/install/base_interfaces_demo:/home/ros/ros_learn/ws01_plumbing/install/cpp02_service:/home/ros/ros_learn/ws01_plumbing/install/cpp01_topic:/home/ros/ros_learn/ws01_plumbing/install/py02_service:/home/ros/ros_learn/ws01_plumbing/install/py01_topic:/opt/ros/humble /usr/bin/cmake /home/ros/ros_learn/ws01_plumbing/src/cpp03_action -DCMAKE_INSTALL_PREFIX=/home/ros/ros_learn/ws01_plumbing/install/cpp03_action
[1.059s] Invoking command in '/home/ros/ros_learn/ws01_plumbing/build/cpp03_action': CMAKE_PREFIX_PATH=/home/ros/ros_learn/ws01_plumbing/install/base_interfaces_demo:/home/ros/ros_learn/ws01_plumbing/install/cpp02_service:/home/ros/ros_learn/ws01_plumbing/install/cpp01_topic:/home/ros/ros_learn/ws01_plumbing/install/py02_service:/home/ros/ros_learn/ws01_plumbing/install/py01_topic:/opt/ros/humble /usr/bin/cmake --build /home/ros/ros_learn/ws01_plumbing/build/cpp03_action -- -j16 -l16
[1.100s] [ 50%] [32mBuilding CXX object CMakeFiles/demo02_client.dir/src/demo02_client.cpp.o[0m
[1.100s] [ 50%] [32mBuilding CXX object CMakeFiles/demo01_server.dir/src/demo01_server.cpp.o[0m
[3.286s] [ 75%] [32m[1mLinking CXX executable demo01_server[0m
[3.303s] [100%] [32m[1mLinking CXX executable demo02_client[0m
[3.383s] [100%] Built target demo01_server
[3.395s] [100%] Built target demo02_client
[3.404s] Invoked command in '/home/ros/ros_learn/ws01_plumbing/build/cpp03_action' returned '0': CMAKE_PREFIX_PATH=/home/ros/ros_learn/ws01_plumbing/install/base_interfaces_demo:/home/ros/ros_learn/ws01_plumbing/install/cpp02_service:/home/ros/ros_learn/ws01_plumbing/install/cpp01_topic:/home/ros/ros_learn/ws01_plumbing/install/py02_service:/home/ros/ros_learn/ws01_plumbing/install/py01_topic:/opt/ros/humble /usr/bin/cmake --build /home/ros/ros_learn/ws01_plumbing/build/cpp03_action -- -j16 -l16
[3.413s] Invoking command in '/home/ros/ros_learn/ws01_plumbing/build/cpp03_action': CMAKE_PREFIX_PATH=/home/ros/ros_learn/ws01_plumbing/install/base_interfaces_demo:/home/ros/ros_learn/ws01_plumbing/install/cpp02_service:/home/ros/ros_learn/ws01_plumbing/install/cpp01_topic:/home/ros/ros_learn/ws01_plumbing/install/py02_service:/home/ros/ros_learn/ws01_plumbing/install/py01_topic:/opt/ros/humble /usr/bin/cmake --install /home/ros/ros_learn/ws01_plumbing/build/cpp03_action
[3.419s] -- Install configuration: ""
[3.419s] -- Installing: /home/ros/ros_learn/ws01_plumbing/install/cpp03_action/lib/cpp03_action/demo01_server
[3.420s] -- Set runtime path of "/home/ros/ros_learn/ws01_plumbing/install/cpp03_action/lib/cpp03_action/demo01_server" to ""
[3.420s] -- Installing: /home/ros/ros_learn/ws01_plumbing/install/cpp03_action/lib/cpp03_action/demo02_client
[3.420s] -- Set runtime path of "/home/ros/ros_learn/ws01_plumbing/install/cpp03_action/lib/cpp03_action/demo02_client" to ""
[3.420s] -- Installing: /home/ros/ros_learn/ws01_plumbing/install/cpp03_action/share/ament_index/resource_index/package_run_dependencies/cpp03_action
[3.420s] -- Installing: /home/ros/ros_learn/ws01_plumbing/install/cpp03_action/share/ament_index/resource_index/parent_prefix_path/cpp03_action
[3.421s] -- Installing: /home/ros/ros_learn/ws01_plumbing/install/cpp03_action/share/cpp03_action/environment/ament_prefix_path.sh
[3.421s] -- Installing: /home/ros/ros_learn/ws01_plumbing/install/cpp03_action/share/cpp03_action/environment/ament_prefix_path.dsv
[3.421s] -- Installing: /home/ros/ros_learn/ws01_plumbing/install/cpp03_action/share/cpp03_action/environment/path.sh
[3.421s] -- Installing: /home/ros/ros_learn/ws01_plumbing/install/cpp03_action/share/cpp03_action/environment/path.dsv
[3.421s] -- Installing: /home/ros/ros_learn/ws01_plumbing/install/cpp03_action/share/cpp03_action/local_setup.bash
[3.421s] -- Installing: /home/ros/ros_learn/ws01_plumbing/install/cpp03_action/share/cpp03_action/local_setup.sh
[3.421s] -- Installing: /home/ros/ros_learn/ws01_plumbing/install/cpp03_action/share/cpp03_action/local_setup.zsh
[3.421s] -- Installing: /home/ros/ros_learn/ws01_plumbing/install/cpp03_action/share/cpp03_action/local_setup.dsv
[3.422s] -- Installing: /home/ros/ros_learn/ws01_plumbing/install/cpp03_action/share/cpp03_action/package.dsv
[3.422s] -- Installing: /home/ros/ros_learn/ws01_plumbing/install/cpp03_action/share/ament_index/resource_index/packages/cpp03_action
[3.422s] -- Installing: /home/ros/ros_learn/ws01_plumbing/install/cpp03_action/share/cpp03_action/cmake/cpp03_actionConfig.cmake
[3.422s] -- Installing: /home/ros/ros_learn/ws01_plumbing/install/cpp03_action/share/cpp03_action/cmake/cpp03_actionConfig-version.cmake
[3.422s] -- Installing: /home/ros/ros_learn/ws01_plumbing/install/cpp03_action/share/cpp03_action/package.xml
[3.424s] Invoked command in '/home/ros/ros_learn/ws01_plumbing/build/cpp03_action' returned '0': CMAKE_PREFIX_PATH=/home/ros/ros_learn/ws01_plumbing/install/base_interfaces_demo:/home/ros/ros_learn/ws01_plumbing/install/cpp02_service:/home/ros/ros_learn/ws01_plumbing/install/cpp01_topic:/home/ros/ros_learn/ws01_plumbing/install/py02_service:/home/ros/ros_learn/ws01_plumbing/install/py01_topic:/opt/ros/humble /usr/bin/cmake --install /home/ros/ros_learn/ws01_plumbing/build/cpp03_action
