[0.010s] Invoking command in '/home/ros/ros_learn/ws01_plumbing/build/cpp05_names': CMAKE_PREFIX_PATH=${CMAKE_PREFIX_PATH}:/home/ros/ros_learn/ws01_plumbing/install/py04_param:/home/ros/ros_learn/ws01_plumbing/install/py03_action:/home/ros/ros_learn/ws01_plumbing/install/py02_service:/home/ros/ros_learn/ws01_plumbing/install/py01_topic:/opt/ros/humble /usr/bin/cmake --build /home/ros/ros_learn/ws01_plumbing/build/cpp05_names -- -j16 -l16
[0.050s] [100%] Built target demo01_names
[0.060s] Invoked command in '/home/ros/ros_learn/ws01_plumbing/build/cpp05_names' returned '0': CMAKE_PREFIX_PATH=${CMAKE_PREFIX_PATH}:/home/ros/ros_learn/ws01_plumbing/install/py04_param:/home/ros/ros_learn/ws01_plumbing/install/py03_action:/home/ros/ros_learn/ws01_plumbing/install/py02_service:/home/ros/ros_learn/ws01_plumbing/install/py01_topic:/opt/ros/humble /usr/bin/cmake --build /home/ros/ros_learn/ws01_plumbing/build/cpp05_names -- -j16 -l16
[0.069s] Invoking command in '/home/ros/ros_learn/ws01_plumbing/build/cpp05_names': CMAKE_PREFIX_PATH=${CMAKE_PREFIX_PATH}:/home/ros/ros_learn/ws01_plumbing/install/py04_param:/home/ros/ros_learn/ws01_plumbing/install/py03_action:/home/ros/ros_learn/ws01_plumbing/install/py02_service:/home/ros/ros_learn/ws01_plumbing/install/py01_topic:/opt/ros/humble /usr/bin/cmake --install /home/ros/ros_learn/ws01_plumbing/build/cpp05_names
[0.073s] -- Install configuration: ""
[0.073s] -- Up-to-date: /home/ros/ros_learn/ws01_plumbing/install/cpp05_names/lib/cpp05_names/demo01_names
[0.074s] -- Up-to-date: /home/ros/ros_learn/ws01_plumbing/install/cpp05_names/share/cpp05_names/launch
[0.074s] -- Up-to-date: /home/ros/ros_learn/ws01_plumbing/install/cpp05_names/share/cpp05_names/launch/demo01_names_lauch.xml
[0.074s] -- Up-to-date: /home/ros/ros_learn/ws01_plumbing/install/cpp05_names/share/cpp05_names/launch/demo01_names_launch.py
[0.074s] -- Up-to-date: /home/ros/ros_learn/ws01_plumbing/install/cpp05_names/share/ament_index/resource_index/package_run_dependencies/cpp05_names
[0.074s] -- Up-to-date: /home/ros/ros_learn/ws01_plumbing/install/cpp05_names/share/ament_index/resource_index/parent_prefix_path/cpp05_names
[0.074s] -- Up-to-date: /home/ros/ros_learn/ws01_plumbing/install/cpp05_names/share/cpp05_names/environment/ament_prefix_path.sh
[0.074s] -- Up-to-date: /home/ros/ros_learn/ws01_plumbing/install/cpp05_names/share/cpp05_names/environment/ament_prefix_path.dsv
[0.074s] -- Up-to-date: /home/ros/ros_learn/ws01_plumbing/install/cpp05_names/share/cpp05_names/environment/path.sh
[0.074s] -- Up-to-date: /home/ros/ros_learn/ws01_plumbing/install/cpp05_names/share/cpp05_names/environment/path.dsv
[0.074s] -- Up-to-date: /home/ros/ros_learn/ws01_plumbing/install/cpp05_names/share/cpp05_names/local_setup.bash
[0.074s] -- Up-to-date: /home/ros/ros_learn/ws01_plumbing/install/cpp05_names/share/cpp05_names/local_setup.sh
[0.074s] -- Up-to-date: /home/ros/ros_learn/ws01_plumbing/install/cpp05_names/share/cpp05_names/local_setup.zsh
[0.074s] -- Up-to-date: /home/ros/ros_learn/ws01_plumbing/install/cpp05_names/share/cpp05_names/local_setup.dsv
[0.074s] -- Installing: /home/ros/ros_learn/ws01_plumbing/install/cpp05_names/share/cpp05_names/package.dsv
[0.074s] -- Up-to-date: /home/ros/ros_learn/ws01_plumbing/install/cpp05_names/share/ament_index/resource_index/packages/cpp05_names
[0.075s] -- Up-to-date: /home/ros/ros_learn/ws01_plumbing/install/cpp05_names/share/cpp05_names/cmake/cpp05_namesConfig.cmake
[0.075s] -- Up-to-date: /home/ros/ros_learn/ws01_plumbing/install/cpp05_names/share/cpp05_names/cmake/cpp05_namesConfig-version.cmake
[0.075s] -- Up-to-date: /home/ros/ros_learn/ws01_plumbing/install/cpp05_names/share/cpp05_names/package.xml
[0.076s] Invoked command in '/home/ros/ros_learn/ws01_plumbing/build/cpp05_names' returned '0': CMAKE_PREFIX_PATH=${CMAKE_PREFIX_PATH}:/home/ros/ros_learn/ws01_plumbing/install/py04_param:/home/ros/ros_learn/ws01_plumbing/install/py03_action:/home/ros/ros_learn/ws01_plumbing/install/py02_service:/home/ros/ros_learn/ws01_plumbing/install/py01_topic:/opt/ros/humble /usr/bin/cmake --install /home/ros/ros_learn/ws01_plumbing/build/cpp05_names
