[0.010s] Invoking command in '/home/ros/ros_learn/ws01_plumbing/build/cpp05_names': CMAKE_PREFIX_PATH=${CMAKE_PREFIX_PATH}:/home/ros/ros_learn/ws01_plumbing/install/py04_param:/home/ros/ros_learn/ws01_plumbing/install/py03_action:/home/ros/ros_learn/ws01_plumbing/install/py02_service:/home/ros/ros_learn/ws01_plumbing/install/py01_topic:/opt/ros/humble /usr/bin/cmake --build /home/ros/ros_learn/ws01_plumbing/build/cpp05_names -- -j16 -l16
[0.029s] -- Found ament_cmake: 1.3.11 (/opt/ros/humble/share/ament_cmake/cmake)
[0.130s] -- Found rclcpp: 16.0.11 (/opt/ros/humble/share/rclcpp/cmake)
[0.153s] -- Found rosidl_generator_c: 3.1.6 (/opt/ros/humble/share/rosidl_generator_c/cmake)
[0.155s] -- Found rosidl_adapter: 3.1.6 (/opt/ros/humble/share/rosidl_adapter/cmake)
[0.161s] -- Found rosidl_generator_cpp: 3.1.6 (/opt/ros/humble/share/rosidl_generator_cpp/cmake)
[0.168s] -- Using all available rosidl_typesupport_c: rosidl_typesupport_fastrtps_c;rosidl_typesupport_introspection_c
[0.177s] -- Using all available rosidl_typesupport_cpp: rosidl_typesupport_fastrtps_cpp;rosidl_typesupport_introspection_cpp
[0.200s] -- Found rmw_implementation_cmake: 6.1.2 (/opt/ros/humble/share/rmw_implementation_cmake/cmake)
[0.200s] -- Found rmw_fastrtps_cpp: 6.2.7 (/opt/ros/humble/share/rmw_fastrtps_cpp/cmake)
[0.285s] -- Using RMW implementation 'rmw_fastrtps_cpp' as default
[0.322s] -- Found ament_lint_auto: 0.12.11 (/opt/ros/humble/share/ament_lint_auto/cmake)
[0.374s] -- Added test 'cppcheck' to perform static code analysis on C / C++ code
[0.374s] -- Configured cppcheck include dirs: $<BUILD_INTERFACE:/home/ros/ros_learn/ws01_plumbing/src/cpp05_names/include>
[0.374s] -- Configured cppcheck exclude dirs and/or files: 
[0.374s] -- Added test 'flake8' to check Python code syntax and style conventions
[0.374s] -- Added test 'lint_cmake' to check CMake code style
[0.375s] -- Added test 'pep257' to check Python code against some of the docstring style conventions in PEP 257
[0.375s] -- Added test 'uncrustify' to check C / C++ code style
[0.375s] -- Configured uncrustify additional arguments: 
[0.376s] -- Added test 'xmllint' to check XML markup files
[0.376s] -- Configuring done
[0.378s] [31mCMake Error at CMakeLists.txt:12 (add_executable):
[0.379s]   Cannot find source file:
[0.379s] 
[0.379s]     src/demo01_names.cpp
[0.379s] 
[0.379s]   Tried extensions .c .C .c++ .cc .cpp .cxx .cu .mpp .m .M .mm .ixx .cppm .h
[0.379s]   .hh .h++ .hm .hpp .hxx .in .txx .f .F .for .f77 .f90 .f95 .f03 .hip .ispc
[0.379s] 
[0.379s] [0m
[0.379s] [31mCMake Error at CMakeLists.txt:12 (add_executable):
[0.379s]   No SOURCES given to target: demo01_names
[0.379s] 
[0.379s] [0m
[0.379s] [0mCMake Generate step failed.  Build files cannot be regenerated correctly.[0m
[0.385s] gmake: *** [Makefile:267：cmake_check_build_system] 错误 1
[0.387s] Invoked command in '/home/ros/ros_learn/ws01_plumbing/build/cpp05_names' returned '2': CMAKE_PREFIX_PATH=${CMAKE_PREFIX_PATH}:/home/ros/ros_learn/ws01_plumbing/install/py04_param:/home/ros/ros_learn/ws01_plumbing/install/py03_action:/home/ros/ros_learn/ws01_plumbing/install/py02_service:/home/ros/ros_learn/ws01_plumbing/install/py01_topic:/opt/ros/humble /usr/bin/cmake --build /home/ros/ros_learn/ws01_plumbing/build/cpp05_names -- -j16 -l16
