[0.032s] Invoking command in '/home/ros/ros_learn/ws01_plumbing/build/cpp01_topic': CMAKE_PREFIX_PATH=/home/ros/ros_learn/ws01_plumbing/install/base_interfaces_demo:/home/ros/ros_learn/ws01_plumbing/install/cpp03_action:/home/ros/ros_learn/ws01_plumbing/install/cpp02_service:/home/ros/ros_learn/ws01_plumbing/install/cpp01_topic:/home/ros/ros_learn/ws01_plumbing/install/py02_service:/home/ros/ros_learn/ws01_plumbing/install/py01_topic:/opt/ros/humble /usr/bin/cmake --build /home/ros/ros_learn/ws01_plumbing/build/cpp01_topic -- -j16 -l16
[0.499s] -- Found ament_cmake: 1.3.11 (/opt/ros/humble/share/ament_cmake/cmake)
[0.499s] -- Found rclcpp: 16.0.11 (/opt/ros/humble/share/rclcpp/cmake)
[0.499s] -- Found rosidl_generator_c: 3.1.6 (/opt/ros/humble/share/rosidl_generator_c/cmake)
[0.499s] -- Found rosidl_adapter: 3.1.6 (/opt/ros/humble/share/rosidl_adapter/cmake)
[0.499s] -- Found rosidl_generator_cpp: 3.1.6 (/opt/ros/humble/share/rosidl_generator_cpp/cmake)
[0.500s] -- Using all available rosidl_typesupport_c: rosidl_typesupport_fastrtps_c;rosidl_typesupport_introspection_c
[0.500s] -- Using all available rosidl_typesupport_cpp: rosidl_typesupport_fastrtps_cpp;rosidl_typesupport_introspection_cpp
[0.500s] -- Found rmw_implementation_cmake: 6.1.2 (/opt/ros/humble/share/rmw_implementation_cmake/cmake)
[0.500s] -- Found rmw_fastrtps_cpp: 6.2.7 (/opt/ros/humble/share/rmw_fastrtps_cpp/cmake)
[0.500s] -- Using RMW implementation 'rmw_fastrtps_cpp' as default
[0.500s] -- Found base_interfaces_demo: 0.0.0 (/home/ros/ros_learn/ws01_plumbing/install/base_interfaces_demo/share/base_interfaces_demo/cmake)
[0.500s] -- Found ament_lint_auto: 0.12.11 (/opt/ros/humble/share/ament_lint_auto/cmake)
[0.507s] -- Added test 'cppcheck' to perform static code analysis on C / C++ code
[0.507s] -- Configured cppcheck include dirs: $<BUILD_INTERFACE:/home/ros/ros_learn/ws01_plumbing/src/cpp01_topic/include>
[0.507s] -- Configured cppcheck exclude dirs and/or files: 
[0.508s] -- Added test 'lint_cmake' to check CMake code style
[0.508s] -- Added test 'uncrustify' to check C / C++ code style
[0.509s] -- Configured uncrustify additional arguments: 
[0.509s] -- Added test 'xmllint' to check XML markup files
[0.510s] -- Configuring done
[0.532s] -- Generating done
[0.539s] -- Build files have been written to: /home/ros/ros_learn/ws01_plumbing/build/cpp01_topic
[0.568s] [35m[1mConsolidate compiler generated dependencies of target demo04_listener_stu[0m
[0.568s] [35m[1mConsolidate compiler generated dependencies of target demo02_listener_str[0m
[0.569s] [35m[1mConsolidate compiler generated dependencies of target demo03_talker_stu[0m
[0.569s] [35m[1mConsolidate compiler generated dependencies of target demo01_talker_str[0m
[0.587s] [ 12%] [32mBuilding CXX object CMakeFiles/demo04_listener_stu.dir/src/demo04_listener_stu.cpp.o[0m
[0.589s] [ 25%] [32mBuilding CXX object CMakeFiles/demo02_listener_str.dir/src/demo02_listener_str.cpp.o[0m
[0.589s] [ 37%] [32mBuilding CXX object CMakeFiles/demo03_talker_stu.dir/src/demo03_talker_stu.cpp.o[0m
[0.594s] [ 50%] [32mBuilding CXX object CMakeFiles/demo01_talker_str.dir/src/demo01_talker_str.cpp.o[0m
[4.432s] [ 62%] [32m[1mLinking CXX executable demo01_talker_str[0m
[4.661s] [ 62%] Built target demo01_talker_str
[4.710s] [ 75%] [32m[1mLinking CXX executable demo03_talker_stu[0m
[4.866s] [ 75%] Built target demo03_talker_stu
[7.574s] [ 87%] [32m[1mLinking CXX executable demo04_listener_stu[0m
[7.631s] [100%] [32m[1mLinking CXX executable demo02_listener_str[0m
[7.869s] [100%] Built target demo04_listener_stu
[7.927s] [100%] Built target demo02_listener_str
