[0.011s] Invoking command in '/home/ros/ros_learn/ws01_plumbing/build/cpp02_service': AMENT_PREFIX_PATH=/home/ros/ros_learn/ws01_plumbing/install/base_interfaces_demo:${AMENT_PREFIX_PATH} CMAKE_PREFIX_PATH=/home/ros/ros_learn/ws01_plumbing/install/base_interfaces_demo:/opt/ros/humble LD_LIBRARY_PATH=/home/ros/ros_learn/ws01_plumbing/install/base_interfaces_demo/lib:${LD_LIBRARY_PATH} PYTHONPATH=/home/ros/ros_learn/ws01_plumbing/install/base_interfaces_demo/local/lib/python3.10/dist-packages:${PYTHONPATH} /usr/bin/cmake --build /home/ros/ros_learn/ws01_plumbing/build/cpp02_service -- -j16 -l16
[0.062s] [35m[1mConsolidate compiler generated dependencies of target demo02_client[0m
[0.073s] [ 50%] Built target demo01_server
[0.077s] [ 75%] [32mBuilding CXX object CMakeFiles/demo02_client.dir/src/demo02_client.cpp.o[0m
[2.783s] [100%] [32m[1mLinking CXX executable demo02_client[0m
[2.908s] [100%] Built target demo02_client
[2.917s] Invoked command in '/home/ros/ros_learn/ws01_plumbing/build/cpp02_service' returned '0': AMENT_PREFIX_PATH=/home/ros/ros_learn/ws01_plumbing/install/base_interfaces_demo:${AMENT_PREFIX_PATH} CMAKE_PREFIX_PATH=/home/ros/ros_learn/ws01_plumbing/install/base_interfaces_demo:/opt/ros/humble LD_LIBRARY_PATH=/home/ros/ros_learn/ws01_plumbing/install/base_interfaces_demo/lib:${LD_LIBRARY_PATH} PYTHONPATH=/home/ros/ros_learn/ws01_plumbing/install/base_interfaces_demo/local/lib/python3.10/dist-packages:${PYTHONPATH} /usr/bin/cmake --build /home/ros/ros_learn/ws01_plumbing/build/cpp02_service -- -j16 -l16
[2.926s] Invoking command in '/home/ros/ros_learn/ws01_plumbing/build/cpp02_service': AMENT_PREFIX_PATH=/home/ros/ros_learn/ws01_plumbing/install/base_interfaces_demo:${AMENT_PREFIX_PATH} CMAKE_PREFIX_PATH=/home/ros/ros_learn/ws01_plumbing/install/base_interfaces_demo:/opt/ros/humble LD_LIBRARY_PATH=/home/ros/ros_learn/ws01_plumbing/install/base_interfaces_demo/lib:${LD_LIBRARY_PATH} PYTHONPATH=/home/ros/ros_learn/ws01_plumbing/install/base_interfaces_demo/local/lib/python3.10/dist-packages:${PYTHONPATH} /usr/bin/cmake --install /home/ros/ros_learn/ws01_plumbing/build/cpp02_service
[2.932s] -- Install configuration: ""
[2.932s] -- Up-to-date: /home/ros/ros_learn/ws01_plumbing/install/cpp02_service/lib/cpp02_service/demo01_server
[2.933s] -- Installing: /home/ros/ros_learn/ws01_plumbing/install/cpp02_service/lib/cpp02_service/demo02_client
[2.934s] -- Set runtime path of "/home/ros/ros_learn/ws01_plumbing/install/cpp02_service/lib/cpp02_service/demo02_client" to ""
[2.934s] -- Up-to-date: /home/ros/ros_learn/ws01_plumbing/install/cpp02_service/share/ament_index/resource_index/package_run_dependencies/cpp02_service
[2.935s] -- Up-to-date: /home/ros/ros_learn/ws01_plumbing/install/cpp02_service/share/ament_index/resource_index/parent_prefix_path/cpp02_service
[2.935s] -- Up-to-date: /home/ros/ros_learn/ws01_plumbing/install/cpp02_service/share/cpp02_service/environment/ament_prefix_path.sh
[2.935s] -- Up-to-date: /home/ros/ros_learn/ws01_plumbing/install/cpp02_service/share/cpp02_service/environment/ament_prefix_path.dsv
[2.935s] -- Up-to-date: /home/ros/ros_learn/ws01_plumbing/install/cpp02_service/share/cpp02_service/environment/path.sh
[2.935s] -- Up-to-date: /home/ros/ros_learn/ws01_plumbing/install/cpp02_service/share/cpp02_service/environment/path.dsv
[2.935s] -- Up-to-date: /home/ros/ros_learn/ws01_plumbing/install/cpp02_service/share/cpp02_service/local_setup.bash
[2.935s] -- Up-to-date: /home/ros/ros_learn/ws01_plumbing/install/cpp02_service/share/cpp02_service/local_setup.sh
[2.935s] -- Up-to-date: /home/ros/ros_learn/ws01_plumbing/install/cpp02_service/share/cpp02_service/local_setup.zsh
[2.935s] -- Up-to-date: /home/ros/ros_learn/ws01_plumbing/install/cpp02_service/share/cpp02_service/local_setup.dsv
[2.935s] -- Installing: /home/ros/ros_learn/ws01_plumbing/install/cpp02_service/share/cpp02_service/package.dsv
[2.935s] -- Up-to-date: /home/ros/ros_learn/ws01_plumbing/install/cpp02_service/share/ament_index/resource_index/packages/cpp02_service
[2.935s] -- Up-to-date: /home/ros/ros_learn/ws01_plumbing/install/cpp02_service/share/cpp02_service/cmake/cpp02_serviceConfig.cmake
[2.935s] -- Up-to-date: /home/ros/ros_learn/ws01_plumbing/install/cpp02_service/share/cpp02_service/cmake/cpp02_serviceConfig-version.cmake
[2.935s] -- Up-to-date: /home/ros/ros_learn/ws01_plumbing/install/cpp02_service/share/cpp02_service/package.xml
[2.937s] Invoked command in '/home/ros/ros_learn/ws01_plumbing/build/cpp02_service' returned '0': AMENT_PREFIX_PATH=/home/ros/ros_learn/ws01_plumbing/install/base_interfaces_demo:${AMENT_PREFIX_PATH} CMAKE_PREFIX_PATH=/home/ros/ros_learn/ws01_plumbing/install/base_interfaces_demo:/opt/ros/humble LD_LIBRARY_PATH=/home/ros/ros_learn/ws01_plumbing/install/base_interfaces_demo/lib:${LD_LIBRARY_PATH} PYTHONPATH=/home/ros/ros_learn/ws01_plumbing/install/base_interfaces_demo/local/lib/python3.10/dist-packages:${PYTHONPATH} /usr/bin/cmake --install /home/ros/ros_learn/ws01_plumbing/build/cpp02_service
