[35m[1mConsolidate compiler generated dependencies of target demo00_param[0m
[ 50%] [32mBuilding CXX object CMakeFiles/demo00_param.dir/src/demo00_param.cpp.o[0m
[100%] [32m[1mLinking CXX executable demo00_param[0m
[100%] Built target demo00_param
-- Install configuration: ""
-- Installing: /home/ros/ros_learn/ws01_plumbing/src/install/cpp04_param/lib/cpp04_param/demo00_param
-- Set runtime path of "/home/ros/ros_learn/ws01_plumbing/src/install/cpp04_param/lib/cpp04_param/demo00_param" to ""
-- Installing: /home/ros/ros_learn/ws01_plumbing/src/install/cpp04_param/share/ament_index/resource_index/package_run_dependencies/cpp04_param
-- Installing: /home/ros/ros_learn/ws01_plumbing/src/install/cpp04_param/share/ament_index/resource_index/parent_prefix_path/cpp04_param
-- Installing: /home/ros/ros_learn/ws01_plumbing/src/install/cpp04_param/share/cpp04_param/environment/ament_prefix_path.sh
-- Installing: /home/ros/ros_learn/ws01_plumbing/src/install/cpp04_param/share/cpp04_param/environment/ament_prefix_path.dsv
-- Installing: /home/ros/ros_learn/ws01_plumbing/src/install/cpp04_param/share/cpp04_param/environment/path.sh
-- Installing: /home/ros/ros_learn/ws01_plumbing/src/install/cpp04_param/share/cpp04_param/environment/path.dsv
-- Installing: /home/ros/ros_learn/ws01_plumbing/src/install/cpp04_param/share/cpp04_param/local_setup.bash
-- Installing: /home/ros/ros_learn/ws01_plumbing/src/install/cpp04_param/share/cpp04_param/local_setup.sh
-- Installing: /home/ros/ros_learn/ws01_plumbing/src/install/cpp04_param/share/cpp04_param/local_setup.zsh
-- Installing: /home/ros/ros_learn/ws01_plumbing/src/install/cpp04_param/share/cpp04_param/local_setup.dsv
-- Installing: /home/ros/ros_learn/ws01_plumbing/src/install/cpp04_param/share/cpp04_param/package.dsv
-- Installing: /home/ros/ros_learn/ws01_plumbing/src/install/cpp04_param/share/ament_index/resource_index/packages/cpp04_param
-- Installing: /home/ros/ros_learn/ws01_plumbing/src/install/cpp04_param/share/cpp04_param/cmake/cpp04_paramConfig.cmake
-- Installing: /home/ros/ros_learn/ws01_plumbing/src/install/cpp04_param/share/cpp04_param/cmake/cpp04_paramConfig-version.cmake
-- Installing: /home/ros/ros_learn/ws01_plumbing/src/install/cpp04_param/share/cpp04_param/package.xml
