[0.008s] Invoking command in '/home/ros/ros_learn/ws01_plumbing/src/build/cpp04_param': CMAKE_PREFIX_PATH=/opt/ros/humble /usr/bin/cmake --build /home/ros/ros_learn/ws01_plumbing/src/build/cpp04_param -- -j16 -l16
[0.042s] [35m[1mConsolidate compiler generated dependencies of target demo00_param[0m
[0.057s] [ 50%] [32mBuilding CXX object CMakeFiles/demo00_param.dir/src/demo00_param.cpp.o[0m
[2.297s] [100%] [32m[1mLinking CXX executable demo00_param[0m
[2.388s] [100%] Built target demo00_param
[2.397s] Invoked command in '/home/ros/ros_learn/ws01_plumbing/src/build/cpp04_param' returned '0': CMAKE_PREFIX_PATH=/opt/ros/humble /usr/bin/cmake --build /home/ros/ros_learn/ws01_plumbing/src/build/cpp04_param -- -j16 -l16
[2.406s] Invoking command in '/home/ros/ros_learn/ws01_plumbing/src/build/cpp04_param': CMAKE_PREFIX_PATH=/opt/ros/humble /usr/bin/cmake --install /home/ros/ros_learn/ws01_plumbing/src/build/cpp04_param
[2.411s] -- Install configuration: ""
[2.412s] -- Installing: /home/ros/ros_learn/ws01_plumbing/src/install/cpp04_param/lib/cpp04_param/demo00_param
[2.412s] -- Set runtime path of "/home/ros/ros_learn/ws01_plumbing/src/install/cpp04_param/lib/cpp04_param/demo00_param" to ""
[2.412s] -- Installing: /home/ros/ros_learn/ws01_plumbing/src/install/cpp04_param/share/ament_index/resource_index/package_run_dependencies/cpp04_param
[2.412s] -- Installing: /home/ros/ros_learn/ws01_plumbing/src/install/cpp04_param/share/ament_index/resource_index/parent_prefix_path/cpp04_param
[2.412s] -- Installing: /home/ros/ros_learn/ws01_plumbing/src/install/cpp04_param/share/cpp04_param/environment/ament_prefix_path.sh
[2.413s] -- Installing: /home/ros/ros_learn/ws01_plumbing/src/install/cpp04_param/share/cpp04_param/environment/ament_prefix_path.dsv
[2.413s] -- Installing: /home/ros/ros_learn/ws01_plumbing/src/install/cpp04_param/share/cpp04_param/environment/path.sh
[2.413s] -- Installing: /home/ros/ros_learn/ws01_plumbing/src/install/cpp04_param/share/cpp04_param/environment/path.dsv
[2.413s] -- Installing: /home/ros/ros_learn/ws01_plumbing/src/install/cpp04_param/share/cpp04_param/local_setup.bash
[2.413s] -- Installing: /home/ros/ros_learn/ws01_plumbing/src/install/cpp04_param/share/cpp04_param/local_setup.sh
[2.413s] -- Installing: /home/ros/ros_learn/ws01_plumbing/src/install/cpp04_param/share/cpp04_param/local_setup.zsh
[2.413s] -- Installing: /home/ros/ros_learn/ws01_plumbing/src/install/cpp04_param/share/cpp04_param/local_setup.dsv
[2.414s] -- Installing: /home/ros/ros_learn/ws01_plumbing/src/install/cpp04_param/share/cpp04_param/package.dsv
[2.414s] -- Installing: /home/ros/ros_learn/ws01_plumbing/src/install/cpp04_param/share/ament_index/resource_index/packages/cpp04_param
[2.414s] -- Installing: /home/ros/ros_learn/ws01_plumbing/src/install/cpp04_param/share/cpp04_param/cmake/cpp04_paramConfig.cmake
[2.414s] -- Installing: /home/ros/ros_learn/ws01_plumbing/src/install/cpp04_param/share/cpp04_param/cmake/cpp04_paramConfig-version.cmake
[2.414s] -- Installing: /home/ros/ros_learn/ws01_plumbing/src/install/cpp04_param/share/cpp04_param/package.xml
[2.416s] Invoked command in '/home/ros/ros_learn/ws01_plumbing/src/build/cpp04_param' returned '0': CMAKE_PREFIX_PATH=/opt/ros/humble /usr/bin/cmake --install /home/ros/ros_learn/ws01_plumbing/src/build/cpp04_param
