[0.011s] Invoking command in '/home/ros/ros_learn/ws01_plumbing/build/cpp02_service': CMAKE_PREFIX_PATH=/home/ros/ros_learn/ws01_plumbing/install/base_interfaces_demo:/home/ros/ros_learn/ws01_plumbing/install/cpp02_service:/home/ros/ros_learn/ws01_plumbing/install/cpp01_topic:/home/ros/ros_learn/ws01_plumbing/install/py01_topic:/opt/ros/humble /usr/bin/cmake --build /home/ros/ros_learn/ws01_plumbing/build/cpp02_service -- -j16 -l16
[0.047s] [35m[1mConsolidate compiler generated dependencies of target demo01_server[0m
[0.047s] [35m[1mConsolidate compiler generated dependencies of target demo02_client[0m
[0.063s] [ 50%] [32mBuilding CXX object CMakeFiles/demo02_client.dir/src/demo02_client.cpp.o[0m
[0.063s] [ 50%] [32mBuilding CXX object CMakeFiles/demo01_server.dir/src/demo01_server.cpp.o[0m
[2.338s] [ 75%] [32m[1mLinking CXX executable demo02_client[0m
[2.422s] [ 75%] Built target demo02_client
[2.831s] [100%] [32m[1mLinking CXX executable demo01_server[0m
[2.943s] [100%] Built target demo01_server
[2.953s] Invoked command in '/home/ros/ros_learn/ws01_plumbing/build/cpp02_service' returned '0': CMAKE_PREFIX_PATH=/home/ros/ros_learn/ws01_plumbing/install/base_interfaces_demo:/home/ros/ros_learn/ws01_plumbing/install/cpp02_service:/home/ros/ros_learn/ws01_plumbing/install/cpp01_topic:/home/ros/ros_learn/ws01_plumbing/install/py01_topic:/opt/ros/humble /usr/bin/cmake --build /home/ros/ros_learn/ws01_plumbing/build/cpp02_service -- -j16 -l16
[2.961s] Invoking command in '/home/ros/ros_learn/ws01_plumbing/build/cpp02_service': CMAKE_PREFIX_PATH=/home/ros/ros_learn/ws01_plumbing/install/base_interfaces_demo:/home/ros/ros_learn/ws01_plumbing/install/cpp02_service:/home/ros/ros_learn/ws01_plumbing/install/cpp01_topic:/home/ros/ros_learn/ws01_plumbing/install/py01_topic:/opt/ros/humble /usr/bin/cmake --install /home/ros/ros_learn/ws01_plumbing/build/cpp02_service
[2.967s] -- Install configuration: ""
[2.968s] -- Installing: /home/ros/ros_learn/ws01_plumbing/install/cpp02_service/lib/cpp02_service/demo01_server
[2.968s] -- Set runtime path of "/home/ros/ros_learn/ws01_plumbing/install/cpp02_service/lib/cpp02_service/demo01_server" to ""
[2.969s] -- Installing: /home/ros/ros_learn/ws01_plumbing/install/cpp02_service/lib/cpp02_service/demo02_client
[2.969s] -- Set runtime path of "/home/ros/ros_learn/ws01_plumbing/install/cpp02_service/lib/cpp02_service/demo02_client" to ""
[2.969s] -- Up-to-date: /home/ros/ros_learn/ws01_plumbing/install/cpp02_service/share/ament_index/resource_index/package_run_dependencies/cpp02_service
[2.969s] -- Up-to-date: /home/ros/ros_learn/ws01_plumbing/install/cpp02_service/share/ament_index/resource_index/parent_prefix_path/cpp02_service
[2.969s] -- Up-to-date: /home/ros/ros_learn/ws01_plumbing/install/cpp02_service/share/cpp02_service/environment/ament_prefix_path.sh
[2.969s] -- Up-to-date: /home/ros/ros_learn/ws01_plumbing/install/cpp02_service/share/cpp02_service/environment/ament_prefix_path.dsv
[2.970s] -- Up-to-date: /home/ros/ros_learn/ws01_plumbing/install/cpp02_service/share/cpp02_service/environment/path.sh
[2.970s] -- Up-to-date: /home/ros/ros_learn/ws01_plumbing/install/cpp02_service/share/cpp02_service/environment/path.dsv
[2.970s] -- Up-to-date: /home/ros/ros_learn/ws01_plumbing/install/cpp02_service/share/cpp02_service/local_setup.bash
[2.970s] -- Up-to-date: /home/ros/ros_learn/ws01_plumbing/install/cpp02_service/share/cpp02_service/local_setup.sh
[2.970s] -- Up-to-date: /home/ros/ros_learn/ws01_plumbing/install/cpp02_service/share/cpp02_service/local_setup.zsh
[2.970s] -- Up-to-date: /home/ros/ros_learn/ws01_plumbing/install/cpp02_service/share/cpp02_service/local_setup.dsv
[2.970s] -- Installing: /home/ros/ros_learn/ws01_plumbing/install/cpp02_service/share/cpp02_service/package.dsv
[2.970s] -- Up-to-date: /home/ros/ros_learn/ws01_plumbing/install/cpp02_service/share/ament_index/resource_index/packages/cpp02_service
[2.970s] -- Up-to-date: /home/ros/ros_learn/ws01_plumbing/install/cpp02_service/share/cpp02_service/cmake/cpp02_serviceConfig.cmake
[2.970s] -- Up-to-date: /home/ros/ros_learn/ws01_plumbing/install/cpp02_service/share/cpp02_service/cmake/cpp02_serviceConfig-version.cmake
[2.970s] -- Up-to-date: /home/ros/ros_learn/ws01_plumbing/install/cpp02_service/share/cpp02_service/package.xml
[2.972s] Invoked command in '/home/ros/ros_learn/ws01_plumbing/build/cpp02_service' returned '0': CMAKE_PREFIX_PATH=/home/ros/ros_learn/ws01_plumbing/install/base_interfaces_demo:/home/ros/ros_learn/ws01_plumbing/install/cpp02_service:/home/ros/ros_learn/ws01_plumbing/install/cpp01_topic:/home/ros/ros_learn/ws01_plumbing/install/py01_topic:/opt/ros/humble /usr/bin/cmake --install /home/ros/ros_learn/ws01_plumbing/build/cpp02_service
