[35m[1mConsolidate compiler generated dependencies of target demo00_param[0m
[ 50%] [32mBuilding CXX object CMakeFiles/demo00_param.dir/src/demo00_param.cpp.o[0m
In file included from [01m[K/opt/ros/humble/include/rclcpp/rclcpp/logging.hpp:24[m[K,
                 from [01m[K/opt/ros/humble/include/rclcpp/rclcpp/client.hpp:40[m[K,
                 from [01m[K/opt/ros/humble/include/rclcpp/rclcpp/callback_group.hpp:24[m[K,
                 from [01m[K/opt/ros/humble/include/rclcpp/rclcpp/any_executable.hpp:20[m[K,
                 from [01m[K/opt/ros/humble/include/rclcpp/rclcpp/memory_strategy.hpp:25[m[K,
                 from [01m[K/opt/ros/humble/include/rclcpp/rclcpp/memory_strategies.hpp:18[m[K,
                 from [01m[K/opt/ros/humble/include/rclcpp/rclcpp/executor_options.hpp:20[m[K,
                 from [01m[K/opt/ros/humble/include/rclcpp/rclcpp/executor.hpp:37[m[K,
                 from [01m[K/opt/ros/humble/include/rclcpp/rclcpp/executors/multi_threaded_executor.hpp:25[m[K,
                 from [01m[K/opt/ros/humble/include/rclcpp/rclcpp/executors.hpp:21[m[K,
                 from [01m[K/opt/ros/humble/include/rclcpp/rclcpp/rclcpp.hpp:155[m[K,
                 from [01m[K/home/ros/ros_learn/ws01_plumbing/src/cpp04_param/src/demo00_param.cpp:1[m[K:
[01m[K/home/ros/ros_learn/ws01_plumbing/src/cpp04_param/src/demo00_param.cpp:[m[K In constructor ‘[01m[KMyparam::Myparam()[m[K’:
[01m[K/home/ros/ros_learn/ws01_plumbing/src/cpp04_param/src/demo00_param.cpp:22:37:[m[K [01;35m[Kwarning: [m[Kformat ‘[01m[K%d[m[K’ expects argument of type ‘[01m[Kint[m[K’, but argument 5 has type ‘[01m[Kconst char*[m[K’ [[01;35m[K]8;;https://gcc.gnu.org/onlinedocs/gcc/Warning-Options.html#index-Wformat=-Wformat=]8;;[m[K]
   22 |     RCLCPP_INFO(this->get_logger(), [01;35m[K"type: %d"[m[K, [32m[Kp1.get_type_name().c_str()[m[K);
      |                                     [01;35m[K^~~~~~~~~~[m[K  [32m[K~~~~~~~~~~~~~~~~~~~~~~~~~~[m[K
      |                                                                         [32m[K|[m[K
      |                                                                         [32m[Kconst char*[m[K
[01m[K/home/ros/ros_learn/ws01_plumbing/src/cpp04_param/src/demo00_param.cpp:22:45:[m[K [01;36m[Knote: [m[Kformat string is defined here
   22 |     RCLCPP_INFO(this->get_logger(), "type: [01;36m[K%d[m[K", p1.get_type_name().c_str());
      |                                            [01;36m[K~^[m[K
      |                                             [01;36m[K|[m[K
      |                                             [01;36m[Kint[m[K
      |                                            [32m[K%s[m[K
[100%] [32m[1mLinking CXX executable demo00_param[0m
[100%] Built target demo00_param
-- Install configuration: ""
-- Installing: /home/ros/ros_learn/ws01_plumbing/src/install/cpp04_param/lib/cpp04_param/demo00_param
-- Set runtime path of "/home/ros/ros_learn/ws01_plumbing/src/install/cpp04_param/lib/cpp04_param/demo00_param" to ""
-- Up-to-date: /home/ros/ros_learn/ws01_plumbing/src/install/cpp04_param/share/ament_index/resource_index/package_run_dependencies/cpp04_param
-- Up-to-date: /home/ros/ros_learn/ws01_plumbing/src/install/cpp04_param/share/ament_index/resource_index/parent_prefix_path/cpp04_param
-- Up-to-date: /home/ros/ros_learn/ws01_plumbing/src/install/cpp04_param/share/cpp04_param/environment/ament_prefix_path.sh
-- Up-to-date: /home/ros/ros_learn/ws01_plumbing/src/install/cpp04_param/share/cpp04_param/environment/ament_prefix_path.dsv
-- Up-to-date: /home/ros/ros_learn/ws01_plumbing/src/install/cpp04_param/share/cpp04_param/environment/path.sh
-- Up-to-date: /home/ros/ros_learn/ws01_plumbing/src/install/cpp04_param/share/cpp04_param/environment/path.dsv
-- Up-to-date: /home/ros/ros_learn/ws01_plumbing/src/install/cpp04_param/share/cpp04_param/local_setup.bash
-- Up-to-date: /home/ros/ros_learn/ws01_plumbing/src/install/cpp04_param/share/cpp04_param/local_setup.sh
-- Up-to-date: /home/ros/ros_learn/ws01_plumbing/src/install/cpp04_param/share/cpp04_param/local_setup.zsh
-- Up-to-date: /home/ros/ros_learn/ws01_plumbing/src/install/cpp04_param/share/cpp04_param/local_setup.dsv
-- Installing: /home/ros/ros_learn/ws01_plumbing/src/install/cpp04_param/share/cpp04_param/package.dsv
-- Up-to-date: /home/ros/ros_learn/ws01_plumbing/src/install/cpp04_param/share/ament_index/resource_index/packages/cpp04_param
-- Up-to-date: /home/ros/ros_learn/ws01_plumbing/src/install/cpp04_param/share/cpp04_param/cmake/cpp04_paramConfig.cmake
-- Up-to-date: /home/ros/ros_learn/ws01_plumbing/src/install/cpp04_param/share/cpp04_param/cmake/cpp04_paramConfig-version.cmake
-- Up-to-date: /home/ros/ros_learn/ws01_plumbing/src/install/cpp04_param/share/cpp04_param/package.xml
