[0.009s] Invoking command in '/home/ros/ros_learn/ws01_plumbing/src/build/cpp04_param': CMAKE_PREFIX_PATH=${CMAKE_PREFIX_PATH}:/opt/ros/humble /usr/bin/cmake --build /home/ros/ros_learn/ws01_plumbing/src/build/cpp04_param -- -j16 -l16
[0.044s] [35m[1mConsolidate compiler generated dependencies of target demo00_param[0m
[0.060s] [ 50%] [32mBuilding CXX object CMakeFiles/demo00_param.dir/src/demo00_param.cpp.o[0m
[1.833s] In file included from [01m[K/opt/ros/humble/include/rclcpp/rclcpp/logging.hpp:24[m[K,
[1.833s]                  from [01m[K/opt/ros/humble/include/rclcpp/rclcpp/client.hpp:40[m[K,
[1.833s]                  from [01m[K/opt/ros/humble/include/rclcpp/rclcpp/callback_group.hpp:24[m[K,
[1.833s]                  from [01m[K/opt/ros/humble/include/rclcpp/rclcpp/any_executable.hpp:20[m[K,
[1.833s]                  from [01m[K/opt/ros/humble/include/rclcpp/rclcpp/memory_strategy.hpp:25[m[K,
[1.833s]                  from [01m[K/opt/ros/humble/include/rclcpp/rclcpp/memory_strategies.hpp:18[m[K,
[1.833s]                  from [01m[K/opt/ros/humble/include/rclcpp/rclcpp/executor_options.hpp:20[m[K,
[1.833s]                  from [01m[K/opt/ros/humble/include/rclcpp/rclcpp/executor.hpp:37[m[K,
[1.833s]                  from [01m[K/opt/ros/humble/include/rclcpp/rclcpp/executors/multi_threaded_executor.hpp:25[m[K,
[1.833s]                  from [01m[K/opt/ros/humble/include/rclcpp/rclcpp/executors.hpp:21[m[K,
[1.833s]                  from [01m[K/opt/ros/humble/include/rclcpp/rclcpp/rclcpp.hpp:155[m[K,
[1.833s]                  from [01m[K/home/ros/ros_learn/ws01_plumbing/src/cpp04_param/src/demo00_param.cpp:1[m[K:
[1.834s] [01m[K/home/ros/ros_learn/ws01_plumbing/src/cpp04_param/src/demo00_param.cpp:[m[K In constructor ‘[01m[KMyparam::Myparam()[m[K’:
[1.834s] [01m[K/home/ros/ros_learn/ws01_plumbing/src/cpp04_param/src/demo00_param.cpp:22:37:[m[K [01;35m[Kwarning: [m[Kformat ‘[01m[K%d[m[K’ expects argument of type ‘[01m[Kint[m[K’, but argument 5 has type ‘[01m[Kconst char*[m[K’ [[01;35m[K]8;;https://gcc.gnu.org/onlinedocs/gcc/Warning-Options.html#index-Wformat=-Wformat=]8;;[m[K]
[1.834s]    22 |     RCLCPP_INFO(this->get_logger(), [01;35m[K"type: %d"[m[K, [32m[Kp1.get_type_name().c_str()[m[K);
[1.834s]       |                                     [01;35m[K^~~~~~~~~~[m[K  [32m[K~~~~~~~~~~~~~~~~~~~~~~~~~~[m[K
[1.834s]       |                                                                         [32m[K|[m[K
[1.834s]       |                                                                         [32m[Kconst char*[m[K
[1.834s] [01m[K/home/ros/ros_learn/ws01_plumbing/src/cpp04_param/src/demo00_param.cpp:22:45:[m[K [01;36m[Knote: [m[Kformat string is defined here
[1.834s]    22 |     RCLCPP_INFO(this->get_logger(), "type: [01;36m[K%d[m[K", p1.get_type_name().c_str());
[1.834s]       |                                            [01;36m[K~^[m[K
[1.834s]       |                                             [01;36m[K|[m[K
[1.834s]       |                                             [01;36m[Kint[m[K
[1.834s]       |                                            [32m[K%s[m[K
[2.265s] [100%] [32m[1mLinking CXX executable demo00_param[0m
[2.348s] [100%] Built target demo00_param
[2.358s] Invoked command in '/home/ros/ros_learn/ws01_plumbing/src/build/cpp04_param' returned '0': CMAKE_PREFIX_PATH=${CMAKE_PREFIX_PATH}:/opt/ros/humble /usr/bin/cmake --build /home/ros/ros_learn/ws01_plumbing/src/build/cpp04_param -- -j16 -l16
[2.366s] Invoking command in '/home/ros/ros_learn/ws01_plumbing/src/build/cpp04_param': CMAKE_PREFIX_PATH=${CMAKE_PREFIX_PATH}:/opt/ros/humble /usr/bin/cmake --install /home/ros/ros_learn/ws01_plumbing/src/build/cpp04_param
[2.372s] -- Install configuration: ""
[2.372s] -- Installing: /home/ros/ros_learn/ws01_plumbing/src/install/cpp04_param/lib/cpp04_param/demo00_param
[2.372s] -- Set runtime path of "/home/ros/ros_learn/ws01_plumbing/src/install/cpp04_param/lib/cpp04_param/demo00_param" to ""
[2.372s] -- Up-to-date: /home/ros/ros_learn/ws01_plumbing/src/install/cpp04_param/share/ament_index/resource_index/package_run_dependencies/cpp04_param
[2.372s] -- Up-to-date: /home/ros/ros_learn/ws01_plumbing/src/install/cpp04_param/share/ament_index/resource_index/parent_prefix_path/cpp04_param
[2.372s] -- Up-to-date: /home/ros/ros_learn/ws01_plumbing/src/install/cpp04_param/share/cpp04_param/environment/ament_prefix_path.sh
[2.373s] -- Up-to-date: /home/ros/ros_learn/ws01_plumbing/src/install/cpp04_param/share/cpp04_param/environment/ament_prefix_path.dsv
[2.373s] -- Up-to-date: /home/ros/ros_learn/ws01_plumbing/src/install/cpp04_param/share/cpp04_param/environment/path.sh
[2.373s] -- Up-to-date: /home/ros/ros_learn/ws01_plumbing/src/install/cpp04_param/share/cpp04_param/environment/path.dsv
[2.373s] -- Up-to-date: /home/ros/ros_learn/ws01_plumbing/src/install/cpp04_param/share/cpp04_param/local_setup.bash
[2.373s] -- Up-to-date: /home/ros/ros_learn/ws01_plumbing/src/install/cpp04_param/share/cpp04_param/local_setup.sh
[2.373s] -- Up-to-date: /home/ros/ros_learn/ws01_plumbing/src/install/cpp04_param/share/cpp04_param/local_setup.zsh
[2.373s] -- Up-to-date: /home/ros/ros_learn/ws01_plumbing/src/install/cpp04_param/share/cpp04_param/local_setup.dsv
[2.373s] -- Installing: /home/ros/ros_learn/ws01_plumbing/src/install/cpp04_param/share/cpp04_param/package.dsv
[2.373s] -- Up-to-date: /home/ros/ros_learn/ws01_plumbing/src/install/cpp04_param/share/ament_index/resource_index/packages/cpp04_param
[2.373s] -- Up-to-date: /home/ros/ros_learn/ws01_plumbing/src/install/cpp04_param/share/cpp04_param/cmake/cpp04_paramConfig.cmake
[2.373s] -- Up-to-date: /home/ros/ros_learn/ws01_plumbing/src/install/cpp04_param/share/cpp04_param/cmake/cpp04_paramConfig-version.cmake
[2.373s] -- Up-to-date: /home/ros/ros_learn/ws01_plumbing/src/install/cpp04_param/share/cpp04_param/package.xml
[2.374s] Invoked command in '/home/ros/ros_learn/ws01_plumbing/src/build/cpp04_param' returned '0': CMAKE_PREFIX_PATH=${CMAKE_PREFIX_PATH}:/opt/ros/humble /usr/bin/cmake --install /home/ros/ros_learn/ws01_plumbing/src/build/cpp04_param
