[0.032s] Invoking command in '/home/ros/ros_learn/ws01_plumbing/build/cpp02_service': CMAKE_PREFIX_PATH=/home/ros/ros_learn/ws01_plumbing/install/base_interfaces_demo:/home/ros/ros_learn/ws01_plumbing/install/cpp03_action:/home/ros/ros_learn/ws01_plumbing/install/cpp02_service:/home/ros/ros_learn/ws01_plumbing/install/cpp01_topic:/home/ros/ros_learn/ws01_plumbing/install/py02_service:/home/ros/ros_learn/ws01_plumbing/install/py01_topic:/opt/ros/humble /usr/bin/cmake --build /home/ros/ros_learn/ws01_plumbing/build/cpp02_service -- -j16 -l16
[0.498s] -- Found ament_cmake: 1.3.11 (/opt/ros/humble/share/ament_cmake/cmake)
[0.498s] -- Found rclcpp: 16.0.11 (/opt/ros/humble/share/rclcpp/cmake)
[0.499s] -- Found rosidl_generator_c: 3.1.6 (/opt/ros/humble/share/rosidl_generator_c/cmake)
[0.499s] -- Found rosidl_adapter: 3.1.6 (/opt/ros/humble/share/rosidl_adapter/cmake)
[0.499s] -- Found rosidl_generator_cpp: 3.1.6 (/opt/ros/humble/share/rosidl_generator_cpp/cmake)
[0.499s] -- Using all available rosidl_typesupport_c: rosidl_typesupport_fastrtps_c;rosidl_typesupport_introspection_c
[0.499s] -- Using all available rosidl_typesupport_cpp: rosidl_typesupport_fastrtps_cpp;rosidl_typesupport_introspection_cpp
[0.499s] -- Found rmw_implementation_cmake: 6.1.2 (/opt/ros/humble/share/rmw_implementation_cmake/cmake)
[0.499s] -- Found rmw_fastrtps_cpp: 6.2.7 (/opt/ros/humble/share/rmw_fastrtps_cpp/cmake)
[0.500s] -- Using RMW implementation 'rmw_fastrtps_cpp' as default
[0.500s] -- Found base_interfaces_demo: 0.0.0 (/home/ros/ros_learn/ws01_plumbing/install/base_interfaces_demo/share/base_interfaces_demo/cmake)
[0.500s] -- Found ament_lint_auto: 0.12.11 (/opt/ros/humble/share/ament_lint_auto/cmake)
[0.500s] -- Added test 'cppcheck' to perform static code analysis on C / C++ code
[0.500s] -- Configured cppcheck include dirs: $<BUILD_INTERFACE:/home/ros/ros_learn/ws01_plumbing/src/cpp02_service/include>
[0.500s] -- Configured cppcheck exclude dirs and/or files: 
[0.500s] -- Added test 'lint_cmake' to check CMake code style
[0.500s] -- Added test 'uncrustify' to check C / C++ code style
[0.500s] -- Configured uncrustify additional arguments: 
[0.500s] -- Added test 'xmllint' to check XML markup files
[0.501s] -- Configuring done
[0.501s] -- Generating done
[0.501s] -- Build files have been written to: /home/ros/ros_learn/ws01_plumbing/build/cpp02_service
[0.526s] [35m[1mConsolidate compiler generated dependencies of target demo01_server[0m
[0.527s] [35m[1mConsolidate compiler generated dependencies of target demo02_client[0m
[0.544s] [ 50%] [32mBuilding CXX object CMakeFiles/demo01_server.dir/src/demo01_server.cpp.o[0m
[0.544s] [ 50%] [32mBuilding CXX object CMakeFiles/demo02_client.dir/src/demo02_client.cpp.o[0m
[3.875s] [ 75%] [32m[1mLinking CXX executable demo02_client[0m
[3.979s] [100%] [32m[1mLinking CXX executable demo01_server[0m
[4.042s] [100%] Built target demo02_client
[4.130s] [100%] Built target demo01_server
