[0.009s] Invoking command in '/home/ros/ros_learn/ws01_plumbing/build/base_interfaces_demo': CMAKE_PREFIX_PATH=/opt/ros/humble /usr/bin/cmake /home/ros/ros_learn/ws01_plumbing/src/base_interfaces_demo -DCMAKE_INSTALL_PREFIX=/home/ros/ros_learn/ws01_plumbing/install/base_interfaces_demo
[0.093s] -- The C compiler identification is GNU 11.4.0
[0.147s] -- The CXX compiler identification is GNU 11.4.0
[0.155s] -- Detecting C compiler ABI info
[0.212s] -- Detecting C compiler ABI info - done
[0.217s] -- Check for working C compiler: /usr/bin/cc - skipped
[0.217s] -- Detecting C compile features
[0.218s] -- Detecting C compile features - done
[0.221s] -- Detecting CXX compiler ABI info
[0.284s] -- Detecting CXX compiler ABI info - done
[0.289s] -- Check for working CXX compiler: /usr/bin/c++ - skipped
[0.290s] -- Detecting CXX compile features
[0.290s] -- Detecting CXX compile features - done
[0.293s] -- Found ament_cmake: 1.3.11 (/opt/ros/humble/share/ament_cmake/cmake)
[0.406s] -- Found Python3: /usr/bin/python3 (found version "3.10.12") found components: Interpreter 
[0.480s] -- Found ament_lint_auto: 0.12.11 (/opt/ros/humble/share/ament_lint_auto/cmake)
[0.539s] -- Added test 'lint_cmake' to check CMake code style
[0.540s] -- Added test 'xmllint' to check XML markup files
[0.541s] -- Configuring done
[0.544s] -- Generating done
[0.545s] -- Build files have been written to: /home/ros/ros_learn/ws01_plumbing/build/base_interfaces_demo
[0.549s] Invoked command in '/home/ros/ros_learn/ws01_plumbing/build/base_interfaces_demo' returned '0': CMAKE_PREFIX_PATH=/opt/ros/humble /usr/bin/cmake /home/ros/ros_learn/ws01_plumbing/src/base_interfaces_demo -DCMAKE_INSTALL_PREFIX=/home/ros/ros_learn/ws01_plumbing/install/base_interfaces_demo
[0.550s] Invoking command in '/home/ros/ros_learn/ws01_plumbing/build/base_interfaces_demo': CMAKE_PREFIX_PATH=/opt/ros/humble /usr/bin/cmake --build /home/ros/ros_learn/ws01_plumbing/build/base_interfaces_demo -- -j16 -l16
[0.580s] Invoked command in '/home/ros/ros_learn/ws01_plumbing/build/base_interfaces_demo' returned '0': CMAKE_PREFIX_PATH=/opt/ros/humble /usr/bin/cmake --build /home/ros/ros_learn/ws01_plumbing/build/base_interfaces_demo -- -j16 -l16
[0.588s] Invoking command in '/home/ros/ros_learn/ws01_plumbing/build/base_interfaces_demo': CMAKE_PREFIX_PATH=/opt/ros/humble /usr/bin/cmake --install /home/ros/ros_learn/ws01_plumbing/build/base_interfaces_demo
[0.592s] -- Install configuration: ""
[0.593s] -- Installing: /home/ros/ros_learn/ws01_plumbing/install/base_interfaces_demo/share/ament_index/resource_index/package_run_dependencies/base_interfaces_demo
[0.593s] -- Installing: /home/ros/ros_learn/ws01_plumbing/install/base_interfaces_demo/share/ament_index/resource_index/parent_prefix_path/base_interfaces_demo
[0.593s] -- Installing: /home/ros/ros_learn/ws01_plumbing/install/base_interfaces_demo/share/base_interfaces_demo/environment/ament_prefix_path.sh
[0.593s] -- Installing: /home/ros/ros_learn/ws01_plumbing/install/base_interfaces_demo/share/base_interfaces_demo/environment/ament_prefix_path.dsv
[0.593s] -- Installing: /home/ros/ros_learn/ws01_plumbing/install/base_interfaces_demo/share/base_interfaces_demo/environment/path.sh
[0.593s] -- Installing: /home/ros/ros_learn/ws01_plumbing/install/base_interfaces_demo/share/base_interfaces_demo/environment/path.dsv
[0.593s] -- Installing: /home/ros/ros_learn/ws01_plumbing/install/base_interfaces_demo/share/base_interfaces_demo/local_setup.bash
[0.594s] -- Installing: /home/ros/ros_learn/ws01_plumbing/install/base_interfaces_demo/share/base_interfaces_demo/local_setup.sh
[0.594s] -- Installing: /home/ros/ros_learn/ws01_plumbing/install/base_interfaces_demo/share/base_interfaces_demo/local_setup.zsh
[0.594s] -- Installing: /home/ros/ros_learn/ws01_plumbing/install/base_interfaces_demo/share/base_interfaces_demo/local_setup.dsv
[0.594s] -- Installing: /home/ros/ros_learn/ws01_plumbing/install/base_interfaces_demo/share/base_interfaces_demo/package.dsv
[0.594s] -- Installing: /home/ros/ros_learn/ws01_plumbing/install/base_interfaces_demo/share/ament_index/resource_index/packages/base_interfaces_demo
[0.594s] -- Installing: /home/ros/ros_learn/ws01_plumbing/install/base_interfaces_demo/share/base_interfaces_demo/cmake/base_interfaces_demoConfig.cmake
[0.594s] -- Installing: /home/ros/ros_learn/ws01_plumbing/install/base_interfaces_demo/share/base_interfaces_demo/cmake/base_interfaces_demoConfig-version.cmake
[0.595s] -- Installing: /home/ros/ros_learn/ws01_plumbing/install/base_interfaces_demo/share/base_interfaces_demo/package.xml
[0.596s] Invoked command in '/home/ros/ros_learn/ws01_plumbing/build/base_interfaces_demo' returned '0': CMAKE_PREFIX_PATH=/opt/ros/humble /usr/bin/cmake --install /home/ros/ros_learn/ws01_plumbing/build/base_interfaces_demo
