[0.009s] Invoking command in '/home/ros/ros_learn/ws01_plumbing/build/cpp05_names': CMAKE_PREFIX_PATH=${CMAKE_PREFIX_PATH}:/home/ros/ros_learn/ws01_plumbing/install/py04_param:/home/ros/ros_learn/ws01_plumbing/install/py03_action:/home/ros/ros_learn/ws01_plumbing/install/py02_service:/home/ros/ros_learn/ws01_plumbing/install/py01_topic:/opt/ros/humble /usr/bin/cmake --build /home/ros/ros_learn/ws01_plumbing/build/cpp05_names -- -j16 -l16
[0.043s] [35m[1mConsolidate compiler generated dependencies of target demo01_names[0m
[0.058s] [ 50%] [32mBuilding CXX object CMakeFiles/demo01_names.dir/src/demo01_names.cpp.o[0m
[2.234s] [100%] [32m[1mLinking CXX executable demo01_names[0m
[2.320s] [100%] Built target demo01_names
[2.330s] Invoked command in '/home/ros/ros_learn/ws01_plumbing/build/cpp05_names' returned '0': CMAKE_PREFIX_PATH=${CMAKE_PREFIX_PATH}:/home/ros/ros_learn/ws01_plumbing/install/py04_param:/home/ros/ros_learn/ws01_plumbing/install/py03_action:/home/ros/ros_learn/ws01_plumbing/install/py02_service:/home/ros/ros_learn/ws01_plumbing/install/py01_topic:/opt/ros/humble /usr/bin/cmake --build /home/ros/ros_learn/ws01_plumbing/build/cpp05_names -- -j16 -l16
[2.338s] Invoking command in '/home/ros/ros_learn/ws01_plumbing/build/cpp05_names': CMAKE_PREFIX_PATH=${CMAKE_PREFIX_PATH}:/home/ros/ros_learn/ws01_plumbing/install/py04_param:/home/ros/ros_learn/ws01_plumbing/install/py03_action:/home/ros/ros_learn/ws01_plumbing/install/py02_service:/home/ros/ros_learn/ws01_plumbing/install/py01_topic:/opt/ros/humble /usr/bin/cmake --install /home/ros/ros_learn/ws01_plumbing/build/cpp05_names
[2.344s] -- Install configuration: ""
[2.344s] -- Installing: /home/ros/ros_learn/ws01_plumbing/install/cpp05_names/lib/cpp05_names/demo01_names
[2.345s] -- Set runtime path of "/home/ros/ros_learn/ws01_plumbing/install/cpp05_names/lib/cpp05_names/demo01_names" to ""
[2.345s] -- Up-to-date: /home/ros/ros_learn/ws01_plumbing/install/cpp05_names/share/cpp05_names/launch
[2.345s] -- Up-to-date: /home/ros/ros_learn/ws01_plumbing/install/cpp05_names/share/cpp05_names/launch/demo03_names_launch.yaml
[2.345s] -- Up-to-date: /home/ros/ros_learn/ws01_plumbing/install/cpp05_names/share/cpp05_names/launch/demo02_names_launch.xml
[2.345s] -- Up-to-date: /home/ros/ros_learn/ws01_plumbing/install/cpp05_names/share/cpp05_names/launch/demo01_names_launch.py
[2.345s] -- Up-to-date: /home/ros/ros_learn/ws01_plumbing/install/cpp05_names/share/ament_index/resource_index/package_run_dependencies/cpp05_names
[2.345s] -- Up-to-date: /home/ros/ros_learn/ws01_plumbing/install/cpp05_names/share/ament_index/resource_index/parent_prefix_path/cpp05_names
[2.345s] -- Up-to-date: /home/ros/ros_learn/ws01_plumbing/install/cpp05_names/share/cpp05_names/environment/ament_prefix_path.sh
[2.345s] -- Up-to-date: /home/ros/ros_learn/ws01_plumbing/install/cpp05_names/share/cpp05_names/environment/ament_prefix_path.dsv
[2.345s] -- Up-to-date: /home/ros/ros_learn/ws01_plumbing/install/cpp05_names/share/cpp05_names/environment/path.sh
[2.345s] -- Up-to-date: /home/ros/ros_learn/ws01_plumbing/install/cpp05_names/share/cpp05_names/environment/path.dsv
[2.345s] -- Up-to-date: /home/ros/ros_learn/ws01_plumbing/install/cpp05_names/share/cpp05_names/local_setup.bash
[2.345s] -- Up-to-date: /home/ros/ros_learn/ws01_plumbing/install/cpp05_names/share/cpp05_names/local_setup.sh
[2.346s] -- Up-to-date: /home/ros/ros_learn/ws01_plumbing/install/cpp05_names/share/cpp05_names/local_setup.zsh
[2.346s] -- Up-to-date: /home/ros/ros_learn/ws01_plumbing/install/cpp05_names/share/cpp05_names/local_setup.dsv
[2.346s] -- Installing: /home/ros/ros_learn/ws01_plumbing/install/cpp05_names/share/cpp05_names/package.dsv
[2.346s] -- Up-to-date: /home/ros/ros_learn/ws01_plumbing/install/cpp05_names/share/ament_index/resource_index/packages/cpp05_names
[2.346s] -- Up-to-date: /home/ros/ros_learn/ws01_plumbing/install/cpp05_names/share/cpp05_names/cmake/cpp05_namesConfig.cmake
[2.346s] -- Up-to-date: /home/ros/ros_learn/ws01_plumbing/install/cpp05_names/share/cpp05_names/cmake/cpp05_namesConfig-version.cmake
[2.346s] -- Up-to-date: /home/ros/ros_learn/ws01_plumbing/install/cpp05_names/share/cpp05_names/package.xml
[2.347s] Invoked command in '/home/ros/ros_learn/ws01_plumbing/build/cpp05_names' returned '0': CMAKE_PREFIX_PATH=${CMAKE_PREFIX_PATH}:/home/ros/ros_learn/ws01_plumbing/install/py04_param:/home/ros/ros_learn/ws01_plumbing/install/py03_action:/home/ros/ros_learn/ws01_plumbing/install/py02_service:/home/ros/ros_learn/ws01_plumbing/install/py01_topic:/opt/ros/humble /usr/bin/cmake --install /home/ros/ros_learn/ws01_plumbing/build/cpp05_names
