[0.457s] Invoking command in '/home/ros/ros_learn/ws01_plumbing/src/py01_topic': AMENT_PREFIX_PATH=/home/ros/ros_learn/ws01_plumbing/install/base_interfaces_demo:${AMENT_PREFIX_PATH} CMAKE_PREFIX_PATH=/home/ros/ros_learn/ws01_plumbing/install/base_interfaces_demo LD_LIBRARY_PATH=/home/ros/ros_learn/ws01_plumbing/install/base_interfaces_demo/lib:${LD_LIBRARY_PATH} PYTHONPATH=/home/ros/ros_learn/ws01_plumbing/build/py01_topic/prefix_override:/usr/lib/python3/dist-packages/colcon_core/task/python/colcon_distutils_commands:/home/ros/ros_learn/ws01_plumbing/install/py01_topic/lib/python3.10/site-packages:/home/ros/ros_learn/ws01_plumbing/install/base_interfaces_demo/local/lib/python3.10/dist-packages:${PYTHONPATH} /usr/bin/python3 -W ignore:setup.py install is deprecated -W ignore:easy_install command is deprecated setup.py egg_info --egg-base ../../build/py01_topic build --build-base /home/ros/ros_learn/ws01_plumbing/build/py01_topic/build install --record /home/ros/ros_learn/ws01_plumbing/build/py01_topic/install.log --single-version-externally-managed install_data
[0.625s] running egg_info
[0.625s] writing ../../build/py01_topic/py01_topic.egg-info/PKG-INFO
[0.626s] writing dependency_links to ../../build/py01_topic/py01_topic.egg-info/dependency_links.txt
[0.626s] writing entry points to ../../build/py01_topic/py01_topic.egg-info/entry_points.txt
[0.626s] writing requirements to ../../build/py01_topic/py01_topic.egg-info/requires.txt
[0.626s] writing top-level names to ../../build/py01_topic/py01_topic.egg-info/top_level.txt
[0.627s] reading manifest file '../../build/py01_topic/py01_topic.egg-info/SOURCES.txt'
[0.628s] writing manifest file '../../build/py01_topic/py01_topic.egg-info/SOURCES.txt'
[0.628s] running build
[0.628s] running build_py
[0.628s] copying py01_topic/demo02_listener_str_py.py -> /home/ros/ros_learn/ws01_plumbing/build/py01_topic/build/lib/py01_topic
[0.629s] copying py01_topic/demo03_talker_stu_py.py -> /home/ros/ros_learn/ws01_plumbing/build/py01_topic/build/lib/py01_topic
[0.629s] copying py01_topic/demo04_listener_stu_py.py -> /home/ros/ros_learn/ws01_plumbing/build/py01_topic/build/lib/py01_topic
[0.629s] running install
[0.629s] running install_lib
[0.630s] copying /home/ros/ros_learn/ws01_plumbing/build/py01_topic/build/lib/py01_topic/demo02_listener_str_py.py -> /home/ros/ros_learn/ws01_plumbing/install/py01_topic/lib/python3.10/site-packages/py01_topic
[0.630s] copying /home/ros/ros_learn/ws01_plumbing/build/py01_topic/build/lib/py01_topic/demo03_talker_stu_py.py -> /home/ros/ros_learn/ws01_plumbing/install/py01_topic/lib/python3.10/site-packages/py01_topic
[0.630s] copying /home/ros/ros_learn/ws01_plumbing/build/py01_topic/build/lib/py01_topic/demo04_listener_stu_py.py -> /home/ros/ros_learn/ws01_plumbing/install/py01_topic/lib/python3.10/site-packages/py01_topic
[0.630s] byte-compiling /home/ros/ros_learn/ws01_plumbing/install/py01_topic/lib/python3.10/site-packages/py01_topic/demo02_listener_str_py.py to demo02_listener_str_py.cpython-310.pyc
[0.631s] byte-compiling /home/ros/ros_learn/ws01_plumbing/install/py01_topic/lib/python3.10/site-packages/py01_topic/demo03_talker_stu_py.py to demo03_talker_stu_py.cpython-310.pyc
[0.631s] byte-compiling /home/ros/ros_learn/ws01_plumbing/install/py01_topic/lib/python3.10/site-packages/py01_topic/demo04_listener_stu_py.py to demo04_listener_stu_py.cpython-310.pyc
[0.631s] running install_data
[0.631s] running install_egg_info
[0.633s] removing '/home/ros/ros_learn/ws01_plumbing/install/py01_topic/lib/python3.10/site-packages/py01_topic-0.0.0-py3.10.egg-info' (and everything under it)
[0.633s] Copying ../../build/py01_topic/py01_topic.egg-info to /home/ros/ros_learn/ws01_plumbing/install/py01_topic/lib/python3.10/site-packages/py01_topic-0.0.0-py3.10.egg-info
[0.634s] running install_scripts
[0.650s] Installing demo01_talker_str_py script to /home/ros/ros_learn/ws01_plumbing/install/py01_topic/lib/py01_topic
[0.650s] Installing demo02_listener_str_py = py01_topic.demo02_listener_str_py:maindemo03_talker_stu_py script to /home/ros/ros_learn/ws01_plumbing/install/py01_topic/lib/py01_topic
[0.650s] Installing demo04_listener_stu_py script to /home/ros/ros_learn/ws01_plumbing/install/py01_topic/lib/py01_topic
[0.650s] writing list of installed files to '/home/ros/ros_learn/ws01_plumbing/build/py01_topic/install.log'
[0.669s] Invoked command in '/home/ros/ros_learn/ws01_plumbing/src/py01_topic' returned '0': AMENT_PREFIX_PATH=/home/ros/ros_learn/ws01_plumbing/install/base_interfaces_demo:${AMENT_PREFIX_PATH} CMAKE_PREFIX_PATH=/home/ros/ros_learn/ws01_plumbing/install/base_interfaces_demo LD_LIBRARY_PATH=/home/ros/ros_learn/ws01_plumbing/install/base_interfaces_demo/lib:${LD_LIBRARY_PATH} PYTHONPATH=/home/ros/ros_learn/ws01_plumbing/build/py01_topic/prefix_override:/usr/lib/python3/dist-packages/colcon_core/task/python/colcon_distutils_commands:/home/ros/ros_learn/ws01_plumbing/install/py01_topic/lib/python3.10/site-packages:/home/ros/ros_learn/ws01_plumbing/install/base_interfaces_demo/local/lib/python3.10/dist-packages:${PYTHONPATH} /usr/bin/python3 -W ignore:setup.py install is deprecated -W ignore:easy_install command is deprecated setup.py egg_info --egg-base ../../build/py01_topic build --build-base /home/ros/ros_learn/ws01_plumbing/build/py01_topic/build install --record /home/ros/ros_learn/ws01_plumbing/build/py01_topic/install.log --single-version-externally-managed install_data
