[0.009s] Invoking command in '/home/ros/ros_learn/ws01_plumbing/build/cpp04_param': CMAKE_PREFIX_PATH=${CMAKE_PREFIX_PATH}:/home/ros/ros_learn/ws01_plumbing/install/py04_param:/home/ros/ros_learn/ws01_plumbing/install/py03_action:/home/ros/ros_learn/ws01_plumbing/install/py02_service:/home/ros/ros_learn/ws01_plumbing/install/py01_topic:/opt/ros/humble /usr/bin/cmake --build /home/ros/ros_learn/ws01_plumbing/build/cpp04_param -- -j16 -l16
[0.044s] [35m[1mConsolidate compiler generated dependencies of target demo01_param_server[0m
[0.055s] [ 66%] Built target demo02_param_client
[0.055s] [ 66%] Built target demo00_param
[0.059s] [ 83%] [32mBuilding CXX object CMakeFiles/demo01_param_server.dir/src/demo01_param_server.cpp.o[0m
[2.356s] [100%] [32m[1mLinking CXX executable demo01_param_server[0m
[2.439s] [100%] Built target demo01_param_server
[2.448s] Invoked command in '/home/ros/ros_learn/ws01_plumbing/build/cpp04_param' returned '0': CMAKE_PREFIX_PATH=${CMAKE_PREFIX_PATH}:/home/ros/ros_learn/ws01_plumbing/install/py04_param:/home/ros/ros_learn/ws01_plumbing/install/py03_action:/home/ros/ros_learn/ws01_plumbing/install/py02_service:/home/ros/ros_learn/ws01_plumbing/install/py01_topic:/opt/ros/humble /usr/bin/cmake --build /home/ros/ros_learn/ws01_plumbing/build/cpp04_param -- -j16 -l16
[2.457s] Invoking command in '/home/ros/ros_learn/ws01_plumbing/build/cpp04_param': CMAKE_PREFIX_PATH=${CMAKE_PREFIX_PATH}:/home/ros/ros_learn/ws01_plumbing/install/py04_param:/home/ros/ros_learn/ws01_plumbing/install/py03_action:/home/ros/ros_learn/ws01_plumbing/install/py02_service:/home/ros/ros_learn/ws01_plumbing/install/py01_topic:/opt/ros/humble /usr/bin/cmake --install /home/ros/ros_learn/ws01_plumbing/build/cpp04_param
[2.462s] -- Install configuration: ""
[2.462s] -- Up-to-date: /home/ros/ros_learn/ws01_plumbing/install/cpp04_param/lib/cpp04_param/demo00_param
[2.462s] -- Installing: /home/ros/ros_learn/ws01_plumbing/install/cpp04_param/lib/cpp04_param/demo01_param_server
[2.463s] -- Set runtime path of "/home/ros/ros_learn/ws01_plumbing/install/cpp04_param/lib/cpp04_param/demo01_param_server" to ""
[2.463s] -- Up-to-date: /home/ros/ros_learn/ws01_plumbing/install/cpp04_param/lib/cpp04_param/demo02_param_client
[2.463s] -- Up-to-date: /home/ros/ros_learn/ws01_plumbing/install/cpp04_param/share/ament_index/resource_index/package_run_dependencies/cpp04_param
[2.463s] -- Up-to-date: /home/ros/ros_learn/ws01_plumbing/install/cpp04_param/share/ament_index/resource_index/parent_prefix_path/cpp04_param
[2.463s] -- Up-to-date: /home/ros/ros_learn/ws01_plumbing/install/cpp04_param/share/cpp04_param/environment/ament_prefix_path.sh
[2.463s] -- Up-to-date: /home/ros/ros_learn/ws01_plumbing/install/cpp04_param/share/cpp04_param/environment/ament_prefix_path.dsv
[2.463s] -- Up-to-date: /home/ros/ros_learn/ws01_plumbing/install/cpp04_param/share/cpp04_param/environment/path.sh
[2.463s] -- Up-to-date: /home/ros/ros_learn/ws01_plumbing/install/cpp04_param/share/cpp04_param/environment/path.dsv
[2.463s] -- Up-to-date: /home/ros/ros_learn/ws01_plumbing/install/cpp04_param/share/cpp04_param/local_setup.bash
[2.464s] -- Up-to-date: /home/ros/ros_learn/ws01_plumbing/install/cpp04_param/share/cpp04_param/local_setup.sh
[2.464s] -- Up-to-date: /home/ros/ros_learn/ws01_plumbing/install/cpp04_param/share/cpp04_param/local_setup.zsh
[2.464s] -- Up-to-date: /home/ros/ros_learn/ws01_plumbing/install/cpp04_param/share/cpp04_param/local_setup.dsv
[2.464s] -- Installing: /home/ros/ros_learn/ws01_plumbing/install/cpp04_param/share/cpp04_param/package.dsv
[2.464s] -- Up-to-date: /home/ros/ros_learn/ws01_plumbing/install/cpp04_param/share/ament_index/resource_index/packages/cpp04_param
[2.464s] -- Up-to-date: /home/ros/ros_learn/ws01_plumbing/install/cpp04_param/share/cpp04_param/cmake/cpp04_paramConfig.cmake
[2.464s] -- Up-to-date: /home/ros/ros_learn/ws01_plumbing/install/cpp04_param/share/cpp04_param/cmake/cpp04_paramConfig-version.cmake
[2.464s] -- Up-to-date: /home/ros/ros_learn/ws01_plumbing/install/cpp04_param/share/cpp04_param/package.xml
[2.465s] Invoked command in '/home/ros/ros_learn/ws01_plumbing/build/cpp04_param' returned '0': CMAKE_PREFIX_PATH=${CMAKE_PREFIX_PATH}:/home/ros/ros_learn/ws01_plumbing/install/py04_param:/home/ros/ros_learn/ws01_plumbing/install/py03_action:/home/ros/ros_learn/ws01_plumbing/install/py02_service:/home/ros/ros_learn/ws01_plumbing/install/py01_topic:/opt/ros/humble /usr/bin/cmake --install /home/ros/ros_learn/ws01_plumbing/build/cpp04_param
