[0.013s] Invoking command in '/home/ros/ros_learn/ws01_plumbing/build/cpp01_topic': AMENT_PREFIX_PATH=/home/ros/ros_learn/ws01_plumbing/install/base_interfaces_demo:${AMENT_PREFIX_PATH} CMAKE_PREFIX_PATH=/home/ros/ros_learn/ws01_plumbing/install/base_interfaces_demo:/opt/ros/humble LD_LIBRARY_PATH=/home/ros/ros_learn/ws01_plumbing/install/base_interfaces_demo/lib:${LD_LIBRARY_PATH} PYTHONPATH=/home/ros/ros_learn/ws01_plumbing/install/base_interfaces_demo/local/lib/python3.10/dist-packages:${PYTHONPATH} /usr/bin/cmake --build /home/ros/ros_learn/ws01_plumbing/build/cpp01_topic -- -j16 -l16
[0.063s] [35m[1mConsolidate compiler generated dependencies of target demo04_listener_stu[0m
[0.074s] [ 50%] Built target demo03_talker_stu
[0.074s] [ 50%] Built target demo01_talker_str
[0.074s] [ 75%] Built target demo02_listener_str
[0.081s] [ 87%] [32mBuilding CXX object CMakeFiles/demo04_listener_stu.dir/src/demo04_listener_stu.cpp.o[0m
[6.127s] [100%] [32m[1mLinking CXX executable demo04_listener_stu[0m
[6.405s] [100%] Built target demo04_listener_stu
[6.415s] Invoked command in '/home/ros/ros_learn/ws01_plumbing/build/cpp01_topic' returned '0': AMENT_PREFIX_PATH=/home/ros/ros_learn/ws01_plumbing/install/base_interfaces_demo:${AMENT_PREFIX_PATH} CMAKE_PREFIX_PATH=/home/ros/ros_learn/ws01_plumbing/install/base_interfaces_demo:/opt/ros/humble LD_LIBRARY_PATH=/home/ros/ros_learn/ws01_plumbing/install/base_interfaces_demo/lib:${LD_LIBRARY_PATH} PYTHONPATH=/home/ros/ros_learn/ws01_plumbing/install/base_interfaces_demo/local/lib/python3.10/dist-packages:${PYTHONPATH} /usr/bin/cmake --build /home/ros/ros_learn/ws01_plumbing/build/cpp01_topic -- -j16 -l16
[6.424s] Invoking command in '/home/ros/ros_learn/ws01_plumbing/build/cpp01_topic': AMENT_PREFIX_PATH=/home/ros/ros_learn/ws01_plumbing/install/base_interfaces_demo:${AMENT_PREFIX_PATH} CMAKE_PREFIX_PATH=/home/ros/ros_learn/ws01_plumbing/install/base_interfaces_demo:/opt/ros/humble LD_LIBRARY_PATH=/home/ros/ros_learn/ws01_plumbing/install/base_interfaces_demo/lib:${LD_LIBRARY_PATH} PYTHONPATH=/home/ros/ros_learn/ws01_plumbing/install/base_interfaces_demo/local/lib/python3.10/dist-packages:${PYTHONPATH} /usr/bin/cmake --install /home/ros/ros_learn/ws01_plumbing/build/cpp01_topic
[6.431s] -- Install configuration: ""
[6.431s] -- Up-to-date: /home/ros/ros_learn/ws01_plumbing/install/cpp01_topic/lib/cpp01_topic/demo01_talker_str
[6.432s] -- Up-to-date: /home/ros/ros_learn/ws01_plumbing/install/cpp01_topic/lib/cpp01_topic/demo02_listener_str
[6.432s] -- Up-to-date: /home/ros/ros_learn/ws01_plumbing/install/cpp01_topic/lib/cpp01_topic/demo03_talker_stu
[6.433s] -- Installing: /home/ros/ros_learn/ws01_plumbing/install/cpp01_topic/lib/cpp01_topic/demo04_listener_stu
[6.437s] -- Set runtime path of "/home/ros/ros_learn/ws01_plumbing/install/cpp01_topic/lib/cpp01_topic/demo04_listener_stu" to ""
[6.437s] -- Up-to-date: /home/ros/ros_learn/ws01_plumbing/install/cpp01_topic/share/ament_index/resource_index/package_run_dependencies/cpp01_topic
[6.437s] -- Up-to-date: /home/ros/ros_learn/ws01_plumbing/install/cpp01_topic/share/ament_index/resource_index/parent_prefix_path/cpp01_topic
[6.437s] -- Up-to-date: /home/ros/ros_learn/ws01_plumbing/install/cpp01_topic/share/cpp01_topic/environment/ament_prefix_path.sh
[6.437s] -- Up-to-date: /home/ros/ros_learn/ws01_plumbing/install/cpp01_topic/share/cpp01_topic/environment/ament_prefix_path.dsv
[6.437s] -- Up-to-date: /home/ros/ros_learn/ws01_plumbing/install/cpp01_topic/share/cpp01_topic/environment/path.sh
[6.437s] -- Up-to-date: /home/ros/ros_learn/ws01_plumbing/install/cpp01_topic/share/cpp01_topic/environment/path.dsv
[6.438s] -- Up-to-date: /home/ros/ros_learn/ws01_plumbing/install/cpp01_topic/share/cpp01_topic/local_setup.bash
[6.438s] -- Up-to-date: /home/ros/ros_learn/ws01_plumbing/install/cpp01_topic/share/cpp01_topic/local_setup.sh
[6.438s] -- Up-to-date: /home/ros/ros_learn/ws01_plumbing/install/cpp01_topic/share/cpp01_topic/local_setup.zsh
[6.438s] -- Up-to-date: /home/ros/ros_learn/ws01_plumbing/install/cpp01_topic/share/cpp01_topic/local_setup.dsv
[6.438s] -- Installing: /home/ros/ros_learn/ws01_plumbing/install/cpp01_topic/share/cpp01_topic/package.dsv
[6.438s] -- Up-to-date: /home/ros/ros_learn/ws01_plumbing/install/cpp01_topic/share/ament_index/resource_index/packages/cpp01_topic
[6.438s] -- Up-to-date: /home/ros/ros_learn/ws01_plumbing/install/cpp01_topic/share/cpp01_topic/cmake/cpp01_topicConfig.cmake
[6.438s] -- Up-to-date: /home/ros/ros_learn/ws01_plumbing/install/cpp01_topic/share/cpp01_topic/cmake/cpp01_topicConfig-version.cmake
[6.438s] -- Up-to-date: /home/ros/ros_learn/ws01_plumbing/install/cpp01_topic/share/cpp01_topic/package.xml
[6.440s] Invoked command in '/home/ros/ros_learn/ws01_plumbing/build/cpp01_topic' returned '0': AMENT_PREFIX_PATH=/home/ros/ros_learn/ws01_plumbing/install/base_interfaces_demo:${AMENT_PREFIX_PATH} CMAKE_PREFIX_PATH=/home/ros/ros_learn/ws01_plumbing/install/base_interfaces_demo:/opt/ros/humble LD_LIBRARY_PATH=/home/ros/ros_learn/ws01_plumbing/install/base_interfaces_demo/lib:${LD_LIBRARY_PATH} PYTHONPATH=/home/ros/ros_learn/ws01_plumbing/install/base_interfaces_demo/local/lib/python3.10/dist-packages:${PYTHONPATH} /usr/bin/cmake --install /home/ros/ros_learn/ws01_plumbing/build/cpp01_topic
