[0.010s] Invoking command in '/home/ros/ros_learn/ws01_plumbing/build/cpp05_names': CMAKE_PREFIX_PATH=${CMAKE_PREFIX_PATH}:/home/ros/ros_learn/ws01_plumbing/install/py04_param:/home/ros/ros_learn/ws01_plumbing/install/py03_action:/home/ros/ros_learn/ws01_plumbing/install/py02_service:/home/ros/ros_learn/ws01_plumbing/install/py01_topic:/opt/ros/humble /usr/bin/cmake --build /home/ros/ros_learn/ws01_plumbing/build/cpp05_names -- -j16 -l16
[0.029s] -- Found ament_cmake: 1.3.11 (/opt/ros/humble/share/ament_cmake/cmake)
[0.125s] -- Found rclcpp: 16.0.11 (/opt/ros/humble/share/rclcpp/cmake)
[0.146s] -- Found rosidl_generator_c: 3.1.6 (/opt/ros/humble/share/rosidl_generator_c/cmake)
[0.148s] -- Found rosidl_adapter: 3.1.6 (/opt/ros/humble/share/rosidl_adapter/cmake)
[0.152s] -- Found rosidl_generator_cpp: 3.1.6 (/opt/ros/humble/share/rosidl_generator_cpp/cmake)
[0.160s] -- Using all available rosidl_typesupport_c: rosidl_typesupport_fastrtps_c;rosidl_typesupport_introspection_c
[0.169s] -- Using all available rosidl_typesupport_cpp: rosidl_typesupport_fastrtps_cpp;rosidl_typesupport_introspection_cpp
[0.192s] -- Found rmw_implementation_cmake: 6.1.2 (/opt/ros/humble/share/rmw_implementation_cmake/cmake)
[0.193s] -- Found rmw_fastrtps_cpp: 6.2.7 (/opt/ros/humble/share/rmw_fastrtps_cpp/cmake)
[0.280s] -- Using RMW implementation 'rmw_fastrtps_cpp' as default
[0.316s] -- Found ament_lint_auto: 0.12.11 (/opt/ros/humble/share/ament_lint_auto/cmake)
[0.369s] -- Added test 'cppcheck' to perform static code analysis on C / C++ code
[0.369s] -- Configured cppcheck include dirs: $<BUILD_INTERFACE:/home/ros/ros_learn/ws01_plumbing/src/cpp05_names/include>
[0.369s] -- Configured cppcheck exclude dirs and/or files: 
[0.369s] -- Added test 'flake8' to check Python code syntax and style conventions
[0.369s] -- Added test 'lint_cmake' to check CMake code style
[0.369s] -- Added test 'pep257' to check Python code against some of the docstring style conventions in PEP 257
[0.370s] -- Added test 'uncrustify' to check C / C++ code style
[0.370s] -- Configured uncrustify additional arguments: 
[0.370s] -- Added test 'xmllint' to check XML markup files
[0.371s] -- Configuring done
[0.378s] -- Generating done
[0.380s] -- Build files have been written to: /home/ros/ros_learn/ws01_plumbing/build/cpp05_names
[0.402s] [35m[1mConsolidate compiler generated dependencies of target demo01_name[0m
[0.412s] [100%] Built target demo01_name
[0.422s] Invoked command in '/home/ros/ros_learn/ws01_plumbing/build/cpp05_names' returned '0': CMAKE_PREFIX_PATH=${CMAKE_PREFIX_PATH}:/home/ros/ros_learn/ws01_plumbing/install/py04_param:/home/ros/ros_learn/ws01_plumbing/install/py03_action:/home/ros/ros_learn/ws01_plumbing/install/py02_service:/home/ros/ros_learn/ws01_plumbing/install/py01_topic:/opt/ros/humble /usr/bin/cmake --build /home/ros/ros_learn/ws01_plumbing/build/cpp05_names -- -j16 -l16
[0.431s] Invoking command in '/home/ros/ros_learn/ws01_plumbing/build/cpp05_names': CMAKE_PREFIX_PATH=${CMAKE_PREFIX_PATH}:/home/ros/ros_learn/ws01_plumbing/install/py04_param:/home/ros/ros_learn/ws01_plumbing/install/py03_action:/home/ros/ros_learn/ws01_plumbing/install/py02_service:/home/ros/ros_learn/ws01_plumbing/install/py01_topic:/opt/ros/humble /usr/bin/cmake --install /home/ros/ros_learn/ws01_plumbing/build/cpp05_names
[0.436s] -- Install configuration: ""
[0.437s] -- Up-to-date: /home/ros/ros_learn/ws01_plumbing/install/cpp05_names/lib/cpp05_names/demo01_name
[0.437s] -- Installing: /home/ros/ros_learn/ws01_plumbing/install/cpp05_names/share/ament_index/resource_index/package_run_dependencies/cpp05_names
[0.437s] -- Installing: /home/ros/ros_learn/ws01_plumbing/install/cpp05_names/share/ament_index/resource_index/parent_prefix_path/cpp05_names
[0.437s] -- Installing: /home/ros/ros_learn/ws01_plumbing/install/cpp05_names/share/cpp05_names/environment/ament_prefix_path.sh
[0.437s] -- Installing: /home/ros/ros_learn/ws01_plumbing/install/cpp05_names/share/cpp05_names/environment/ament_prefix_path.dsv
[0.437s] -- Installing: /home/ros/ros_learn/ws01_plumbing/install/cpp05_names/share/cpp05_names/environment/path.sh
[0.437s] -- Installing: /home/ros/ros_learn/ws01_plumbing/install/cpp05_names/share/cpp05_names/environment/path.dsv
[0.438s] -- Installing: /home/ros/ros_learn/ws01_plumbing/install/cpp05_names/share/cpp05_names/local_setup.bash
[0.438s] -- Installing: /home/ros/ros_learn/ws01_plumbing/install/cpp05_names/share/cpp05_names/local_setup.sh
[0.438s] -- Installing: /home/ros/ros_learn/ws01_plumbing/install/cpp05_names/share/cpp05_names/local_setup.zsh
[0.438s] -- Installing: /home/ros/ros_learn/ws01_plumbing/install/cpp05_names/share/cpp05_names/local_setup.dsv
[0.438s] -- Installing: /home/ros/ros_learn/ws01_plumbing/install/cpp05_names/share/cpp05_names/package.dsv
[0.438s] -- Installing: /home/ros/ros_learn/ws01_plumbing/install/cpp05_names/share/ament_index/resource_index/packages/cpp05_names
[0.439s] -- Installing: /home/ros/ros_learn/ws01_plumbing/install/cpp05_names/share/cpp05_names/cmake/cpp05_namesConfig.cmake
[0.439s] -- Installing: /home/ros/ros_learn/ws01_plumbing/install/cpp05_names/share/cpp05_names/cmake/cpp05_namesConfig-version.cmake
[0.439s] -- Installing: /home/ros/ros_learn/ws01_plumbing/install/cpp05_names/share/cpp05_names/package.xml
[0.441s] Invoked command in '/home/ros/ros_learn/ws01_plumbing/build/cpp05_names' returned '0': CMAKE_PREFIX_PATH=${CMAKE_PREFIX_PATH}:/home/ros/ros_learn/ws01_plumbing/install/py04_param:/home/ros/ros_learn/ws01_plumbing/install/py03_action:/home/ros/ros_learn/ws01_plumbing/install/py02_service:/home/ros/ros_learn/ws01_plumbing/install/py01_topic:/opt/ros/humble /usr/bin/cmake --install /home/ros/ros_learn/ws01_plumbing/build/cpp05_names
