[0.449s] Invoking command in '/home/ros/ros_learn/ws01_plumbing/src/py04_param': PYTHONPATH=/home/ros/ros_learn/ws01_plumbing/build/py04_param/prefix_override:/usr/lib/python3/dist-packages/colcon_core/task/python/colcon_distutils_commands:/home/ros/ros_learn/ws01_plumbing/install/py04_param/lib/python3.10/site-packages:${PYTHONPATH} /usr/bin/python3 -W ignore:setup.py install is deprecated -W ignore:easy_install command is deprecated setup.py egg_info --egg-base ../../build/py04_param build --build-base /home/ros/ros_learn/ws01_plumbing/build/py04_param/build install --record /home/ros/ros_learn/ws01_plumbing/build/py04_param/install.log --single-version-externally-managed install_data
[0.619s] running egg_info
[0.619s] writing ../../build/py04_param/py04_param.egg-info/PKG-INFO
[0.620s] writing dependency_links to ../../build/py04_param/py04_param.egg-info/dependency_links.txt
[0.620s] writing entry points to ../../build/py04_param/py04_param.egg-info/entry_points.txt
[0.620s] writing requirements to ../../build/py04_param/py04_param.egg-info/requires.txt
[0.620s] writing top-level names to ../../build/py04_param/py04_param.egg-info/top_level.txt
[0.621s] reading manifest file '../../build/py04_param/py04_param.egg-info/SOURCES.txt'
[0.622s] writing manifest file '../../build/py04_param/py04_param.egg-info/SOURCES.txt'
[0.622s] running build
[0.622s] running build_py
[0.622s] running install
[0.623s] running install_lib
[0.623s] running install_data
[0.623s] running install_egg_info
[0.625s] removing '/home/ros/ros_learn/ws01_plumbing/install/py04_param/lib/python3.10/site-packages/py04_param-0.0.0-py3.10.egg-info' (and everything under it)
[0.625s] Copying ../../build/py04_param/py04_param.egg-info to /home/ros/ros_learn/ws01_plumbing/install/py04_param/lib/python3.10/site-packages/py04_param-0.0.0-py3.10.egg-info
[0.626s] running install_scripts
[0.641s] Installing demo00_param_py script to /home/ros/ros_learn/ws01_plumbing/install/py04_param/lib/py04_param
[0.642s] writing list of installed files to '/home/ros/ros_learn/ws01_plumbing/build/py04_param/install.log'
[0.659s] Invoked command in '/home/ros/ros_learn/ws01_plumbing/src/py04_param' returned '0': PYTHONPATH=/home/ros/ros_learn/ws01_plumbing/build/py04_param/prefix_override:/usr/lib/python3/dist-packages/colcon_core/task/python/colcon_distutils_commands:/home/ros/ros_learn/ws01_plumbing/install/py04_param/lib/python3.10/site-packages:${PYTHONPATH} /usr/bin/python3 -W ignore:setup.py install is deprecated -W ignore:easy_install command is deprecated setup.py egg_info --egg-base ../../build/py04_param build --build-base /home/ros/ros_learn/ws01_plumbing/build/py04_param/build install --record /home/ros/ros_learn/ws01_plumbing/build/py04_param/install.log --single-version-externally-managed install_data
