[0.009s] Invoking command in '/home/ros/ros_learn/ws01_plumbing/build/cpp04_param': CMAKE_PREFIX_PATH=${CMAKE_PREFIX_PATH}:/home/ros/ros_learn/ws01_plumbing/install/py04_param:/home/ros/ros_learn/ws01_plumbing/install/py03_action:/home/ros/ros_learn/ws01_plumbing/install/py02_service:/home/ros/ros_learn/ws01_plumbing/install/py01_topic:/opt/ros/humble /usr/bin/cmake --build /home/ros/ros_learn/ws01_plumbing/build/cpp04_param -- -j16 -l16
[0.044s] [35m[1mConsolidate compiler generated dependencies of target demo02_param_client[0m
[0.056s] [ 66%] Built target demo01_param_server
[0.056s] [ 66%] Built target demo00_param
[0.060s] [100%] Built target demo02_param_client
[0.070s] Invoked command in '/home/ros/ros_learn/ws01_plumbing/build/cpp04_param' returned '0': CMAKE_PREFIX_PATH=${CMAKE_PREFIX_PATH}:/home/ros/ros_learn/ws01_plumbing/install/py04_param:/home/ros/ros_learn/ws01_plumbing/install/py03_action:/home/ros/ros_learn/ws01_plumbing/install/py02_service:/home/ros/ros_learn/ws01_plumbing/install/py01_topic:/opt/ros/humble /usr/bin/cmake --build /home/ros/ros_learn/ws01_plumbing/build/cpp04_param -- -j16 -l16
[0.080s] Invoking command in '/home/ros/ros_learn/ws01_plumbing/build/cpp04_param': CMAKE_PREFIX_PATH=${CMAKE_PREFIX_PATH}:/home/ros/ros_learn/ws01_plumbing/install/py04_param:/home/ros/ros_learn/ws01_plumbing/install/py03_action:/home/ros/ros_learn/ws01_plumbing/install/py02_service:/home/ros/ros_learn/ws01_plumbing/install/py01_topic:/opt/ros/humble /usr/bin/cmake --install /home/ros/ros_learn/ws01_plumbing/build/cpp04_param
[0.085s] -- Install configuration: ""
[0.085s] -- Up-to-date: /home/ros/ros_learn/ws01_plumbing/install/cpp04_param/lib/cpp04_param/demo00_param
[0.086s] -- Up-to-date: /home/ros/ros_learn/ws01_plumbing/install/cpp04_param/lib/cpp04_param/demo01_param_server
[0.086s] -- Up-to-date: /home/ros/ros_learn/ws01_plumbing/install/cpp04_param/lib/cpp04_param/demo02_param_client
[0.086s] -- Up-to-date: /home/ros/ros_learn/ws01_plumbing/install/cpp04_param/share/ament_index/resource_index/package_run_dependencies/cpp04_param
[0.086s] -- Up-to-date: /home/ros/ros_learn/ws01_plumbing/install/cpp04_param/share/ament_index/resource_index/parent_prefix_path/cpp04_param
[0.086s] -- Up-to-date: /home/ros/ros_learn/ws01_plumbing/install/cpp04_param/share/cpp04_param/environment/ament_prefix_path.sh
[0.086s] -- Up-to-date: /home/ros/ros_learn/ws01_plumbing/install/cpp04_param/share/cpp04_param/environment/ament_prefix_path.dsv
[0.086s] -- Up-to-date: /home/ros/ros_learn/ws01_plumbing/install/cpp04_param/share/cpp04_param/environment/path.sh
[0.086s] -- Up-to-date: /home/ros/ros_learn/ws01_plumbing/install/cpp04_param/share/cpp04_param/environment/path.dsv
[0.087s] -- Up-to-date: /home/ros/ros_learn/ws01_plumbing/install/cpp04_param/share/cpp04_param/local_setup.bash
[0.087s] -- Up-to-date: /home/ros/ros_learn/ws01_plumbing/install/cpp04_param/share/cpp04_param/local_setup.sh
[0.087s] -- Up-to-date: /home/ros/ros_learn/ws01_plumbing/install/cpp04_param/share/cpp04_param/local_setup.zsh
[0.087s] -- Up-to-date: /home/ros/ros_learn/ws01_plumbing/install/cpp04_param/share/cpp04_param/local_setup.dsv
[0.087s] -- Installing: /home/ros/ros_learn/ws01_plumbing/install/cpp04_param/share/cpp04_param/package.dsv
[0.087s] -- Up-to-date: /home/ros/ros_learn/ws01_plumbing/install/cpp04_param/share/ament_index/resource_index/packages/cpp04_param
[0.087s] -- Up-to-date: /home/ros/ros_learn/ws01_plumbing/install/cpp04_param/share/cpp04_param/cmake/cpp04_paramConfig.cmake
[0.087s] -- Up-to-date: /home/ros/ros_learn/ws01_plumbing/install/cpp04_param/share/cpp04_param/cmake/cpp04_paramConfig-version.cmake
[0.087s] -- Up-to-date: /home/ros/ros_learn/ws01_plumbing/install/cpp04_param/share/cpp04_param/package.xml
[0.088s] Invoked command in '/home/ros/ros_learn/ws01_plumbing/build/cpp04_param' returned '0': CMAKE_PREFIX_PATH=${CMAKE_PREFIX_PATH}:/home/ros/ros_learn/ws01_plumbing/install/py04_param:/home/ros/ros_learn/ws01_plumbing/install/py03_action:/home/ros/ros_learn/ws01_plumbing/install/py02_service:/home/ros/ros_learn/ws01_plumbing/install/py01_topic:/opt/ros/humble /usr/bin/cmake --install /home/ros/ros_learn/ws01_plumbing/build/cpp04_param
