[0.013s] Invoking command in '/home/ros/ros_learn/ws01_plumbing/build/cpp02_service': CMAKE_PREFIX_PATH=/home/ros/ros_learn/ws01_plumbing/install/base_interfaces_demo:/home/ros/ros_learn/ws01_plumbing/install/cpp02_service:/home/ros/ros_learn/ws01_plumbing/install/cpp01_topic:/home/ros/ros_learn/ws01_plumbing/install/py01_topic:/opt/ros/humble /usr/bin/cmake --build /home/ros/ros_learn/ws01_plumbing/build/cpp02_service -- -j16 -l16
[0.056s] [35m[1mConsolidate compiler generated dependencies of target demo02_client[0m
[0.071s] [ 50%] Built target demo01_server
[0.074s] [ 75%] [32mBuilding CXX object CMakeFiles/demo02_client.dir/src/demo02_client.cpp.o[0m
[3.270s] [100%] [32m[1mLinking CXX executable demo02_client[0m
[3.375s] [100%] Built target demo02_client
[3.386s] Invoked command in '/home/ros/ros_learn/ws01_plumbing/build/cpp02_service' returned '0': CMAKE_PREFIX_PATH=/home/ros/ros_learn/ws01_plumbing/install/base_interfaces_demo:/home/ros/ros_learn/ws01_plumbing/install/cpp02_service:/home/ros/ros_learn/ws01_plumbing/install/cpp01_topic:/home/ros/ros_learn/ws01_plumbing/install/py01_topic:/opt/ros/humble /usr/bin/cmake --build /home/ros/ros_learn/ws01_plumbing/build/cpp02_service -- -j16 -l16
[3.396s] Invoking command in '/home/ros/ros_learn/ws01_plumbing/build/cpp02_service': CMAKE_PREFIX_PATH=/home/ros/ros_learn/ws01_plumbing/install/base_interfaces_demo:/home/ros/ros_learn/ws01_plumbing/install/cpp02_service:/home/ros/ros_learn/ws01_plumbing/install/cpp01_topic:/home/ros/ros_learn/ws01_plumbing/install/py01_topic:/opt/ros/humble /usr/bin/cmake --install /home/ros/ros_learn/ws01_plumbing/build/cpp02_service
[3.402s] -- Install configuration: ""
[3.402s] -- Up-to-date: /home/ros/ros_learn/ws01_plumbing/install/cpp02_service/lib/cpp02_service/demo01_server
[3.402s] -- Installing: /home/ros/ros_learn/ws01_plumbing/install/cpp02_service/lib/cpp02_service/demo02_client
[3.403s] -- Set runtime path of "/home/ros/ros_learn/ws01_plumbing/install/cpp02_service/lib/cpp02_service/demo02_client" to ""
[3.403s] -- Up-to-date: /home/ros/ros_learn/ws01_plumbing/install/cpp02_service/share/ament_index/resource_index/package_run_dependencies/cpp02_service
[3.403s] -- Up-to-date: /home/ros/ros_learn/ws01_plumbing/install/cpp02_service/share/ament_index/resource_index/parent_prefix_path/cpp02_service
[3.403s] -- Up-to-date: /home/ros/ros_learn/ws01_plumbing/install/cpp02_service/share/cpp02_service/environment/ament_prefix_path.sh
[3.403s] -- Up-to-date: /home/ros/ros_learn/ws01_plumbing/install/cpp02_service/share/cpp02_service/environment/ament_prefix_path.dsv
[3.403s] -- Up-to-date: /home/ros/ros_learn/ws01_plumbing/install/cpp02_service/share/cpp02_service/environment/path.sh
[3.403s] -- Up-to-date: /home/ros/ros_learn/ws01_plumbing/install/cpp02_service/share/cpp02_service/environment/path.dsv
[3.403s] -- Up-to-date: /home/ros/ros_learn/ws01_plumbing/install/cpp02_service/share/cpp02_service/local_setup.bash
[3.403s] -- Up-to-date: /home/ros/ros_learn/ws01_plumbing/install/cpp02_service/share/cpp02_service/local_setup.sh
[3.403s] -- Up-to-date: /home/ros/ros_learn/ws01_plumbing/install/cpp02_service/share/cpp02_service/local_setup.zsh
[3.403s] -- Up-to-date: /home/ros/ros_learn/ws01_plumbing/install/cpp02_service/share/cpp02_service/local_setup.dsv
[3.403s] -- Installing: /home/ros/ros_learn/ws01_plumbing/install/cpp02_service/share/cpp02_service/package.dsv
[3.404s] -- Up-to-date: /home/ros/ros_learn/ws01_plumbing/install/cpp02_service/share/ament_index/resource_index/packages/cpp02_service
[3.404s] -- Up-to-date: /home/ros/ros_learn/ws01_plumbing/install/cpp02_service/share/cpp02_service/cmake/cpp02_serviceConfig.cmake
[3.404s] -- Up-to-date: /home/ros/ros_learn/ws01_plumbing/install/cpp02_service/share/cpp02_service/cmake/cpp02_serviceConfig-version.cmake
[3.404s] -- Up-to-date: /home/ros/ros_learn/ws01_plumbing/install/cpp02_service/share/cpp02_service/package.xml
[3.405s] Invoked command in '/home/ros/ros_learn/ws01_plumbing/build/cpp02_service' returned '0': CMAKE_PREFIX_PATH=/home/ros/ros_learn/ws01_plumbing/install/base_interfaces_demo:/home/ros/ros_learn/ws01_plumbing/install/cpp02_service:/home/ros/ros_learn/ws01_plumbing/install/cpp01_topic:/home/ros/ros_learn/ws01_plumbing/install/py01_topic:/opt/ros/humble /usr/bin/cmake --install /home/ros/ros_learn/ws01_plumbing/build/cpp02_service
